ARM GAS  /tmp/ccgEfOKF.s 			page 1


   1              		.cpu cortex-m4
   2              		.eabi_attribute 27, 1
   3              		.eabi_attribute 28, 1
   4              		.eabi_attribute 20, 1
   5              		.eabi_attribute 21, 1
   6              		.eabi_attribute 23, 3
   7              		.eabi_attribute 24, 1
   8              		.eabi_attribute 25, 1
   9              		.eabi_attribute 26, 1
  10              		.eabi_attribute 30, 1
  11              		.eabi_attribute 34, 1
  12              		.eabi_attribute 18, 4
  13              		.file	"app.c"
  14              		.text
  15              		.section	.text.app_run,"ax",%progbits
  16              		.align	1
  17              		.global	app_run
  18              		.arch armv7e-m
  19              		.syntax unified
  20              		.thumb
  21              		.thumb_func
  22              		.fpu fpv4-sp-d16
  24              	app_run:
  25              		@ Volatile: function does not return.
  26              		@ args = 0, pretend = 0, frame = 0
  27              		@ frame_needed = 0, uses_anonymous_args = 0
  28 0000 08B5     		push	{r3, lr}
  29 0002 FFF7FEFF 		bl	hal_init
  30 0006 FFF7FEFF 		bl	os_init
  31 000a FFF7FEFF 		bl	task_0_init
  32 000e FFF7FEFF 		bl	task_1_init
  33 0012 FFF7FEFF 		bl	task_diag_init
  34 0016 4FF47A72 		mov	r2, #1000
  35 001a 0021     		movs	r1, #0
  36 001c 0848     		ldr	r0, .L4
  37 001e FFF7FEFF 		bl	os_add_task
  38 0022 4FF47A72 		mov	r2, #1000
  39 0026 0021     		movs	r1, #0
  40 0028 0648     		ldr	r0, .L4+4
  41 002a FFF7FEFF 		bl	os_add_task
  42 002e 4FF47A72 		mov	r2, #1000
  43 0032 0021     		movs	r1, #0
  44 0034 0448     		ldr	r0, .L4+8
  45 0036 FFF7FEFF 		bl	os_add_task
  46              	.L2:
  47 003a FFF7FEFF 		bl	os_dispatcher
  48 003e FCE7     		b	.L2
  49              	.L5:
  50              		.align	2
  51              	.L4:
  52 0040 00000000 		.word	task_0_run
  53 0044 00000000 		.word	task_1_run
  54 0048 00000000 		.word	task_diag_run
  56              		.ident	"GCC: (15:9-2019-q4-0ubuntu1) 9.2.1 20191025 (release) [ARM/arm-9-branch revision 277599]"
ARM GAS  /tmp/ccgEfOKF.s 			page 2


DEFINED SYMBOLS
                            *ABS*:0000000000000000 app.c
     /tmp/ccgEfOKF.s:16     .text.app_run:0000000000000000 $t
     /tmp/ccgEfOKF.s:24     .text.app_run:0000000000000000 app_run
     /tmp/ccgEfOKF.s:52     .text.app_run:0000000000000040 $d

UNDEFINED SYMBOLS
hal_init
os_init
task_0_init
task_1_init
task_diag_init
os_add_task
os_dispatcher
task_0_run
task_1_run
task_diag_run
