ARM GAS  /tmp/cccXBs8e.s 			page 1


   1              		.cpu cortex-m4
   2              		.eabi_attribute 27, 1
   3              		.eabi_attribute 28, 1
   4              		.eabi_attribute 20, 1
   5              		.eabi_attribute 21, 1
   6              		.eabi_attribute 23, 3
   7              		.eabi_attribute 24, 1
   8              		.eabi_attribute 25, 1
   9              		.eabi_attribute 26, 1
  10              		.eabi_attribute 30, 1
  11              		.eabi_attribute 34, 1
  12              		.eabi_attribute 18, 4
  13              		.file	"can_tables_base.c"
  14              		.text
  15              		.section	.text.map_pgn_id_to_index,"ax",%progbits
  16              		.align	1
  17              		.global	map_pgn_id_to_index
  18              		.arch armv7e-m
  19              		.syntax unified
  20              		.thumb
  21              		.thumb_func
  22              		.fpu fpv4-sp-d16
  24              	map_pgn_id_to_index:
  25              		@ args = 0, pretend = 0, frame = 0
  26              		@ frame_needed = 0, uses_anonymous_args = 0
  27              		@ link register save eliminated.
  28 0000 0146     		mov	r1, r0
  29 0002 0020     		movs	r0, #0
  30              	.L2:
  31 0004 2628     		cmp	r0, #38
  32 0006 07D8     		bhi	.L3
  33 0008 0301     		lsls	r3, r0, #4
  34 000a 044A     		ldr	r2, .L5
  35 000c D358     		ldr	r3, [r2, r3]
  36 000e 8B42     		cmp	r3, r1
  37 0010 02D0     		beq	.L3
  38 0012 0130     		adds	r0, r0, #1
  39 0014 80B2     		uxth	r0, r0
  40 0016 F5E7     		b	.L2
  41              	.L3:
  42 0018 7047     		bx	lr
  43              	.L6:
  44 001a 00BF     		.align	2
  45              	.L5:
  46 001c 00000000 		.word	can_message_st
  48              		.section	.text.map_index_to_pgn_id,"ax",%progbits
  49              		.align	1
  50              		.global	map_index_to_pgn_id
  51              		.syntax unified
  52              		.thumb
  53              		.thumb_func
  54              		.fpu fpv4-sp-d16
  56              	map_index_to_pgn_id:
  57              		@ args = 0, pretend = 0, frame = 0
  58              		@ frame_needed = 0, uses_anonymous_args = 0
  59              		@ link register save eliminated.
  60 0000 0001     		lsls	r0, r0, #4
ARM GAS  /tmp/cccXBs8e.s 			page 2


  61 0002 014B     		ldr	r3, .L8
  62 0004 1858     		ldr	r0, [r3, r0]
  63 0006 7047     		bx	lr
  64              	.L9:
  65              		.align	2
  66              	.L8:
  67 0008 00000000 		.word	can_message_st
  69              		.section	.text.map_signal_id_to_index,"ax",%progbits
  70              		.align	1
  71              		.global	map_signal_id_to_index
  72              		.syntax unified
  73              		.thumb
  74              		.thumb_func
  75              		.fpu fpv4-sp-d16
  77              	map_signal_id_to_index:
  78              		@ args = 0, pretend = 0, frame = 0
  79              		@ frame_needed = 0, uses_anonymous_args = 0
  80              		@ link register save eliminated.
  81 0000 0146     		mov	r1, r0
  82 0002 0020     		movs	r0, #0
  83              	.L11:
  84 0004 2628     		cmp	r0, #38
  85 0006 09D8     		bhi	.L12
  86 0008 C0EBC003 		rsb	r3, r0, r0, lsl #3
  87 000c 044A     		ldr	r2, .L14
  88 000e 32F83330 		ldrh	r3, [r2, r3, lsl #3]
  89 0012 8B42     		cmp	r3, r1
  90 0014 02D0     		beq	.L12
  91 0016 0130     		adds	r0, r0, #1
  92 0018 80B2     		uxth	r0, r0
  93 001a F3E7     		b	.L11
  94              	.L12:
  95 001c 7047     		bx	lr
  96              	.L15:
  97 001e 00BF     		.align	2
  98              	.L14:
  99 0020 00000000 		.word	can_signal_st
 101              		.section	.text.map_index_to_signal_id,"ax",%progbits
 102              		.align	1
 103              		.global	map_index_to_signal_id
 104              		.syntax unified
 105              		.thumb
 106              		.thumb_func
 107              		.fpu fpv4-sp-d16
 109              	map_index_to_signal_id:
 110              		@ args = 0, pretend = 0, frame = 0
 111              		@ frame_needed = 0, uses_anonymous_args = 0
 112              		@ link register save eliminated.
 113 0000 C0EBC000 		rsb	r0, r0, r0, lsl #3
 114 0004 014B     		ldr	r3, .L17
 115 0006 33F83000 		ldrh	r0, [r3, r0, lsl #3]
 116 000a 7047     		bx	lr
 117              	.L18:
 118              		.align	2
 119              	.L17:
 120 000c 00000000 		.word	can_signal_st
 122              		.section	.text.is_valid_signal_index,"ax",%progbits
ARM GAS  /tmp/cccXBs8e.s 			page 3


 123              		.align	1
 124              		.global	is_valid_signal_index
 125              		.syntax unified
 126              		.thumb
 127              		.thumb_func
 128              		.fpu fpv4-sp-d16
 130              	is_valid_signal_index:
 131              		@ args = 0, pretend = 0, frame = 0
 132              		@ frame_needed = 0, uses_anonymous_args = 0
 133              		@ link register save eliminated.
 134 0000 F628     		cmp	r0, #246
 135 0002 01D9     		bls	.L21
 136 0004 0020     		movs	r0, #0
 137 0006 7047     		bx	lr
 138              	.L21:
 139 0008 0120     		movs	r0, #1
 140 000a 7047     		bx	lr
 142              		.ident	"GCC: (15:9-2019-q4-0ubuntu1) 9.2.1 20191025 (release) [ARM/arm-9-branch revision 277599]"
ARM GAS  /tmp/cccXBs8e.s 			page 4


DEFINED SYMBOLS
                            *ABS*:0000000000000000 can_tables_base.c
     /tmp/cccXBs8e.s:16     .text.map_pgn_id_to_index:0000000000000000 $t
     /tmp/cccXBs8e.s:24     .text.map_pgn_id_to_index:0000000000000000 map_pgn_id_to_index
     /tmp/cccXBs8e.s:46     .text.map_pgn_id_to_index:000000000000001c $d
     /tmp/cccXBs8e.s:49     .text.map_index_to_pgn_id:0000000000000000 $t
     /tmp/cccXBs8e.s:56     .text.map_index_to_pgn_id:0000000000000000 map_index_to_pgn_id
     /tmp/cccXBs8e.s:67     .text.map_index_to_pgn_id:0000000000000008 $d
     /tmp/cccXBs8e.s:70     .text.map_signal_id_to_index:0000000000000000 $t
     /tmp/cccXBs8e.s:77     .text.map_signal_id_to_index:0000000000000000 map_signal_id_to_index
     /tmp/cccXBs8e.s:99     .text.map_signal_id_to_index:0000000000000020 $d
     /tmp/cccXBs8e.s:102    .text.map_index_to_signal_id:0000000000000000 $t
     /tmp/cccXBs8e.s:109    .text.map_index_to_signal_id:0000000000000000 map_index_to_signal_id
     /tmp/cccXBs8e.s:120    .text.map_index_to_signal_id:000000000000000c $d
     /tmp/cccXBs8e.s:123    .text.is_valid_signal_index:0000000000000000 $t
     /tmp/cccXBs8e.s:130    .text.is_valid_signal_index:0000000000000000 is_valid_signal_index

UNDEFINED SYMBOLS
can_message_st
can_signal_st
