ARM GAS  /tmp/ccccqfLv.s 			page 1


   1              		.cpu cortex-m4
   2              		.eabi_attribute 27, 1
   3              		.eabi_attribute 28, 1
   4              		.eabi_attribute 20, 1
   5              		.eabi_attribute 21, 1
   6              		.eabi_attribute 23, 3
   7              		.eabi_attribute 24, 1
   8              		.eabi_attribute 25, 1
   9              		.eabi_attribute 26, 1
  10              		.eabi_attribute 30, 1
  11              		.eabi_attribute 34, 1
  12              		.eabi_attribute 18, 4
  13              		.file	"delay.c"
  14              		.text
  15              		.section	.text.delay_init,"ax",%progbits
  16              		.align	1
  17              		.global	delay_init
  18              		.arch armv7e-m
  19              		.syntax unified
  20              		.thumb
  21              		.thumb_func
  22              		.fpu fpv4-sp-d16
  24              	delay_init:
  25              		@ args = 0, pretend = 0, frame = 0
  26              		@ frame_needed = 0, uses_anonymous_args = 0
  27 0000 40B1     		cbz	r0, .L3
  28 0002 38B5     		push	{r3, r4, r5, lr}
  29 0004 0C46     		mov	r4, r1
  30 0006 0546     		mov	r5, r0
  31 0008 FFF7FEFF 		bl	hal_get_ticks
  32 000c 2860     		str	r0, [r5]
  33 000e 6C60     		str	r4, [r5, #4]
  34 0010 0020     		movs	r0, #0
  35 0012 38BD     		pop	{r3, r4, r5, pc}
  36              	.L3:
  37 0014 0120     		movs	r0, #1
  38 0016 7047     		bx	lr
  40              		.section	.text.delay_get_status,"ax",%progbits
  41              		.align	1
  42              		.global	delay_get_status
  43              		.syntax unified
  44              		.thumb
  45              		.thumb_func
  46              		.fpu fpv4-sp-d16
  48              	delay_get_status:
  49              		@ args = 0, pretend = 0, frame = 0
  50              		@ frame_needed = 0, uses_anonymous_args = 0
  51 0000 50B1     		cbz	r0, .L10
  52 0002 10B5     		push	{r4, lr}
  53 0004 0446     		mov	r4, r0
  54 0006 FFF7FEFF 		bl	hal_get_ticks
  55 000a 2368     		ldr	r3, [r4]
  56 000c C01A     		subs	r0, r0, r3
  57 000e 6368     		ldr	r3, [r4, #4]
  58 0010 8342     		cmp	r3, r0
  59 0012 03D2     		bcs	.L11
  60 0014 0220     		movs	r0, #2
ARM GAS  /tmp/ccccqfLv.s 			page 2


  61              	.L9:
  62 0016 10BD     		pop	{r4, pc}
  63              	.L10:
  64 0018 0120     		movs	r0, #1
  65 001a 7047     		bx	lr
  66              	.L11:
  67 001c 0320     		movs	r0, #3
  68 001e FAE7     		b	.L9
  70              		.section	.text.delay_reset,"ax",%progbits
  71              		.align	1
  72              		.global	delay_reset
  73              		.syntax unified
  74              		.thumb
  75              		.thumb_func
  76              		.fpu fpv4-sp-d16
  78              	delay_reset:
  79              		@ args = 0, pretend = 0, frame = 0
  80              		@ frame_needed = 0, uses_anonymous_args = 0
  81 0000 30B1     		cbz	r0, .L18
  82 0002 10B5     		push	{r4, lr}
  83 0004 0446     		mov	r4, r0
  84 0006 FFF7FEFF 		bl	hal_get_ticks
  85 000a 2060     		str	r0, [r4]
  86 000c 0020     		movs	r0, #0
  87 000e 10BD     		pop	{r4, pc}
  88              	.L18:
  89 0010 0120     		movs	r0, #1
  90 0012 7047     		bx	lr
  92              		.ident	"GCC: (15:9-2019-q4-0ubuntu1) 9.2.1 20191025 (release) [ARM/arm-9-branch revision 277599]"
ARM GAS  /tmp/ccccqfLv.s 			page 3


DEFINED SYMBOLS
                            *ABS*:0000000000000000 delay.c
     /tmp/ccccqfLv.s:16     .text.delay_init:0000000000000000 $t
     /tmp/ccccqfLv.s:24     .text.delay_init:0000000000000000 delay_init
     /tmp/ccccqfLv.s:41     .text.delay_get_status:0000000000000000 $t
     /tmp/ccccqfLv.s:48     .text.delay_get_status:0000000000000000 delay_get_status
     /tmp/ccccqfLv.s:71     .text.delay_reset:0000000000000000 $t
     /tmp/ccccqfLv.s:78     .text.delay_reset:0000000000000000 delay_reset

UNDEFINED SYMBOLS
hal_get_ticks
