ARM GAS  /tmp/ccohE7I6.s 			page 1


   1              		.cpu cortex-m4
   2              		.eabi_attribute 27, 1
   3              		.eabi_attribute 28, 1
   4              		.eabi_attribute 20, 1
   5              		.eabi_attribute 21, 1
   6              		.eabi_attribute 23, 3
   7              		.eabi_attribute 24, 1
   8              		.eabi_attribute 25, 1
   9              		.eabi_attribute 26, 1
  10              		.eabi_attribute 30, 1
  11              		.eabi_attribute 34, 1
  12              		.eabi_attribute 18, 4
  13              		.file	"hal.c"
  14              		.text
  15              		.section	.text.hal_init,"ax",%progbits
  16              		.align	1
  17              		.global	hal_init
  18              		.arch armv7e-m
  19              		.syntax unified
  20              		.thumb
  21              		.thumb_func
  22              		.fpu fpv4-sp-d16
  24              	hal_init:
  25              		@ args = 0, pretend = 0, frame = 0
  26              		@ frame_needed = 0, uses_anonymous_args = 0
  27              		@ link register save eliminated.
  28 0000 7047     		bx	lr
  30              		.section	.text.hal_get_ticks,"ax",%progbits
  31              		.align	1
  32              		.global	hal_get_ticks
  33              		.syntax unified
  34              		.thumb
  35              		.thumb_func
  36              		.fpu fpv4-sp-d16
  38              	hal_get_ticks:
  39              		@ args = 0, pretend = 0, frame = 0
  40              		@ frame_needed = 0, uses_anonymous_args = 0
  41              		@ link register save eliminated.
  42 0000 0020     		movs	r0, #0
  43 0002 7047     		bx	lr
  45              		.ident	"GCC: (15:9-2019-q4-0ubuntu1) 9.2.1 20191025 (release) [ARM/arm-9-branch revision 277599]"
ARM GAS  /tmp/ccohE7I6.s 			page 2


DEFINED SYMBOLS
                            *ABS*:0000000000000000 hal.c
     /tmp/ccohE7I6.s:16     .text.hal_init:0000000000000000 $t
     /tmp/ccohE7I6.s:24     .text.hal_init:0000000000000000 hal_init
     /tmp/ccohE7I6.s:31     .text.hal_get_ticks:0000000000000000 $t
     /tmp/ccohE7I6.s:38     .text.hal_get_ticks:0000000000000000 hal_get_ticks

NO UNDEFINED SYMBOLS
