ARM GAS  /tmp/ccJpCenJ.s 			page 1


   1              		.cpu cortex-m4
   2              		.eabi_attribute 27, 1
   3              		.eabi_attribute 28, 1
   4              		.eabi_attribute 20, 1
   5              		.eabi_attribute 21, 1
   6              		.eabi_attribute 23, 3
   7              		.eabi_attribute 24, 1
   8              		.eabi_attribute 25, 1
   9              		.eabi_attribute 26, 1
  10              		.eabi_attribute 30, 1
  11              		.eabi_attribute 34, 1
  12              		.eabi_attribute 18, 4
  13              		.file	"main.c"
  14              		.text
  15              		.section	.text.Error_Handler,"ax",%progbits
  16              		.align	1
  17              		.global	Error_Handler
  18              		.arch armv7e-m
  19              		.syntax unified
  20              		.thumb
  21              		.thumb_func
  22              		.fpu fpv4-sp-d16
  24              	Error_Handler:
  25              		@ Volatile: function does not return.
  26              		@ args = 0, pretend = 0, frame = 0
  27              		@ frame_needed = 0, uses_anonymous_args = 0
  28              		@ link register save eliminated.
  29              		.syntax unified
  30              	@ 142 "../Drivers/CMSIS/Include/cmsis_gcc.h" 1
  31 0000 72B6     		cpsid i
  32              	@ 0 "" 2
  33              		.thumb
  34              		.syntax unified
  35              	.L2:
  36 0002 FEE7     		b	.L2
  38              		.section	.text.SystemClock_Config,"ax",%progbits
  39              		.align	1
  40              		.global	SystemClock_Config
  41              		.syntax unified
  42              		.thumb
  43              		.thumb_func
  44              		.fpu fpv4-sp-d16
  46              	SystemClock_Config:
  47              		@ args = 0, pretend = 0, frame = 64
  48              		@ frame_needed = 0, uses_anonymous_args = 0
  49 0000 00B5     		push	{lr}
  50 0002 91B0     		sub	sp, sp, #68
  51 0004 2422     		movs	r2, #36
  52 0006 0021     		movs	r1, #0
  53 0008 07A8     		add	r0, sp, #28
  54 000a FFF7FEFF 		bl	memset
  55 000e 0023     		movs	r3, #0
  56 0010 0193     		str	r3, [sp, #4]
  57 0012 0293     		str	r3, [sp, #8]
  58 0014 0393     		str	r3, [sp, #12]
  59 0016 0493     		str	r3, [sp, #16]
  60 0018 0593     		str	r3, [sp, #20]
ARM GAS  /tmp/ccJpCenJ.s 			page 2


  61 001a 0223     		movs	r3, #2
  62 001c 0693     		str	r3, [sp, #24]
  63 001e 0123     		movs	r3, #1
  64 0020 0A93     		str	r3, [sp, #40]
  65 0022 1023     		movs	r3, #16
  66 0024 0B93     		str	r3, [sp, #44]
  67 0026 06A8     		add	r0, sp, #24
  68 0028 FFF7FEFF 		bl	HAL_RCC_OscConfig
  69 002c 68B9     		cbnz	r0, .L7
  70 002e 0F23     		movs	r3, #15
  71 0030 0193     		str	r3, [sp, #4]
  72 0032 0021     		movs	r1, #0
  73 0034 0291     		str	r1, [sp, #8]
  74 0036 0391     		str	r1, [sp, #12]
  75 0038 0491     		str	r1, [sp, #16]
  76 003a 0591     		str	r1, [sp, #20]
  77 003c 01A8     		add	r0, sp, #4
  78 003e FFF7FEFF 		bl	HAL_RCC_ClockConfig
  79 0042 20B9     		cbnz	r0, .L8
  80 0044 11B0     		add	sp, sp, #68
  81              		@ sp needed
  82 0046 5DF804FB 		ldr	pc, [sp], #4
  83              	.L7:
  84 004a FFF7FEFF 		bl	Error_Handler
  85              	.L8:
  86 004e FFF7FEFF 		bl	Error_Handler
  88              		.section	.text.main,"ax",%progbits
  89              		.align	1
  90              		.global	main
  91              		.syntax unified
  92              		.thumb
  93              		.thumb_func
  94              		.fpu fpv4-sp-d16
  96              	main:
  97              		@ Volatile: function does not return.
  98              		@ args = 0, pretend = 0, frame = 0
  99              		@ frame_needed = 0, uses_anonymous_args = 0
 100 0000 08B5     		push	{r3, lr}
 101 0002 FFF7FEFF 		bl	HAL_Init
 102 0006 FFF7FEFF 		bl	SystemClock_Config
 103 000a FFF7FEFF 		bl	app_run
 104              	.L10:
 105 000e FEE7     		b	.L10
 107              		.ident	"GCC: (15:9-2019-q4-0ubuntu1) 9.2.1 20191025 (release) [ARM/arm-9-branch revision 277599]"
ARM GAS  /tmp/ccJpCenJ.s 			page 3


DEFINED SYMBOLS
                            *ABS*:0000000000000000 main.c
     /tmp/ccJpCenJ.s:16     .text.Error_Handler:0000000000000000 $t
     /tmp/ccJpCenJ.s:24     .text.Error_Handler:0000000000000000 Error_Handler
     /tmp/ccJpCenJ.s:39     .text.SystemClock_Config:0000000000000000 $t
     /tmp/ccJpCenJ.s:46     .text.SystemClock_Config:0000000000000000 SystemClock_Config
     /tmp/ccJpCenJ.s:89     .text.main:0000000000000000 $t
     /tmp/ccJpCenJ.s:96     .text.main:0000000000000000 main

UNDEFINED SYMBOLS
memset
HAL_RCC_OscConfig
HAL_RCC_ClockConfig
HAL_Init
app_run
