ARM GAS  /tmp/ccaMO8wq.s 			page 1


   1              		.cpu cortex-m4
   2              		.eabi_attribute 27, 1
   3              		.eabi_attribute 28, 1
   4              		.eabi_attribute 20, 1
   5              		.eabi_attribute 21, 1
   6              		.eabi_attribute 23, 3
   7              		.eabi_attribute 24, 1
   8              		.eabi_attribute 25, 1
   9              		.eabi_attribute 26, 1
  10              		.eabi_attribute 30, 1
  11              		.eabi_attribute 34, 1
  12              		.eabi_attribute 18, 4
  13              		.file	"os.c"
  14              		.text
  15              		.section	.text.os_init,"ax",%progbits
  16              		.align	1
  17              		.global	os_init
  18              		.arch armv7e-m
  19              		.syntax unified
  20              		.thumb
  21              		.thumb_func
  22              		.fpu fpv4-sp-d16
  24              	os_init:
  25              		@ args = 0, pretend = 0, frame = 0
  26              		@ frame_needed = 0, uses_anonymous_args = 0
  27              		@ link register save eliminated.
  28 0000 7047     		bx	lr
  30              		.section	.text.os_add_task,"ax",%progbits
  31              		.align	1
  32              		.global	os_add_task
  33              		.syntax unified
  34              		.thumb
  35              		.thumb_func
  36              		.fpu fpv4-sp-d16
  38              	os_add_task:
  39              		@ args = 0, pretend = 0, frame = 0
  40              		@ frame_needed = 0, uses_anonymous_args = 0
  41              		@ link register save eliminated.
  42 0000 7047     		bx	lr
  44              		.section	.text.os_dispatcher,"ax",%progbits
  45              		.align	1
  46              		.global	os_dispatcher
  47              		.syntax unified
  48              		.thumb
  49              		.thumb_func
  50              		.fpu fpv4-sp-d16
  52              	os_dispatcher:
  53              		@ args = 0, pretend = 0, frame = 0
  54              		@ frame_needed = 0, uses_anonymous_args = 0
  55              		@ link register save eliminated.
  56 0000 7047     		bx	lr
  58              		.ident	"GCC: (15:9-2019-q4-0ubuntu1) 9.2.1 20191025 (release) [ARM/arm-9-branch revision 277599]"
ARM GAS  /tmp/ccaMO8wq.s 			page 2


DEFINED SYMBOLS
                            *ABS*:0000000000000000 os.c
     /tmp/ccaMO8wq.s:16     .text.os_init:0000000000000000 $t
     /tmp/ccaMO8wq.s:24     .text.os_init:0000000000000000 os_init
     /tmp/ccaMO8wq.s:31     .text.os_add_task:0000000000000000 $t
     /tmp/ccaMO8wq.s:38     .text.os_add_task:0000000000000000 os_add_task
     /tmp/ccaMO8wq.s:45     .text.os_dispatcher:0000000000000000 $t
     /tmp/ccaMO8wq.s:52     .text.os_dispatcher:0000000000000000 os_dispatcher

NO UNDEFINED SYMBOLS
