ARM GAS  /tmp/cc4KQ5o5.s 			page 1


   1              		.cpu cortex-m4
   2              		.eabi_attribute 27, 1
   3              		.eabi_attribute 28, 1
   4              		.eabi_attribute 20, 1
   5              		.eabi_attribute 21, 1
   6              		.eabi_attribute 23, 3
   7              		.eabi_attribute 24, 1
   8              		.eabi_attribute 25, 1
   9              		.eabi_attribute 26, 1
  10              		.eabi_attribute 30, 1
  11              		.eabi_attribute 34, 1
  12              		.eabi_attribute 18, 4
  13              		.file	"stm32f3xx_hal_flash_ex.c"
  14              		.text
  15              		.section	.text.FLASH_MassErase,"ax",%progbits
  16              		.align	1
  17              		.arch armv7e-m
  18              		.syntax unified
  19              		.thumb
  20              		.thumb_func
  21              		.fpu fpv4-sp-d16
  23              	FLASH_MassErase:
  24              		@ args = 0, pretend = 0, frame = 0
  25              		@ frame_needed = 0, uses_anonymous_args = 0
  26              		@ link register save eliminated.
  27 0000 064B     		ldr	r3, .L2
  28 0002 0022     		movs	r2, #0
  29 0004 DA61     		str	r2, [r3, #28]
  30 0006 064B     		ldr	r3, .L2+4
  31 0008 1A69     		ldr	r2, [r3, #16]
  32 000a 42F00402 		orr	r2, r2, #4
  33 000e 1A61     		str	r2, [r3, #16]
  34 0010 1A69     		ldr	r2, [r3, #16]
  35 0012 42F04002 		orr	r2, r2, #64
  36 0016 1A61     		str	r2, [r3, #16]
  37 0018 7047     		bx	lr
  38              	.L3:
  39 001a 00BF     		.align	2
  40              	.L2:
  41 001c 00000000 		.word	pFlash
  42 0020 00200240 		.word	1073881088
  44              		.section	.text.FLASH_OB_GetWRP,"ax",%progbits
  45              		.align	1
  46              		.syntax unified
  47              		.thumb
  48              		.thumb_func
  49              		.fpu fpv4-sp-d16
  51              	FLASH_OB_GetWRP:
  52              		@ args = 0, pretend = 0, frame = 0
  53              		@ frame_needed = 0, uses_anonymous_args = 0
  54              		@ link register save eliminated.
  55 0000 014B     		ldr	r3, .L5
  56 0002 186A     		ldr	r0, [r3, #32]
  57 0004 7047     		bx	lr
  58              	.L6:
  59 0006 00BF     		.align	2
  60              	.L5:
ARM GAS  /tmp/cc4KQ5o5.s 			page 2


  61 0008 00200240 		.word	1073881088
  63              		.section	.text.FLASH_OB_GetRDP,"ax",%progbits
  64              		.align	1
  65              		.syntax unified
  66              		.thumb
  67              		.thumb_func
  68              		.fpu fpv4-sp-d16
  70              	FLASH_OB_GetRDP:
  71              		@ args = 0, pretend = 0, frame = 0
  72              		@ frame_needed = 0, uses_anonymous_args = 0
  73              		@ link register save eliminated.
  74 0000 064B     		ldr	r3, .L11
  75 0002 DB69     		ldr	r3, [r3, #28]
  76 0004 03F00603 		and	r3, r3, #6
  77 0008 062B     		cmp	r3, #6
  78 000a 02D0     		beq	.L9
  79 000c 1BB9     		cbnz	r3, .L10
  80 000e AA20     		movs	r0, #170
  81 0010 7047     		bx	lr
  82              	.L9:
  83 0012 CC20     		movs	r0, #204
  84 0014 7047     		bx	lr
  85              	.L10:
  86 0016 BB20     		movs	r0, #187
  87 0018 7047     		bx	lr
  88              	.L12:
  89 001a 00BF     		.align	2
  90              	.L11:
  91 001c 00200240 		.word	1073881088
  93              		.section	.text.FLASH_OB_RDP_LevelConfig,"ax",%progbits
  94              		.align	1
  95              		.syntax unified
  96              		.thumb
  97              		.thumb_func
  98              		.fpu fpv4-sp-d16
 100              	FLASH_OB_RDP_LevelConfig:
 101              		@ args = 0, pretend = 0, frame = 0
 102              		@ frame_needed = 0, uses_anonymous_args = 0
 103 0000 38B5     		push	{r3, r4, r5, lr}
 104 0002 0546     		mov	r5, r0
 105 0004 4CF25030 		movw	r0, #50000
 106 0008 FFF7FEFF 		bl	FLASH_WaitForLastOperation
 107 000c 00B1     		cbz	r0, .L16
 108              	.L14:
 109 000e 38BD     		pop	{r3, r4, r5, pc}
 110              	.L16:
 111 0010 124B     		ldr	r3, .L17
 112 0012 0022     		movs	r2, #0
 113 0014 DA61     		str	r2, [r3, #28]
 114 0016 124C     		ldr	r4, .L17+4
 115 0018 2369     		ldr	r3, [r4, #16]
 116 001a 43F02003 		orr	r3, r3, #32
 117 001e 2361     		str	r3, [r4, #16]
 118 0020 2369     		ldr	r3, [r4, #16]
 119 0022 43F04003 		orr	r3, r3, #64
 120 0026 2361     		str	r3, [r4, #16]
 121 0028 4CF25030 		movw	r0, #50000
ARM GAS  /tmp/cc4KQ5o5.s 			page 3


 122 002c FFF7FEFF 		bl	FLASH_WaitForLastOperation
 123 0030 2369     		ldr	r3, [r4, #16]
 124 0032 23F02003 		bic	r3, r3, #32
 125 0036 2361     		str	r3, [r4, #16]
 126 0038 0028     		cmp	r0, #0
 127 003a E8D1     		bne	.L14
 128 003c 2369     		ldr	r3, [r4, #16]
 129 003e 43F01003 		orr	r3, r3, #16
 130 0042 2361     		str	r3, [r4, #16]
 131 0044 A8B2     		uxth	r0, r5
 132 0046 074B     		ldr	r3, .L17+8
 133 0048 1880     		strh	r0, [r3]	@ movhi
 134 004a 4CF25030 		movw	r0, #50000
 135 004e FFF7FEFF 		bl	FLASH_WaitForLastOperation
 136 0052 2369     		ldr	r3, [r4, #16]
 137 0054 23F01003 		bic	r3, r3, #16
 138 0058 2361     		str	r3, [r4, #16]
 139 005a D8E7     		b	.L14
 140              	.L18:
 141              		.align	2
 142              	.L17:
 143 005c 00000000 		.word	pFlash
 144 0060 00200240 		.word	1073881088
 145 0064 00F8FF1F 		.word	536868864
 147              		.section	.text.FLASH_OB_UserConfig,"ax",%progbits
 148              		.align	1
 149              		.syntax unified
 150              		.thumb
 151              		.thumb_func
 152              		.fpu fpv4-sp-d16
 154              	FLASH_OB_UserConfig:
 155              		@ args = 0, pretend = 0, frame = 0
 156              		@ frame_needed = 0, uses_anonymous_args = 0
 157 0000 38B5     		push	{r3, r4, r5, lr}
 158 0002 0446     		mov	r4, r0
 159 0004 4CF25030 		movw	r0, #50000
 160 0008 FFF7FEFF 		bl	FLASH_WaitForLastOperation
 161 000c 00B1     		cbz	r0, .L22
 162              	.L20:
 163 000e 38BD     		pop	{r3, r4, r5, pc}
 164              	.L22:
 165 0010 0A4B     		ldr	r3, .L23
 166 0012 0022     		movs	r2, #0
 167 0014 DA61     		str	r2, [r3, #28]
 168 0016 0A4D     		ldr	r5, .L23+4
 169 0018 2B69     		ldr	r3, [r5, #16]
 170 001a 43F01003 		orr	r3, r3, #16
 171 001e 2B61     		str	r3, [r5, #16]
 172 0020 44F08800 		orr	r0, r4, #136
 173 0024 074B     		ldr	r3, .L23+8
 174 0026 5880     		strh	r0, [r3, #2]	@ movhi
 175 0028 4CF25030 		movw	r0, #50000
 176 002c FFF7FEFF 		bl	FLASH_WaitForLastOperation
 177 0030 2B69     		ldr	r3, [r5, #16]
 178 0032 23F01003 		bic	r3, r3, #16
 179 0036 2B61     		str	r3, [r5, #16]
 180 0038 E9E7     		b	.L20
ARM GAS  /tmp/cc4KQ5o5.s 			page 4


 181              	.L24:
 182 003a 00BF     		.align	2
 183              	.L23:
 184 003c 00000000 		.word	pFlash
 185 0040 00200240 		.word	1073881088
 186 0044 00F8FF1F 		.word	536868864
 188              		.section	.text.FLASH_OB_ProgramData,"ax",%progbits
 189              		.align	1
 190              		.syntax unified
 191              		.thumb
 192              		.thumb_func
 193              		.fpu fpv4-sp-d16
 195              	FLASH_OB_ProgramData:
 196              		@ args = 0, pretend = 0, frame = 0
 197              		@ frame_needed = 0, uses_anonymous_args = 0
 198 0000 70B5     		push	{r4, r5, r6, lr}
 199 0002 0546     		mov	r5, r0
 200 0004 0C46     		mov	r4, r1
 201 0006 4CF25030 		movw	r0, #50000
 202 000a FFF7FEFF 		bl	FLASH_WaitForLastOperation
 203 000e 00B1     		cbz	r0, .L28
 204              	.L26:
 205 0010 70BD     		pop	{r4, r5, r6, pc}
 206              	.L28:
 207 0012 094B     		ldr	r3, .L29
 208 0014 0022     		movs	r2, #0
 209 0016 DA61     		str	r2, [r3, #28]
 210 0018 084E     		ldr	r6, .L29+4
 211 001a 3369     		ldr	r3, [r6, #16]
 212 001c 43F01003 		orr	r3, r3, #16
 213 0020 3361     		str	r3, [r6, #16]
 214 0022 A1B2     		uxth	r1, r4
 215 0024 2980     		strh	r1, [r5]	@ movhi
 216 0026 4CF25030 		movw	r0, #50000
 217 002a FFF7FEFF 		bl	FLASH_WaitForLastOperation
 218 002e 3369     		ldr	r3, [r6, #16]
 219 0030 23F01003 		bic	r3, r3, #16
 220 0034 3361     		str	r3, [r6, #16]
 221 0036 EBE7     		b	.L26
 222              	.L30:
 223              		.align	2
 224              	.L29:
 225 0038 00000000 		.word	pFlash
 226 003c 00200240 		.word	1073881088
 228              		.section	.text.FLASH_OB_GetUser,"ax",%progbits
 229              		.align	1
 230              		.syntax unified
 231              		.thumb
 232              		.thumb_func
 233              		.fpu fpv4-sp-d16
 235              	FLASH_OB_GetUser:
 236              		@ args = 0, pretend = 0, frame = 0
 237              		@ frame_needed = 0, uses_anonymous_args = 0
 238              		@ link register save eliminated.
 239 0000 064B     		ldr	r3, .L32
 240 0002 D869     		ldr	r0, [r3, #28]
 241 0004 00F4EE40 		and	r0, r0, #30464
ARM GAS  /tmp/cc4KQ5o5.s 			page 5


 242 0008 4FF48073 		mov	r3, #256
 243              		.syntax unified
 244              	@ 988 "../Drivers/CMSIS/Include/cmsis_gcc.h" 1
 245 000c 93FAA3F3 		rbit r3, r3
 246              	@ 0 "" 2
 247              		.thumb
 248              		.syntax unified
 249 0010 B3FA83F3 		clz	r3, r3
 250 0014 D840     		lsrs	r0, r0, r3
 251 0016 C0B2     		uxtb	r0, r0
 252 0018 7047     		bx	lr
 253              	.L33:
 254 001a 00BF     		.align	2
 255              	.L32:
 256 001c 00200240 		.word	1073881088
 258              		.section	.text.HAL_FLASHEx_OBErase,"ax",%progbits
 259              		.align	1
 260              		.global	HAL_FLASHEx_OBErase
 261              		.syntax unified
 262              		.thumb
 263              		.thumb_func
 264              		.fpu fpv4-sp-d16
 266              	HAL_FLASHEx_OBErase:
 267              		@ args = 0, pretend = 0, frame = 0
 268              		@ frame_needed = 0, uses_anonymous_args = 0
 269 0000 38B5     		push	{r3, r4, r5, lr}
 270 0002 FFF7FEFF 		bl	FLASH_OB_GetRDP
 271 0006 C5B2     		uxtb	r5, r0
 272 0008 4CF25030 		movw	r0, #50000
 273 000c FFF7FEFF 		bl	FLASH_WaitForLastOperation
 274 0010 00B1     		cbz	r0, .L37
 275              	.L35:
 276 0012 38BD     		pop	{r3, r4, r5, pc}
 277              	.L37:
 278 0014 0C4B     		ldr	r3, .L38
 279 0016 0022     		movs	r2, #0
 280 0018 DA61     		str	r2, [r3, #28]
 281 001a 0C4C     		ldr	r4, .L38+4
 282 001c 2369     		ldr	r3, [r4, #16]
 283 001e 43F02003 		orr	r3, r3, #32
 284 0022 2361     		str	r3, [r4, #16]
 285 0024 2369     		ldr	r3, [r4, #16]
 286 0026 43F04003 		orr	r3, r3, #64
 287 002a 2361     		str	r3, [r4, #16]
 288 002c 4CF25030 		movw	r0, #50000
 289 0030 FFF7FEFF 		bl	FLASH_WaitForLastOperation
 290 0034 2369     		ldr	r3, [r4, #16]
 291 0036 23F02003 		bic	r3, r3, #32
 292 003a 2361     		str	r3, [r4, #16]
 293 003c 0028     		cmp	r0, #0
 294 003e E8D1     		bne	.L35
 295 0040 2846     		mov	r0, r5
 296 0042 FFF7FEFF 		bl	FLASH_OB_RDP_LevelConfig
 297 0046 E4E7     		b	.L35
 298              	.L39:
 299              		.align	2
 300              	.L38:
ARM GAS  /tmp/cc4KQ5o5.s 			page 6


 301 0048 00000000 		.word	pFlash
 302 004c 00200240 		.word	1073881088
 304              		.section	.text.FLASH_OB_EnableWRP,"ax",%progbits
 305              		.align	1
 306              		.syntax unified
 307              		.thumb
 308              		.thumb_func
 309              		.fpu fpv4-sp-d16
 311              	FLASH_OB_EnableWRP:
 312              		@ args = 0, pretend = 0, frame = 0
 313              		@ frame_needed = 0, uses_anonymous_args = 0
 314 0000 F8B5     		push	{r3, r4, r5, r6, r7, lr}
 315 0002 0446     		mov	r4, r0
 316 0004 FFF7FEFF 		bl	FLASH_OB_GetWRP
 317 0008 20EA0400 		bic	r0, r0, r4
 318 000c C5B2     		uxtb	r5, r0
 319 000e C0F30727 		ubfx	r7, r0, #8, #8
 320 0012 C0F30746 		ubfx	r6, r0, #16, #8
 321 0016 040E     		lsrs	r4, r0, #24
 322 0018 4CF25030 		movw	r0, #50000
 323 001c FFF7FEFF 		bl	FLASH_WaitForLastOperation
 324 0020 0346     		mov	r3, r0
 325 0022 08B1     		cbz	r0, .L47
 326              	.L41:
 327 0024 1846     		mov	r0, r3
 328 0026 F8BD     		pop	{r3, r4, r5, r6, r7, pc}
 329              	.L47:
 330 0028 224B     		ldr	r3, .L52
 331 002a 0022     		movs	r2, #0
 332 002c DA61     		str	r2, [r3, #28]
 333 002e FFF7FEFF 		bl	HAL_FLASHEx_OBErase
 334 0032 0346     		mov	r3, r0
 335 0034 0028     		cmp	r0, #0
 336 0036 F5D1     		bne	.L41
 337 0038 1F49     		ldr	r1, .L52+4
 338 003a 0A69     		ldr	r2, [r1, #16]
 339 003c 42F01002 		orr	r2, r2, #16
 340 0040 0A61     		str	r2, [r1, #16]
 341 0042 FF2D     		cmp	r5, #255
 342 0044 0ED1     		bne	.L48
 343              	.L42:
 344 0046 0BB9     		cbnz	r3, .L43
 345 0048 FF2F     		cmp	r7, #255
 346 004a 15D1     		bne	.L49
 347              	.L43:
 348 004c 0BB9     		cbnz	r3, .L44
 349 004e FF2E     		cmp	r6, #255
 350 0050 1CD1     		bne	.L50
 351              	.L44:
 352 0052 0BB9     		cbnz	r3, .L45
 353 0054 FF2C     		cmp	r4, #255
 354 0056 23D1     		bne	.L51
 355              	.L45:
 356 0058 1749     		ldr	r1, .L52+4
 357 005a 0A69     		ldr	r2, [r1, #16]
 358 005c 22F01002 		bic	r2, r2, #16
 359 0060 0A61     		str	r2, [r1, #16]
ARM GAS  /tmp/cc4KQ5o5.s 			page 7


 360 0062 DFE7     		b	.L41
 361              	.L48:
 362 0064 154B     		ldr	r3, .L52+8
 363 0066 1A89     		ldrh	r2, [r3, #8]
 364 0068 1540     		ands	r5, r5, r2
 365 006a 1D81     		strh	r5, [r3, #8]	@ movhi
 366 006c 4CF25030 		movw	r0, #50000
 367 0070 FFF7FEFF 		bl	FLASH_WaitForLastOperation
 368 0074 0346     		mov	r3, r0
 369 0076 E6E7     		b	.L42
 370              	.L49:
 371 0078 104B     		ldr	r3, .L52+8
 372 007a 5A89     		ldrh	r2, [r3, #10]
 373 007c 1740     		ands	r7, r7, r2
 374 007e 5F81     		strh	r7, [r3, #10]	@ movhi
 375 0080 4CF25030 		movw	r0, #50000
 376 0084 FFF7FEFF 		bl	FLASH_WaitForLastOperation
 377 0088 0346     		mov	r3, r0
 378 008a DFE7     		b	.L43
 379              	.L50:
 380 008c 0B4B     		ldr	r3, .L52+8
 381 008e 9A89     		ldrh	r2, [r3, #12]
 382 0090 1640     		ands	r6, r6, r2
 383 0092 9E81     		strh	r6, [r3, #12]	@ movhi
 384 0094 4CF25030 		movw	r0, #50000
 385 0098 FFF7FEFF 		bl	FLASH_WaitForLastOperation
 386 009c 0346     		mov	r3, r0
 387 009e D8E7     		b	.L44
 388              	.L51:
 389 00a0 064B     		ldr	r3, .L52+8
 390 00a2 D889     		ldrh	r0, [r3, #14]
 391 00a4 2040     		ands	r0, r0, r4
 392 00a6 D881     		strh	r0, [r3, #14]	@ movhi
 393 00a8 4CF25030 		movw	r0, #50000
 394 00ac FFF7FEFF 		bl	FLASH_WaitForLastOperation
 395 00b0 0346     		mov	r3, r0
 396 00b2 D1E7     		b	.L45
 397              	.L53:
 398              		.align	2
 399              	.L52:
 400 00b4 00000000 		.word	pFlash
 401 00b8 00200240 		.word	1073881088
 402 00bc 00F8FF1F 		.word	536868864
 404              		.section	.text.FLASH_OB_DisableWRP,"ax",%progbits
 405              		.align	1
 406              		.syntax unified
 407              		.thumb
 408              		.thumb_func
 409              		.fpu fpv4-sp-d16
 411              	FLASH_OB_DisableWRP:
 412              		@ args = 0, pretend = 0, frame = 0
 413              		@ frame_needed = 0, uses_anonymous_args = 0
 414 0000 F8B5     		push	{r3, r4, r5, r6, r7, lr}
 415 0002 0446     		mov	r4, r0
 416 0004 FFF7FEFF 		bl	FLASH_OB_GetWRP
 417 0008 2043     		orrs	r0, r0, r4
 418 000a C5B2     		uxtb	r5, r0
ARM GAS  /tmp/cc4KQ5o5.s 			page 8


 419 000c C0F30727 		ubfx	r7, r0, #8, #8
 420 0010 C0F30746 		ubfx	r6, r0, #16, #8
 421 0014 040E     		lsrs	r4, r0, #24
 422 0016 4CF25030 		movw	r0, #50000
 423 001a FFF7FEFF 		bl	FLASH_WaitForLastOperation
 424 001e 0346     		mov	r3, r0
 425 0020 08B1     		cbz	r0, .L61
 426              	.L55:
 427 0022 1846     		mov	r0, r3
 428 0024 F8BD     		pop	{r3, r4, r5, r6, r7, pc}
 429              	.L61:
 430 0026 254B     		ldr	r3, .L66
 431 0028 0022     		movs	r2, #0
 432 002a DA61     		str	r2, [r3, #28]
 433 002c FFF7FEFF 		bl	HAL_FLASHEx_OBErase
 434 0030 0346     		mov	r3, r0
 435 0032 0028     		cmp	r0, #0
 436 0034 F5D1     		bne	.L55
 437 0036 2249     		ldr	r1, .L66+4
 438 0038 0A69     		ldr	r2, [r1, #16]
 439 003a 42F01002 		orr	r2, r2, #16
 440 003e 0A61     		str	r2, [r1, #16]
 441 0040 FF2D     		cmp	r5, #255
 442 0042 0ED1     		bne	.L62
 443              	.L56:
 444 0044 0BB9     		cbnz	r3, .L57
 445 0046 FF2F     		cmp	r7, #255
 446 0048 16D1     		bne	.L63
 447              	.L57:
 448 004a 0BB9     		cbnz	r3, .L58
 449 004c FF2E     		cmp	r6, #255
 450 004e 1ED1     		bne	.L64
 451              	.L58:
 452 0050 0BB9     		cbnz	r3, .L59
 453 0052 FF2C     		cmp	r4, #255
 454 0054 26D1     		bne	.L65
 455              	.L59:
 456 0056 1A49     		ldr	r1, .L66+4
 457 0058 0A69     		ldr	r2, [r1, #16]
 458 005a 22F01002 		bic	r2, r2, #16
 459 005e 0A61     		str	r2, [r1, #16]
 460 0060 DFE7     		b	.L55
 461              	.L62:
 462 0062 184A     		ldr	r2, .L66+8
 463 0064 1389     		ldrh	r3, [r2, #8]
 464 0066 9BB2     		uxth	r3, r3
 465 0068 1D43     		orrs	r5, r5, r3
 466 006a 1581     		strh	r5, [r2, #8]	@ movhi
 467 006c 4CF25030 		movw	r0, #50000
 468 0070 FFF7FEFF 		bl	FLASH_WaitForLastOperation
 469 0074 0346     		mov	r3, r0
 470 0076 E5E7     		b	.L56
 471              	.L63:
 472 0078 124A     		ldr	r2, .L66+8
 473 007a 5389     		ldrh	r3, [r2, #10]
 474 007c 9BB2     		uxth	r3, r3
 475 007e 1F43     		orrs	r7, r7, r3
ARM GAS  /tmp/cc4KQ5o5.s 			page 9


 476 0080 5781     		strh	r7, [r2, #10]	@ movhi
 477 0082 4CF25030 		movw	r0, #50000
 478 0086 FFF7FEFF 		bl	FLASH_WaitForLastOperation
 479 008a 0346     		mov	r3, r0
 480 008c DDE7     		b	.L57
 481              	.L64:
 482 008e 0D4A     		ldr	r2, .L66+8
 483 0090 9389     		ldrh	r3, [r2, #12]
 484 0092 9BB2     		uxth	r3, r3
 485 0094 1E43     		orrs	r6, r6, r3
 486 0096 9681     		strh	r6, [r2, #12]	@ movhi
 487 0098 4CF25030 		movw	r0, #50000
 488 009c FFF7FEFF 		bl	FLASH_WaitForLastOperation
 489 00a0 0346     		mov	r3, r0
 490 00a2 D5E7     		b	.L58
 491              	.L65:
 492 00a4 074B     		ldr	r3, .L66+8
 493 00a6 D889     		ldrh	r0, [r3, #14]
 494 00a8 80B2     		uxth	r0, r0
 495 00aa 2043     		orrs	r0, r0, r4
 496 00ac D881     		strh	r0, [r3, #14]	@ movhi
 497 00ae 4CF25030 		movw	r0, #50000
 498 00b2 FFF7FEFF 		bl	FLASH_WaitForLastOperation
 499 00b6 0346     		mov	r3, r0
 500 00b8 CDE7     		b	.L59
 501              	.L67:
 502 00ba 00BF     		.align	2
 503              	.L66:
 504 00bc 00000000 		.word	pFlash
 505 00c0 00200240 		.word	1073881088
 506 00c4 00F8FF1F 		.word	536868864
 508              		.section	.text.HAL_FLASHEx_OBProgram,"ax",%progbits
 509              		.align	1
 510              		.global	HAL_FLASHEx_OBProgram
 511              		.syntax unified
 512              		.thumb
 513              		.thumb_func
 514              		.fpu fpv4-sp-d16
 516              	HAL_FLASHEx_OBProgram:
 517              		@ args = 0, pretend = 0, frame = 0
 518              		@ frame_needed = 0, uses_anonymous_args = 0
 519 0000 254B     		ldr	r3, .L86
 520 0002 1B7E     		ldrb	r3, [r3, #24]	@ zero_extendqisi2
 521 0004 012B     		cmp	r3, #1
 522 0006 44D0     		beq	.L76
 523 0008 10B5     		push	{r4, lr}
 524 000a 0446     		mov	r4, r0
 525 000c 224B     		ldr	r3, .L86
 526 000e 0122     		movs	r2, #1
 527 0010 1A76     		strb	r2, [r3, #24]
 528 0012 0368     		ldr	r3, [r0]
 529 0014 13F0010F 		tst	r3, #1
 530 0018 0ED0     		beq	.L77
 531 001a 4368     		ldr	r3, [r0, #4]
 532 001c 9342     		cmp	r3, r2
 533 001e 07D0     		beq	.L82
 534 0020 8068     		ldr	r0, [r0, #8]
ARM GAS  /tmp/cc4KQ5o5.s 			page 10


 535 0022 FFF7FEFF 		bl	FLASH_OB_DisableWRP
 536              	.L72:
 537 0026 40B1     		cbz	r0, .L70
 538 0028 1B4B     		ldr	r3, .L86
 539 002a 0022     		movs	r2, #0
 540 002c 1A76     		strb	r2, [r3, #24]
 541 002e 13E0     		b	.L69
 542              	.L82:
 543 0030 8068     		ldr	r0, [r0, #8]
 544 0032 FFF7FEFF 		bl	FLASH_OB_EnableWRP
 545 0036 F6E7     		b	.L72
 546              	.L77:
 547 0038 0120     		movs	r0, #1
 548              	.L70:
 549 003a 2368     		ldr	r3, [r4]
 550 003c 13F0020F 		tst	r3, #2
 551 0040 0BD1     		bne	.L83
 552              	.L73:
 553 0042 2368     		ldr	r3, [r4]
 554 0044 13F0040F 		tst	r3, #4
 555 0048 10D1     		bne	.L84
 556              	.L74:
 557 004a 2368     		ldr	r3, [r4]
 558 004c 13F0080F 		tst	r3, #8
 559 0050 15D1     		bne	.L85
 560              	.L75:
 561 0052 114B     		ldr	r3, .L86
 562 0054 0022     		movs	r2, #0
 563 0056 1A76     		strb	r2, [r3, #24]
 564              	.L69:
 565 0058 10BD     		pop	{r4, pc}
 566              	.L83:
 567 005a 207B     		ldrb	r0, [r4, #12]	@ zero_extendqisi2
 568 005c FFF7FEFF 		bl	FLASH_OB_RDP_LevelConfig
 569 0060 0028     		cmp	r0, #0
 570 0062 EED0     		beq	.L73
 571 0064 0C4B     		ldr	r3, .L86
 572 0066 0022     		movs	r2, #0
 573 0068 1A76     		strb	r2, [r3, #24]
 574 006a F5E7     		b	.L69
 575              	.L84:
 576 006c 607B     		ldrb	r0, [r4, #13]	@ zero_extendqisi2
 577 006e FFF7FEFF 		bl	FLASH_OB_UserConfig
 578 0072 0028     		cmp	r0, #0
 579 0074 E9D0     		beq	.L74
 580 0076 084B     		ldr	r3, .L86
 581 0078 0022     		movs	r2, #0
 582 007a 1A76     		strb	r2, [r3, #24]
 583 007c ECE7     		b	.L69
 584              	.L85:
 585 007e 217D     		ldrb	r1, [r4, #20]	@ zero_extendqisi2
 586 0080 2069     		ldr	r0, [r4, #16]
 587 0082 FFF7FEFF 		bl	FLASH_OB_ProgramData
 588 0086 0028     		cmp	r0, #0
 589 0088 E3D0     		beq	.L75
 590 008a 034B     		ldr	r3, .L86
 591 008c 0022     		movs	r2, #0
ARM GAS  /tmp/cc4KQ5o5.s 			page 11


 592 008e 1A76     		strb	r2, [r3, #24]
 593 0090 E2E7     		b	.L69
 594              	.L76:
 595 0092 0220     		movs	r0, #2
 596 0094 7047     		bx	lr
 597              	.L87:
 598 0096 00BF     		.align	2
 599              	.L86:
 600 0098 00000000 		.word	pFlash
 602              		.section	.text.HAL_FLASHEx_OBGetConfig,"ax",%progbits
 603              		.align	1
 604              		.global	HAL_FLASHEx_OBGetConfig
 605              		.syntax unified
 606              		.thumb
 607              		.thumb_func
 608              		.fpu fpv4-sp-d16
 610              	HAL_FLASHEx_OBGetConfig:
 611              		@ args = 0, pretend = 0, frame = 0
 612              		@ frame_needed = 0, uses_anonymous_args = 0
 613 0000 10B5     		push	{r4, lr}
 614 0002 0446     		mov	r4, r0
 615 0004 0723     		movs	r3, #7
 616 0006 0360     		str	r3, [r0]
 617 0008 FFF7FEFF 		bl	FLASH_OB_GetWRP
 618 000c A060     		str	r0, [r4, #8]
 619 000e FFF7FEFF 		bl	FLASH_OB_GetRDP
 620 0012 2073     		strb	r0, [r4, #12]
 621 0014 FFF7FEFF 		bl	FLASH_OB_GetUser
 622 0018 6073     		strb	r0, [r4, #13]
 623 001a 10BD     		pop	{r4, pc}
 625              		.section	.text.HAL_FLASHEx_OBGetUserData,"ax",%progbits
 626              		.align	1
 627              		.global	HAL_FLASHEx_OBGetUserData
 628              		.syntax unified
 629              		.thumb
 630              		.thumb_func
 631              		.fpu fpv4-sp-d16
 633              	HAL_FLASHEx_OBGetUserData:
 634              		@ args = 0, pretend = 0, frame = 0
 635              		@ frame_needed = 0, uses_anonymous_args = 0
 636              		@ link register save eliminated.
 637 0000 0D4B     		ldr	r3, .L94
 638 0002 9842     		cmp	r0, r3
 639 0004 0BD0     		beq	.L93
 640 0006 0D4B     		ldr	r3, .L94+4
 641 0008 D869     		ldr	r0, [r3, #28]
 642 000a 00F07F40 		and	r0, r0, #-16777216
 643 000e 4FF07F43 		mov	r3, #-16777216
 644              		.syntax unified
 645              	@ 988 "../Drivers/CMSIS/Include/cmsis_gcc.h" 1
 646 0012 93FAA3F3 		rbit r3, r3
 647              	@ 0 "" 2
 648              		.thumb
 649              		.syntax unified
 650 0016 B3FA83F3 		clz	r3, r3
 651 001a D840     		lsrs	r0, r0, r3
 652 001c 7047     		bx	lr
ARM GAS  /tmp/cc4KQ5o5.s 			page 12


 653              	.L93:
 654 001e 074B     		ldr	r3, .L94+4
 655 0020 D869     		ldr	r0, [r3, #28]
 656 0022 00F47F00 		and	r0, r0, #16711680
 657 0026 4FF47F03 		mov	r3, #16711680
 658              		.syntax unified
 659              	@ 988 "../Drivers/CMSIS/Include/cmsis_gcc.h" 1
 660 002a 93FAA3F3 		rbit r3, r3
 661              	@ 0 "" 2
 662              		.thumb
 663              		.syntax unified
 664 002e B3FA83F3 		clz	r3, r3
 665 0032 D840     		lsrs	r0, r0, r3
 666 0034 7047     		bx	lr
 667              	.L95:
 668 0036 00BF     		.align	2
 669              	.L94:
 670 0038 04F8FF1F 		.word	536868868
 671 003c 00200240 		.word	1073881088
 673              		.section	.text.FLASH_PageErase,"ax",%progbits
 674              		.align	1
 675              		.global	FLASH_PageErase
 676              		.syntax unified
 677              		.thumb
 678              		.thumb_func
 679              		.fpu fpv4-sp-d16
 681              	FLASH_PageErase:
 682              		@ args = 0, pretend = 0, frame = 0
 683              		@ frame_needed = 0, uses_anonymous_args = 0
 684              		@ link register save eliminated.
 685 0000 064B     		ldr	r3, .L97
 686 0002 0022     		movs	r2, #0
 687 0004 DA61     		str	r2, [r3, #28]
 688 0006 064B     		ldr	r3, .L97+4
 689 0008 1A69     		ldr	r2, [r3, #16]
 690 000a 42F00202 		orr	r2, r2, #2
 691 000e 1A61     		str	r2, [r3, #16]
 692 0010 5861     		str	r0, [r3, #20]
 693 0012 1A69     		ldr	r2, [r3, #16]
 694 0014 42F04002 		orr	r2, r2, #64
 695 0018 1A61     		str	r2, [r3, #16]
 696 001a 7047     		bx	lr
 697              	.L98:
 698              		.align	2
 699              	.L97:
 700 001c 00000000 		.word	pFlash
 701 0020 00200240 		.word	1073881088
 703              		.section	.text.HAL_FLASHEx_Erase,"ax",%progbits
 704              		.align	1
 705              		.global	HAL_FLASHEx_Erase
 706              		.syntax unified
 707              		.thumb
 708              		.thumb_func
 709              		.fpu fpv4-sp-d16
 711              	HAL_FLASHEx_Erase:
 712              		@ args = 0, pretend = 0, frame = 0
 713              		@ frame_needed = 0, uses_anonymous_args = 0
ARM GAS  /tmp/cc4KQ5o5.s 			page 13


 714 0000 264B     		ldr	r3, .L116
 715 0002 1B7E     		ldrb	r3, [r3, #24]	@ zero_extendqisi2
 716 0004 012B     		cmp	r3, #1
 717 0006 45D0     		beq	.L106
 718 0008 70B5     		push	{r4, r5, r6, lr}
 719 000a 0546     		mov	r5, r0
 720 000c 0E46     		mov	r6, r1
 721 000e 234B     		ldr	r3, .L116
 722 0010 0122     		movs	r2, #1
 723 0012 1A76     		strb	r2, [r3, #24]
 724 0014 0368     		ldr	r3, [r0]
 725 0016 9342     		cmp	r3, r2
 726 0018 20D0     		beq	.L113
 727 001a 4CF25030 		movw	r0, #50000
 728 001e FFF7FEFF 		bl	FLASH_WaitForLastOperation
 729 0022 88BB     		cbnz	r0, .L108
 730 0024 4FF0FF33 		mov	r3, #-1
 731 0028 3360     		str	r3, [r6]
 732 002a 6C68     		ldr	r4, [r5, #4]
 733 002c 0121     		movs	r1, #1
 734              	.L103:
 735 002e AA68     		ldr	r2, [r5, #8]
 736 0030 6B68     		ldr	r3, [r5, #4]
 737 0032 03EBC223 		add	r3, r3, r2, lsl #11
 738 0036 A342     		cmp	r3, r4
 739 0038 27D9     		bls	.L102
 740 003a 2046     		mov	r0, r4
 741 003c FFF7FEFF 		bl	FLASH_PageErase
 742 0040 4CF25030 		movw	r0, #50000
 743 0044 FFF7FEFF 		bl	FLASH_WaitForLastOperation
 744 0048 154A     		ldr	r2, .L116+4
 745 004a 1369     		ldr	r3, [r2, #16]
 746 004c 23F00203 		bic	r3, r3, #2
 747 0050 1361     		str	r3, [r2, #16]
 748 0052 0146     		mov	r1, r0
 749 0054 B0B9     		cbnz	r0, .L114
 750 0056 04F50064 		add	r4, r4, #2048
 751 005a E8E7     		b	.L103
 752              	.L113:
 753 005c 4CF25030 		movw	r0, #50000
 754 0060 FFF7FEFF 		bl	FLASH_WaitForLastOperation
 755 0064 08B1     		cbz	r0, .L115
 756 0066 0121     		movs	r1, #1
 757 0068 0FE0     		b	.L102
 758              	.L115:
 759 006a FFF7FEFF 		bl	FLASH_MassErase
 760 006e 4CF25030 		movw	r0, #50000
 761 0072 FFF7FEFF 		bl	FLASH_WaitForLastOperation
 762 0076 0146     		mov	r1, r0
 763 0078 094A     		ldr	r2, .L116+4
 764 007a 1369     		ldr	r3, [r2, #16]
 765 007c 23F00403 		bic	r3, r3, #4
 766 0080 1361     		str	r3, [r2, #16]
 767 0082 02E0     		b	.L102
 768              	.L114:
 769 0084 3460     		str	r4, [r6]
 770 0086 00E0     		b	.L102
ARM GAS  /tmp/cc4KQ5o5.s 			page 14


 771              	.L108:
 772 0088 0121     		movs	r1, #1
 773              	.L102:
 774 008a 044B     		ldr	r3, .L116
 775 008c 0022     		movs	r2, #0
 776 008e 1A76     		strb	r2, [r3, #24]
 777 0090 0846     		mov	r0, r1
 778 0092 70BD     		pop	{r4, r5, r6, pc}
 779              	.L106:
 780 0094 0221     		movs	r1, #2
 781 0096 0846     		mov	r0, r1
 782 0098 7047     		bx	lr
 783              	.L117:
 784 009a 00BF     		.align	2
 785              	.L116:
 786 009c 00000000 		.word	pFlash
 787 00a0 00200240 		.word	1073881088
 789              		.section	.text.HAL_FLASHEx_Erase_IT,"ax",%progbits
 790              		.align	1
 791              		.global	HAL_FLASHEx_Erase_IT
 792              		.syntax unified
 793              		.thumb
 794              		.thumb_func
 795              		.fpu fpv4-sp-d16
 797              	HAL_FLASHEx_Erase_IT:
 798              		@ args = 0, pretend = 0, frame = 0
 799              		@ frame_needed = 0, uses_anonymous_args = 0
 800 0000 10B5     		push	{r4, lr}
 801 0002 144B     		ldr	r3, .L125
 802 0004 1B7E     		ldrb	r3, [r3, #24]	@ zero_extendqisi2
 803 0006 012B     		cmp	r3, #1
 804 0008 1FD0     		beq	.L121
 805 000a 124B     		ldr	r3, .L125
 806 000c 0122     		movs	r2, #1
 807 000e 1A76     		strb	r2, [r3, #24]
 808 0010 1B78     		ldrb	r3, [r3]	@ zero_extendqisi2
 809 0012 03F0FF04 		and	r4, r3, #255
 810 0016 D3B9     		cbnz	r3, .L122
 811 0018 0F4A     		ldr	r2, .L125+4
 812 001a 1369     		ldr	r3, [r2, #16]
 813 001c 43F4A053 		orr	r3, r3, #5120
 814 0020 1361     		str	r3, [r2, #16]
 815 0022 0368     		ldr	r3, [r0]
 816 0024 012B     		cmp	r3, #1
 817 0026 0AD0     		beq	.L124
 818 0028 0A4B     		ldr	r3, .L125
 819 002a 0122     		movs	r2, #1
 820 002c 1A70     		strb	r2, [r3]
 821 002e 8268     		ldr	r2, [r0, #8]
 822 0030 5A60     		str	r2, [r3, #4]
 823 0032 4068     		ldr	r0, [r0, #4]
 824 0034 9860     		str	r0, [r3, #8]
 825 0036 FFF7FEFF 		bl	FLASH_PageErase
 826              	.L119:
 827 003a 2046     		mov	r0, r4
 828 003c 10BD     		pop	{r4, pc}
 829              	.L124:
ARM GAS  /tmp/cc4KQ5o5.s 			page 15


 830 003e 054B     		ldr	r3, .L125
 831 0040 0222     		movs	r2, #2
 832 0042 1A70     		strb	r2, [r3]
 833 0044 FFF7FEFF 		bl	FLASH_MassErase
 834 0048 F7E7     		b	.L119
 835              	.L121:
 836 004a 0224     		movs	r4, #2
 837 004c F5E7     		b	.L119
 838              	.L122:
 839 004e 0124     		movs	r4, #1
 840 0050 F3E7     		b	.L119
 841              	.L126:
 842 0052 00BF     		.align	2
 843              	.L125:
 844 0054 00000000 		.word	pFlash
 845 0058 00200240 		.word	1073881088
 847              		.ident	"GCC: (15:9-2019-q4-0ubuntu1) 9.2.1 20191025 (release) [ARM/arm-9-branch revision 277599]"
ARM GAS  /tmp/cc4KQ5o5.s 			page 16


DEFINED SYMBOLS
                            *ABS*:0000000000000000 stm32f3xx_hal_flash_ex.c
     /tmp/cc4KQ5o5.s:16     .text.FLASH_MassErase:0000000000000000 $t
     /tmp/cc4KQ5o5.s:23     .text.FLASH_MassErase:0000000000000000 FLASH_MassErase
     /tmp/cc4KQ5o5.s:41     .text.FLASH_MassErase:000000000000001c $d
     /tmp/cc4KQ5o5.s:45     .text.FLASH_OB_GetWRP:0000000000000000 $t
     /tmp/cc4KQ5o5.s:51     .text.FLASH_OB_GetWRP:0000000000000000 FLASH_OB_GetWRP
     /tmp/cc4KQ5o5.s:61     .text.FLASH_OB_GetWRP:0000000000000008 $d
     /tmp/cc4KQ5o5.s:64     .text.FLASH_OB_GetRDP:0000000000000000 $t
     /tmp/cc4KQ5o5.s:70     .text.FLASH_OB_GetRDP:0000000000000000 FLASH_OB_GetRDP
     /tmp/cc4KQ5o5.s:91     .text.FLASH_OB_GetRDP:000000000000001c $d
     /tmp/cc4KQ5o5.s:94     .text.FLASH_OB_RDP_LevelConfig:0000000000000000 $t
     /tmp/cc4KQ5o5.s:100    .text.FLASH_OB_RDP_LevelConfig:0000000000000000 FLASH_OB_RDP_LevelConfig
     /tmp/cc4KQ5o5.s:143    .text.FLASH_OB_RDP_LevelConfig:000000000000005c $d
     /tmp/cc4KQ5o5.s:148    .text.FLASH_OB_UserConfig:0000000000000000 $t
     /tmp/cc4KQ5o5.s:154    .text.FLASH_OB_UserConfig:0000000000000000 FLASH_OB_UserConfig
     /tmp/cc4KQ5o5.s:184    .text.FLASH_OB_UserConfig:000000000000003c $d
     /tmp/cc4KQ5o5.s:189    .text.FLASH_OB_ProgramData:0000000000000000 $t
     /tmp/cc4KQ5o5.s:195    .text.FLASH_OB_ProgramData:0000000000000000 FLASH_OB_ProgramData
     /tmp/cc4KQ5o5.s:225    .text.FLASH_OB_ProgramData:0000000000000038 $d
     /tmp/cc4KQ5o5.s:229    .text.FLASH_OB_GetUser:0000000000000000 $t
     /tmp/cc4KQ5o5.s:235    .text.FLASH_OB_GetUser:0000000000000000 FLASH_OB_GetUser
     /tmp/cc4KQ5o5.s:256    .text.FLASH_OB_GetUser:000000000000001c $d
     /tmp/cc4KQ5o5.s:259    .text.HAL_FLASHEx_OBErase:0000000000000000 $t
     /tmp/cc4KQ5o5.s:266    .text.HAL_FLASHEx_OBErase:0000000000000000 HAL_FLASHEx_OBErase
     /tmp/cc4KQ5o5.s:301    .text.HAL_FLASHEx_OBErase:0000000000000048 $d
     /tmp/cc4KQ5o5.s:305    .text.FLASH_OB_EnableWRP:0000000000000000 $t
     /tmp/cc4KQ5o5.s:311    .text.FLASH_OB_EnableWRP:0000000000000000 FLASH_OB_EnableWRP
     /tmp/cc4KQ5o5.s:400    .text.FLASH_OB_EnableWRP:00000000000000b4 $d
     /tmp/cc4KQ5o5.s:405    .text.FLASH_OB_DisableWRP:0000000000000000 $t
     /tmp/cc4KQ5o5.s:411    .text.FLASH_OB_DisableWRP:0000000000000000 FLASH_OB_DisableWRP
     /tmp/cc4KQ5o5.s:504    .text.FLASH_OB_DisableWRP:00000000000000bc $d
     /tmp/cc4KQ5o5.s:509    .text.HAL_FLASHEx_OBProgram:0000000000000000 $t
     /tmp/cc4KQ5o5.s:516    .text.HAL_FLASHEx_OBProgram:0000000000000000 HAL_FLASHEx_OBProgram
     /tmp/cc4KQ5o5.s:600    .text.HAL_FLASHEx_OBProgram:0000000000000098 $d
     /tmp/cc4KQ5o5.s:603    .text.HAL_FLASHEx_OBGetConfig:0000000000000000 $t
     /tmp/cc4KQ5o5.s:610    .text.HAL_FLASHEx_OBGetConfig:0000000000000000 HAL_FLASHEx_OBGetConfig
     /tmp/cc4KQ5o5.s:626    .text.HAL_FLASHEx_OBGetUserData:0000000000000000 $t
     /tmp/cc4KQ5o5.s:633    .text.HAL_FLASHEx_OBGetUserData:0000000000000000 HAL_FLASHEx_OBGetUserData
     /tmp/cc4KQ5o5.s:670    .text.HAL_FLASHEx_OBGetUserData:0000000000000038 $d
     /tmp/cc4KQ5o5.s:674    .text.FLASH_PageErase:0000000000000000 $t
     /tmp/cc4KQ5o5.s:681    .text.FLASH_PageErase:0000000000000000 FLASH_PageErase
     /tmp/cc4KQ5o5.s:700    .text.FLASH_PageErase:000000000000001c $d
     /tmp/cc4KQ5o5.s:704    .text.HAL_FLASHEx_Erase:0000000000000000 $t
     /tmp/cc4KQ5o5.s:711    .text.HAL_FLASHEx_Erase:0000000000000000 HAL_FLASHEx_Erase
     /tmp/cc4KQ5o5.s:786    .text.HAL_FLASHEx_Erase:000000000000009c $d
     /tmp/cc4KQ5o5.s:790    .text.HAL_FLASHEx_Erase_IT:0000000000000000 $t
     /tmp/cc4KQ5o5.s:797    .text.HAL_FLASHEx_Erase_IT:0000000000000000 HAL_FLASHEx_Erase_IT
     /tmp/cc4KQ5o5.s:844    .text.HAL_FLASHEx_Erase_IT:0000000000000054 $d

UNDEFINED SYMBOLS
pFlash
FLASH_WaitForLastOperation
