ARM GAS  /tmp/ccp7n9u7.s 			page 1


   1              		.cpu cortex-m4
   2              		.eabi_attribute 27, 1
   3              		.eabi_attribute 28, 1
   4              		.eabi_attribute 20, 1
   5              		.eabi_attribute 21, 1
   6              		.eabi_attribute 23, 3
   7              		.eabi_attribute 24, 1
   8              		.eabi_attribute 25, 1
   9              		.eabi_attribute 26, 1
  10              		.eabi_attribute 30, 1
  11              		.eabi_attribute 34, 1
  12              		.eabi_attribute 18, 4
  13              		.file	"stm32f3xx_hal_dma.c"
  14              		.text
  15              		.section	.text.DMA_SetConfig,"ax",%progbits
  16              		.align	1
  17              		.arch armv7e-m
  18              		.syntax unified
  19              		.thumb
  20              		.thumb_func
  21              		.fpu fpv4-sp-d16
  23              	DMA_SetConfig:
  24              		@ args = 0, pretend = 0, frame = 0
  25              		@ frame_needed = 0, uses_anonymous_args = 0
  26              		@ link register save eliminated.
  27 0000 70B4     		push	{r4, r5, r6}
  28 0002 066C     		ldr	r6, [r0, #64]
  29 0004 C56B     		ldr	r5, [r0, #60]
  30 0006 0124     		movs	r4, #1
  31 0008 B440     		lsls	r4, r4, r6
  32 000a 6C60     		str	r4, [r5, #4]
  33 000c 0468     		ldr	r4, [r0]
  34 000e 6360     		str	r3, [r4, #4]
  35 0010 4368     		ldr	r3, [r0, #4]
  36 0012 102B     		cmp	r3, #16
  37 0014 05D0     		beq	.L5
  38 0016 0368     		ldr	r3, [r0]
  39 0018 9960     		str	r1, [r3, #8]
  40 001a 0368     		ldr	r3, [r0]
  41 001c DA60     		str	r2, [r3, #12]
  42              	.L1:
  43 001e 70BC     		pop	{r4, r5, r6}
  44 0020 7047     		bx	lr
  45              	.L5:
  46 0022 0368     		ldr	r3, [r0]
  47 0024 9A60     		str	r2, [r3, #8]
  48 0026 0368     		ldr	r3, [r0]
  49 0028 D960     		str	r1, [r3, #12]
  50 002a F8E7     		b	.L1
  52              		.section	.text.DMA_CalcBaseAndBitshift,"ax",%progbits
  53              		.align	1
  54              		.syntax unified
  55              		.thumb
  56              		.thumb_func
  57              		.fpu fpv4-sp-d16
  59              	DMA_CalcBaseAndBitshift:
  60              		@ args = 0, pretend = 0, frame = 0
ARM GAS  /tmp/ccp7n9u7.s 			page 2


  61              		@ frame_needed = 0, uses_anonymous_args = 0
  62              		@ link register save eliminated.
  63 0000 0268     		ldr	r2, [r0]
  64 0002 0C4B     		ldr	r3, .L9
  65 0004 9A42     		cmp	r2, r3
  66 0006 0AD8     		bhi	.L7
  67 0008 0B4B     		ldr	r3, .L9+4
  68 000a 1344     		add	r3, r3, r2
  69 000c 0B4A     		ldr	r2, .L9+8
  70 000e A2FB0323 		umull	r2, r3, r2, r3
  71 0012 1B09     		lsrs	r3, r3, #4
  72 0014 9B00     		lsls	r3, r3, #2
  73 0016 0364     		str	r3, [r0, #64]
  74 0018 094B     		ldr	r3, .L9+12
  75 001a C363     		str	r3, [r0, #60]
  76 001c 7047     		bx	lr
  77              	.L7:
  78 001e 094B     		ldr	r3, .L9+16
  79 0020 1344     		add	r3, r3, r2
  80 0022 064A     		ldr	r2, .L9+8
  81 0024 A2FB0323 		umull	r2, r3, r2, r3
  82 0028 1B09     		lsrs	r3, r3, #4
  83 002a 9B00     		lsls	r3, r3, #2
  84 002c 0364     		str	r3, [r0, #64]
  85 002e 064B     		ldr	r3, .L9+20
  86 0030 C363     		str	r3, [r0, #60]
  87 0032 7047     		bx	lr
  88              	.L10:
  89              		.align	2
  90              	.L9:
  91 0034 07040240 		.word	1073873927
  92 0038 F8FFFDBF 		.word	-1073872904
  93 003c CDCCCCCC 		.word	-858993459
  94 0040 00000240 		.word	1073872896
  95 0044 F8FBFDBF 		.word	-1073873928
  96 0048 00040240 		.word	1073873920
  98              		.section	.text.HAL_DMA_Init,"ax",%progbits
  99              		.align	1
 100              		.global	HAL_DMA_Init
 101              		.syntax unified
 102              		.thumb
 103              		.thumb_func
 104              		.fpu fpv4-sp-d16
 106              	HAL_DMA_Init:
 107              		@ args = 0, pretend = 0, frame = 0
 108              		@ frame_needed = 0, uses_anonymous_args = 0
 109 0000 20B3     		cbz	r0, .L13
 110 0002 10B5     		push	{r4, lr}
 111 0004 0446     		mov	r4, r0
 112 0006 0223     		movs	r3, #2
 113 0008 80F82130 		strb	r3, [r0, #33]
 114 000c 0168     		ldr	r1, [r0]
 115 000e 0A68     		ldr	r2, [r1]
 116 0010 22F47F52 		bic	r2, r2, #16320
 117 0014 22F03002 		bic	r2, r2, #48
 118 0018 4368     		ldr	r3, [r0, #4]
 119 001a 8068     		ldr	r0, [r0, #8]
ARM GAS  /tmp/ccp7n9u7.s 			page 3


 120 001c 0343     		orrs	r3, r3, r0
 121 001e E068     		ldr	r0, [r4, #12]
 122 0020 0343     		orrs	r3, r3, r0
 123 0022 2069     		ldr	r0, [r4, #16]
 124 0024 0343     		orrs	r3, r3, r0
 125 0026 6069     		ldr	r0, [r4, #20]
 126 0028 0343     		orrs	r3, r3, r0
 127 002a A069     		ldr	r0, [r4, #24]
 128 002c 0343     		orrs	r3, r3, r0
 129 002e E069     		ldr	r0, [r4, #28]
 130 0030 0343     		orrs	r3, r3, r0
 131 0032 1343     		orrs	r3, r3, r2
 132 0034 0B60     		str	r3, [r1]
 133 0036 2046     		mov	r0, r4
 134 0038 FFF7FEFF 		bl	DMA_CalcBaseAndBitshift
 135 003c 0020     		movs	r0, #0
 136 003e A063     		str	r0, [r4, #56]
 137 0040 0123     		movs	r3, #1
 138 0042 84F82130 		strb	r3, [r4, #33]
 139 0046 84F82000 		strb	r0, [r4, #32]
 140 004a 10BD     		pop	{r4, pc}
 141              	.L13:
 142 004c 0120     		movs	r0, #1
 143 004e 7047     		bx	lr
 145              		.section	.text.HAL_DMA_DeInit,"ax",%progbits
 146              		.align	1
 147              		.global	HAL_DMA_DeInit
 148              		.syntax unified
 149              		.thumb
 150              		.thumb_func
 151              		.fpu fpv4-sp-d16
 153              	HAL_DMA_DeInit:
 154              		@ args = 0, pretend = 0, frame = 0
 155              		@ frame_needed = 0, uses_anonymous_args = 0
 156 0000 08B3     		cbz	r0, .L20
 157 0002 38B5     		push	{r3, r4, r5, lr}
 158 0004 0446     		mov	r4, r0
 159 0006 0268     		ldr	r2, [r0]
 160 0008 1368     		ldr	r3, [r2]
 161 000a 23F00103 		bic	r3, r3, #1
 162 000e 1360     		str	r3, [r2]
 163 0010 0368     		ldr	r3, [r0]
 164 0012 0025     		movs	r5, #0
 165 0014 1D60     		str	r5, [r3]
 166 0016 0368     		ldr	r3, [r0]
 167 0018 5D60     		str	r5, [r3, #4]
 168 001a 0368     		ldr	r3, [r0]
 169 001c 9D60     		str	r5, [r3, #8]
 170 001e 0368     		ldr	r3, [r0]
 171 0020 DD60     		str	r5, [r3, #12]
 172 0022 FFF7FEFF 		bl	DMA_CalcBaseAndBitshift
 173 0026 216C     		ldr	r1, [r4, #64]
 174 0028 E26B     		ldr	r2, [r4, #60]
 175 002a 0123     		movs	r3, #1
 176 002c 8B40     		lsls	r3, r3, r1
 177 002e 5360     		str	r3, [r2, #4]
 178 0030 A562     		str	r5, [r4, #40]
ARM GAS  /tmp/ccp7n9u7.s 			page 4


 179 0032 E562     		str	r5, [r4, #44]
 180 0034 2563     		str	r5, [r4, #48]
 181 0036 6563     		str	r5, [r4, #52]
 182 0038 A563     		str	r5, [r4, #56]
 183 003a 84F82150 		strb	r5, [r4, #33]
 184 003e 84F82050 		strb	r5, [r4, #32]
 185 0042 2846     		mov	r0, r5
 186 0044 38BD     		pop	{r3, r4, r5, pc}
 187              	.L20:
 188 0046 0120     		movs	r0, #1
 189 0048 7047     		bx	lr
 191              		.section	.text.HAL_DMA_Start,"ax",%progbits
 192              		.align	1
 193              		.global	HAL_DMA_Start
 194              		.syntax unified
 195              		.thumb
 196              		.thumb_func
 197              		.fpu fpv4-sp-d16
 199              	HAL_DMA_Start:
 200              		@ args = 0, pretend = 0, frame = 0
 201              		@ frame_needed = 0, uses_anonymous_args = 0
 202 0000 70B5     		push	{r4, r5, r6, lr}
 203 0002 0446     		mov	r4, r0
 204 0004 90F82000 		ldrb	r0, [r0, #32]	@ zero_extendqisi2
 205 0008 0128     		cmp	r0, #1
 206 000a 1FD0     		beq	.L28
 207 000c 0120     		movs	r0, #1
 208 000e 84F82000 		strb	r0, [r4, #32]
 209 0012 94F82100 		ldrb	r0, [r4, #33]	@ zero_extendqisi2
 210 0016 0128     		cmp	r0, #1
 211 0018 04D0     		beq	.L30
 212 001a 0023     		movs	r3, #0
 213 001c 84F82030 		strb	r3, [r4, #32]
 214 0020 0220     		movs	r0, #2
 215              	.L26:
 216 0022 70BD     		pop	{r4, r5, r6, pc}
 217              	.L30:
 218 0024 0220     		movs	r0, #2
 219 0026 84F82100 		strb	r0, [r4, #33]
 220 002a 0025     		movs	r5, #0
 221 002c A563     		str	r5, [r4, #56]
 222 002e 2668     		ldr	r6, [r4]
 223 0030 3068     		ldr	r0, [r6]
 224 0032 20F00100 		bic	r0, r0, #1
 225 0036 3060     		str	r0, [r6]
 226 0038 2046     		mov	r0, r4
 227 003a FFF7FEFF 		bl	DMA_SetConfig
 228 003e 2268     		ldr	r2, [r4]
 229 0040 1368     		ldr	r3, [r2]
 230 0042 43F00103 		orr	r3, r3, #1
 231 0046 1360     		str	r3, [r2]
 232 0048 2846     		mov	r0, r5
 233 004a EAE7     		b	.L26
 234              	.L28:
 235 004c 0220     		movs	r0, #2
 236 004e E8E7     		b	.L26
 238              		.section	.text.HAL_DMA_Start_IT,"ax",%progbits
ARM GAS  /tmp/ccp7n9u7.s 			page 5


 239              		.align	1
 240              		.global	HAL_DMA_Start_IT
 241              		.syntax unified
 242              		.thumb
 243              		.thumb_func
 244              		.fpu fpv4-sp-d16
 246              	HAL_DMA_Start_IT:
 247              		@ args = 0, pretend = 0, frame = 0
 248              		@ frame_needed = 0, uses_anonymous_args = 0
 249 0000 38B5     		push	{r3, r4, r5, lr}
 250 0002 0446     		mov	r4, r0
 251 0004 90F82000 		ldrb	r0, [r0, #32]	@ zero_extendqisi2
 252 0008 0128     		cmp	r0, #1
 253 000a 31D0     		beq	.L36
 254 000c 0120     		movs	r0, #1
 255 000e 84F82000 		strb	r0, [r4, #32]
 256 0012 94F82100 		ldrb	r0, [r4, #33]	@ zero_extendqisi2
 257 0016 0128     		cmp	r0, #1
 258 0018 04D0     		beq	.L38
 259 001a 0023     		movs	r3, #0
 260 001c 84F82030 		strb	r3, [r4, #32]
 261 0020 0220     		movs	r0, #2
 262              	.L32:
 263 0022 38BD     		pop	{r3, r4, r5, pc}
 264              	.L38:
 265 0024 0220     		movs	r0, #2
 266 0026 84F82100 		strb	r0, [r4, #33]
 267 002a 0020     		movs	r0, #0
 268 002c A063     		str	r0, [r4, #56]
 269 002e 2568     		ldr	r5, [r4]
 270 0030 2868     		ldr	r0, [r5]
 271 0032 20F00100 		bic	r0, r0, #1
 272 0036 2860     		str	r0, [r5]
 273 0038 2046     		mov	r0, r4
 274 003a FFF7FEFF 		bl	DMA_SetConfig
 275 003e E36A     		ldr	r3, [r4, #44]
 276 0040 5BB1     		cbz	r3, .L34
 277 0042 2268     		ldr	r2, [r4]
 278 0044 1368     		ldr	r3, [r2]
 279 0046 43F00E03 		orr	r3, r3, #14
 280 004a 1360     		str	r3, [r2]
 281              	.L35:
 282 004c 2268     		ldr	r2, [r4]
 283 004e 1368     		ldr	r3, [r2]
 284 0050 43F00103 		orr	r3, r3, #1
 285 0054 1360     		str	r3, [r2]
 286 0056 0020     		movs	r0, #0
 287 0058 E3E7     		b	.L32
 288              	.L34:
 289 005a 2268     		ldr	r2, [r4]
 290 005c 1368     		ldr	r3, [r2]
 291 005e 43F00A03 		orr	r3, r3, #10
 292 0062 1360     		str	r3, [r2]
 293 0064 2268     		ldr	r2, [r4]
 294 0066 1368     		ldr	r3, [r2]
 295 0068 23F00403 		bic	r3, r3, #4
 296 006c 1360     		str	r3, [r2]
ARM GAS  /tmp/ccp7n9u7.s 			page 6


 297 006e EDE7     		b	.L35
 298              	.L36:
 299 0070 0220     		movs	r0, #2
 300 0072 D6E7     		b	.L32
 302              		.section	.text.HAL_DMA_Abort,"ax",%progbits
 303              		.align	1
 304              		.global	HAL_DMA_Abort
 305              		.syntax unified
 306              		.thumb
 307              		.thumb_func
 308              		.fpu fpv4-sp-d16
 310              	HAL_DMA_Abort:
 311              		@ args = 0, pretend = 0, frame = 0
 312              		@ frame_needed = 0, uses_anonymous_args = 0
 313              		@ link register save eliminated.
 314 0000 90F82130 		ldrb	r3, [r0, #33]	@ zero_extendqisi2
 315 0004 022B     		cmp	r3, #2
 316 0006 06D0     		beq	.L40
 317 0008 0423     		movs	r3, #4
 318 000a 8363     		str	r3, [r0, #56]
 319 000c 0023     		movs	r3, #0
 320 000e 80F82030 		strb	r3, [r0, #32]
 321 0012 0120     		movs	r0, #1
 322 0014 7047     		bx	lr
 323              	.L40:
 324 0016 0268     		ldr	r2, [r0]
 325 0018 1368     		ldr	r3, [r2]
 326 001a 23F00E03 		bic	r3, r3, #14
 327 001e 1360     		str	r3, [r2]
 328 0020 0268     		ldr	r2, [r0]
 329 0022 1368     		ldr	r3, [r2]
 330 0024 23F00103 		bic	r3, r3, #1
 331 0028 1360     		str	r3, [r2]
 332 002a 036C     		ldr	r3, [r0, #64]
 333 002c C16B     		ldr	r1, [r0, #60]
 334 002e 0122     		movs	r2, #1
 335 0030 02FA03F3 		lsl	r3, r2, r3
 336 0034 4B60     		str	r3, [r1, #4]
 337 0036 80F82120 		strb	r2, [r0, #33]
 338 003a 0023     		movs	r3, #0
 339 003c 80F82030 		strb	r3, [r0, #32]
 340 0040 1846     		mov	r0, r3
 341 0042 7047     		bx	lr
 343              		.section	.text.HAL_DMA_Abort_IT,"ax",%progbits
 344              		.align	1
 345              		.global	HAL_DMA_Abort_IT
 346              		.syntax unified
 347              		.thumb
 348              		.thumb_func
 349              		.fpu fpv4-sp-d16
 351              	HAL_DMA_Abort_IT:
 352              		@ args = 0, pretend = 0, frame = 0
 353              		@ frame_needed = 0, uses_anonymous_args = 0
 354 0000 08B5     		push	{r3, lr}
 355 0002 90F82130 		ldrb	r3, [r0, #33]	@ zero_extendqisi2
 356 0006 022B     		cmp	r3, #2
 357 0008 03D0     		beq	.L43
ARM GAS  /tmp/ccp7n9u7.s 			page 7


 358 000a 0423     		movs	r3, #4
 359 000c 8363     		str	r3, [r0, #56]
 360 000e 0120     		movs	r0, #1
 361              	.L44:
 362 0010 08BD     		pop	{r3, pc}
 363              	.L43:
 364 0012 0268     		ldr	r2, [r0]
 365 0014 1368     		ldr	r3, [r2]
 366 0016 23F00E03 		bic	r3, r3, #14
 367 001a 1360     		str	r3, [r2]
 368 001c 0268     		ldr	r2, [r0]
 369 001e 1368     		ldr	r3, [r2]
 370 0020 23F00103 		bic	r3, r3, #1
 371 0024 1360     		str	r3, [r2]
 372 0026 036C     		ldr	r3, [r0, #64]
 373 0028 C16B     		ldr	r1, [r0, #60]
 374 002a 0122     		movs	r2, #1
 375 002c 02FA03F3 		lsl	r3, r2, r3
 376 0030 4B60     		str	r3, [r1, #4]
 377 0032 80F82120 		strb	r2, [r0, #33]
 378 0036 0023     		movs	r3, #0
 379 0038 80F82030 		strb	r3, [r0, #32]
 380 003c 436B     		ldr	r3, [r0, #52]
 381 003e 13B1     		cbz	r3, .L45
 382 0040 9847     		blx	r3
 383 0042 0020     		movs	r0, #0
 384 0044 E4E7     		b	.L44
 385              	.L45:
 386 0046 0020     		movs	r0, #0
 387 0048 E2E7     		b	.L44
 389              		.section	.text.HAL_DMA_PollForTransfer,"ax",%progbits
 390              		.align	1
 391              		.global	HAL_DMA_PollForTransfer
 392              		.syntax unified
 393              		.thumb
 394              		.thumb_func
 395              		.fpu fpv4-sp-d16
 397              	HAL_DMA_PollForTransfer:
 398              		@ args = 0, pretend = 0, frame = 0
 399              		@ frame_needed = 0, uses_anonymous_args = 0
 400 0000 2DE9F843 		push	{r3, r4, r5, r6, r7, r8, r9, lr}
 401 0004 0446     		mov	r4, r0
 402 0006 90F82130 		ldrb	r3, [r0, #33]	@ zero_extendqisi2
 403 000a 022B     		cmp	r3, #2
 404 000c 07D0     		beq	.L48
 405 000e 0423     		movs	r3, #4
 406 0010 8363     		str	r3, [r0, #56]
 407 0012 0023     		movs	r3, #0
 408 0014 80F82030 		strb	r3, [r0, #32]
 409 0018 0120     		movs	r0, #1
 410              	.L49:
 411 001a BDE8F883 		pop	{r3, r4, r5, r6, r7, r8, r9, pc}
 412              	.L48:
 413 001e 8846     		mov	r8, r1
 414 0020 1646     		mov	r6, r2
 415 0022 0368     		ldr	r3, [r0]
 416 0024 1B68     		ldr	r3, [r3]
ARM GAS  /tmp/ccp7n9u7.s 			page 8


 417 0026 13F0200F 		tst	r3, #32
 418 002a 23D1     		bne	.L61
 419 002c 39BB     		cbnz	r1, .L51
 420 002e 036C     		ldr	r3, [r0, #64]
 421 0030 0227     		movs	r7, #2
 422 0032 9F40     		lsls	r7, r7, r3
 423              	.L52:
 424 0034 FFF7FEFF 		bl	HAL_GetTick
 425 0038 8146     		mov	r9, r0
 426              	.L55:
 427 003a E56B     		ldr	r5, [r4, #60]
 428 003c 2B68     		ldr	r3, [r5]
 429 003e 3B42     		tst	r3, r7
 430 0040 2CD1     		bne	.L62
 431 0042 2968     		ldr	r1, [r5]
 432 0044 226C     		ldr	r2, [r4, #64]
 433 0046 0823     		movs	r3, #8
 434 0048 9340     		lsls	r3, r3, r2
 435 004a 1942     		tst	r1, r3
 436 004c 1BD1     		bne	.L63
 437 004e B6F1FF3F 		cmp	r6, #-1
 438 0052 F2D0     		beq	.L55
 439 0054 2EB1     		cbz	r6, .L56
 440 0056 FFF7FEFF 		bl	HAL_GetTick
 441 005a A0EB0900 		sub	r0, r0, r9
 442 005e B042     		cmp	r0, r6
 443 0060 EBD9     		bls	.L55
 444              	.L56:
 445 0062 2023     		movs	r3, #32
 446 0064 A363     		str	r3, [r4, #56]
 447 0066 0120     		movs	r0, #1
 448 0068 84F82100 		strb	r0, [r4, #33]
 449 006c 0023     		movs	r3, #0
 450 006e 84F82030 		strb	r3, [r4, #32]
 451 0072 D2E7     		b	.L49
 452              	.L61:
 453 0074 4FF48073 		mov	r3, #256
 454 0078 8363     		str	r3, [r0, #56]
 455 007a 0120     		movs	r0, #1
 456 007c CDE7     		b	.L49
 457              	.L51:
 458 007e 036C     		ldr	r3, [r0, #64]
 459 0080 0427     		movs	r7, #4
 460 0082 9F40     		lsls	r7, r7, r3
 461 0084 D6E7     		b	.L52
 462              	.L63:
 463 0086 0120     		movs	r0, #1
 464 0088 00FA02F2 		lsl	r2, r0, r2
 465 008c 6A60     		str	r2, [r5, #4]
 466 008e A063     		str	r0, [r4, #56]
 467 0090 84F82100 		strb	r0, [r4, #33]
 468 0094 0023     		movs	r3, #0
 469 0096 84F82030 		strb	r3, [r4, #32]
 470 009a BEE7     		b	.L49
 471              	.L62:
 472 009c B8F1000F 		cmp	r8, #0
 473 00a0 0AD1     		bne	.L58
ARM GAS  /tmp/ccp7n9u7.s 			page 9


 474 00a2 226C     		ldr	r2, [r4, #64]
 475 00a4 0223     		movs	r3, #2
 476 00a6 9340     		lsls	r3, r3, r2
 477 00a8 6B60     		str	r3, [r5, #4]
 478 00aa 0123     		movs	r3, #1
 479 00ac 84F82130 		strb	r3, [r4, #33]
 480              	.L59:
 481 00b0 0020     		movs	r0, #0
 482 00b2 84F82000 		strb	r0, [r4, #32]
 483 00b6 B0E7     		b	.L49
 484              	.L58:
 485 00b8 226C     		ldr	r2, [r4, #64]
 486 00ba 0423     		movs	r3, #4
 487 00bc 9340     		lsls	r3, r3, r2
 488 00be 6B60     		str	r3, [r5, #4]
 489 00c0 F6E7     		b	.L59
 491              		.section	.text.HAL_DMA_IRQHandler,"ax",%progbits
 492              		.align	1
 493              		.global	HAL_DMA_IRQHandler
 494              		.syntax unified
 495              		.thumb
 496              		.thumb_func
 497              		.fpu fpv4-sp-d16
 499              	HAL_DMA_IRQHandler:
 500              		@ args = 0, pretend = 0, frame = 0
 501              		@ frame_needed = 0, uses_anonymous_args = 0
 502 0000 38B5     		push	{r3, r4, r5, lr}
 503 0002 C36B     		ldr	r3, [r0, #60]
 504 0004 1A68     		ldr	r2, [r3]
 505 0006 0468     		ldr	r4, [r0]
 506 0008 2568     		ldr	r5, [r4]
 507 000a 016C     		ldr	r1, [r0, #64]
 508 000c 0423     		movs	r3, #4
 509 000e 8B40     		lsls	r3, r3, r1
 510 0010 1342     		tst	r3, r2
 511 0012 13D0     		beq	.L65
 512 0014 15F0040F 		tst	r5, #4
 513 0018 10D0     		beq	.L65
 514 001a 2368     		ldr	r3, [r4]
 515 001c 13F0200F 		tst	r3, #32
 516 0020 03D1     		bne	.L66
 517 0022 2368     		ldr	r3, [r4]
 518 0024 23F00403 		bic	r3, r3, #4
 519 0028 2360     		str	r3, [r4]
 520              	.L66:
 521 002a 016C     		ldr	r1, [r0, #64]
 522 002c C26B     		ldr	r2, [r0, #60]
 523 002e 0423     		movs	r3, #4
 524 0030 8B40     		lsls	r3, r3, r1
 525 0032 5360     		str	r3, [r2, #4]
 526 0034 C36A     		ldr	r3, [r0, #44]
 527 0036 03B1     		cbz	r3, .L64
 528 0038 9847     		blx	r3
 529              	.L64:
 530 003a 38BD     		pop	{r3, r4, r5, pc}
 531              	.L65:
 532 003c 0223     		movs	r3, #2
ARM GAS  /tmp/ccp7n9u7.s 			page 10


 533 003e 8B40     		lsls	r3, r3, r1
 534 0040 1342     		tst	r3, r2
 535 0042 1AD0     		beq	.L68
 536 0044 15F0020F 		tst	r5, #2
 537 0048 17D0     		beq	.L68
 538 004a 2368     		ldr	r3, [r4]
 539 004c 13F0200F 		tst	r3, #32
 540 0050 06D1     		bne	.L69
 541 0052 2368     		ldr	r3, [r4]
 542 0054 23F00A03 		bic	r3, r3, #10
 543 0058 2360     		str	r3, [r4]
 544 005a 0123     		movs	r3, #1
 545 005c 80F82130 		strb	r3, [r0, #33]
 546              	.L69:
 547 0060 016C     		ldr	r1, [r0, #64]
 548 0062 C26B     		ldr	r2, [r0, #60]
 549 0064 0223     		movs	r3, #2
 550 0066 8B40     		lsls	r3, r3, r1
 551 0068 5360     		str	r3, [r2, #4]
 552 006a 0023     		movs	r3, #0
 553 006c 80F82030 		strb	r3, [r0, #32]
 554 0070 836A     		ldr	r3, [r0, #40]
 555 0072 002B     		cmp	r3, #0
 556 0074 E1D0     		beq	.L64
 557 0076 9847     		blx	r3
 558 0078 DFE7     		b	.L64
 559              	.L68:
 560 007a 0823     		movs	r3, #8
 561 007c 03FA01F1 		lsl	r1, r3, r1
 562 0080 1142     		tst	r1, r2
 563 0082 DAD0     		beq	.L64
 564 0084 15F0080F 		tst	r5, #8
 565 0088 D7D0     		beq	.L64
 566 008a 2368     		ldr	r3, [r4]
 567 008c 23F00E03 		bic	r3, r3, #14
 568 0090 2360     		str	r3, [r4]
 569 0092 026C     		ldr	r2, [r0, #64]
 570 0094 C16B     		ldr	r1, [r0, #60]
 571 0096 0123     		movs	r3, #1
 572 0098 03FA02F2 		lsl	r2, r3, r2
 573 009c 4A60     		str	r2, [r1, #4]
 574 009e 8363     		str	r3, [r0, #56]
 575 00a0 80F82130 		strb	r3, [r0, #33]
 576 00a4 0023     		movs	r3, #0
 577 00a6 80F82030 		strb	r3, [r0, #32]
 578 00aa 036B     		ldr	r3, [r0, #48]
 579 00ac 002B     		cmp	r3, #0
 580 00ae C4D0     		beq	.L64
 581 00b0 9847     		blx	r3
 582 00b2 C2E7     		b	.L64
 584              		.section	.text.HAL_DMA_RegisterCallback,"ax",%progbits
 585              		.align	1
 586              		.global	HAL_DMA_RegisterCallback
 587              		.syntax unified
 588              		.thumb
 589              		.thumb_func
 590              		.fpu fpv4-sp-d16
ARM GAS  /tmp/ccp7n9u7.s 			page 11


 592              	HAL_DMA_RegisterCallback:
 593              		@ args = 0, pretend = 0, frame = 0
 594              		@ frame_needed = 0, uses_anonymous_args = 0
 595              		@ link register save eliminated.
 596 0000 0346     		mov	r3, r0
 597 0002 90F82000 		ldrb	r0, [r0, #32]	@ zero_extendqisi2
 598 0006 0128     		cmp	r0, #1
 599 0008 1AD0     		beq	.L79
 600 000a 93F82100 		ldrb	r0, [r3, #33]	@ zero_extendqisi2
 601 000e 0128     		cmp	r0, #1
 602 0010 04D0     		beq	.L81
 603 0012 0120     		movs	r0, #1
 604              	.L73:
 605 0014 0022     		movs	r2, #0
 606 0016 83F82020 		strb	r2, [r3, #32]
 607 001a 7047     		bx	lr
 608              	.L81:
 609 001c 0329     		cmp	r1, #3
 610 001e F9D8     		bhi	.L73
 611 0020 DFE801F0 		tbb	[pc, r1]
 612              	.L75:
 613 0024 02       		.byte	(.L78-.L75)/2
 614 0025 05       		.byte	(.L77-.L75)/2
 615 0026 08       		.byte	(.L76-.L75)/2
 616 0027 0B       		.byte	(.L74-.L75)/2
 617              		.p2align 1
 618              	.L78:
 619 0028 9A62     		str	r2, [r3, #40]
 620 002a 0846     		mov	r0, r1
 621 002c F2E7     		b	.L73
 622              	.L77:
 623 002e DA62     		str	r2, [r3, #44]
 624 0030 0020     		movs	r0, #0
 625 0032 EFE7     		b	.L73
 626              	.L76:
 627 0034 1A63     		str	r2, [r3, #48]
 628 0036 0020     		movs	r0, #0
 629 0038 ECE7     		b	.L73
 630              	.L74:
 631 003a 5A63     		str	r2, [r3, #52]
 632 003c 0020     		movs	r0, #0
 633 003e E9E7     		b	.L73
 634              	.L79:
 635 0040 0220     		movs	r0, #2
 636 0042 7047     		bx	lr
 638              		.section	.text.HAL_DMA_UnRegisterCallback,"ax",%progbits
 639              		.align	1
 640              		.global	HAL_DMA_UnRegisterCallback
 641              		.syntax unified
 642              		.thumb
 643              		.thumb_func
 644              		.fpu fpv4-sp-d16
 646              	HAL_DMA_UnRegisterCallback:
 647              		@ args = 0, pretend = 0, frame = 0
 648              		@ frame_needed = 0, uses_anonymous_args = 0
 649              		@ link register save eliminated.
 650 0000 0346     		mov	r3, r0
ARM GAS  /tmp/ccp7n9u7.s 			page 12


 651 0002 90F82020 		ldrb	r2, [r0, #32]	@ zero_extendqisi2
 652 0006 012A     		cmp	r2, #1
 653 0008 25D0     		beq	.L91
 654 000a 0122     		movs	r2, #1
 655 000c 80F82020 		strb	r2, [r0, #32]
 656 0010 90F82100 		ldrb	r0, [r0, #33]	@ zero_extendqisi2
 657 0014 9042     		cmp	r0, r2
 658 0016 04D0     		beq	.L93
 659 0018 0120     		movs	r0, #1
 660              	.L84:
 661 001a 0022     		movs	r2, #0
 662 001c 83F82020 		strb	r2, [r3, #32]
 663 0020 7047     		bx	lr
 664              	.L93:
 665 0022 0429     		cmp	r1, #4
 666 0024 F9D8     		bhi	.L84
 667 0026 DFE801F0 		tbb	[pc, r1]
 668              	.L86:
 669 002a 03       		.byte	(.L90-.L86)/2
 670 002b 07       		.byte	(.L89-.L86)/2
 671 002c 0A       		.byte	(.L88-.L86)/2
 672 002d 0D       		.byte	(.L87-.L86)/2
 673 002e 10       		.byte	(.L85-.L86)/2
 674 002f 00       		.p2align 1
 675              	.L90:
 676 0030 0022     		movs	r2, #0
 677 0032 9A62     		str	r2, [r3, #40]
 678 0034 0846     		mov	r0, r1
 679 0036 F0E7     		b	.L84
 680              	.L89:
 681 0038 0020     		movs	r0, #0
 682 003a D862     		str	r0, [r3, #44]
 683 003c EDE7     		b	.L84
 684              	.L88:
 685 003e 0020     		movs	r0, #0
 686 0040 1863     		str	r0, [r3, #48]
 687 0042 EAE7     		b	.L84
 688              	.L87:
 689 0044 0020     		movs	r0, #0
 690 0046 5863     		str	r0, [r3, #52]
 691 0048 E7E7     		b	.L84
 692              	.L85:
 693 004a 0020     		movs	r0, #0
 694 004c 9862     		str	r0, [r3, #40]
 695 004e D862     		str	r0, [r3, #44]
 696 0050 1863     		str	r0, [r3, #48]
 697 0052 5863     		str	r0, [r3, #52]
 698 0054 E1E7     		b	.L84
 699              	.L91:
 700 0056 0220     		movs	r0, #2
 701 0058 7047     		bx	lr
 703              		.section	.text.HAL_DMA_GetState,"ax",%progbits
 704              		.align	1
 705              		.global	HAL_DMA_GetState
 706              		.syntax unified
 707              		.thumb
 708              		.thumb_func
ARM GAS  /tmp/ccp7n9u7.s 			page 13


 709              		.fpu fpv4-sp-d16
 711              	HAL_DMA_GetState:
 712              		@ args = 0, pretend = 0, frame = 0
 713              		@ frame_needed = 0, uses_anonymous_args = 0
 714              		@ link register save eliminated.
 715 0000 90F82100 		ldrb	r0, [r0, #33]	@ zero_extendqisi2
 716 0004 7047     		bx	lr
 718              		.section	.text.HAL_DMA_GetError,"ax",%progbits
 719              		.align	1
 720              		.global	HAL_DMA_GetError
 721              		.syntax unified
 722              		.thumb
 723              		.thumb_func
 724              		.fpu fpv4-sp-d16
 726              	HAL_DMA_GetError:
 727              		@ args = 0, pretend = 0, frame = 0
 728              		@ frame_needed = 0, uses_anonymous_args = 0
 729              		@ link register save eliminated.
 730 0000 806B     		ldr	r0, [r0, #56]
 731 0002 7047     		bx	lr
 733              		.ident	"GCC: (15:9-2019-q4-0ubuntu1) 9.2.1 20191025 (release) [ARM/arm-9-branch revision 277599]"
ARM GAS  /tmp/ccp7n9u7.s 			page 14


DEFINED SYMBOLS
                            *ABS*:0000000000000000 stm32f3xx_hal_dma.c
     /tmp/ccp7n9u7.s:16     .text.DMA_SetConfig:0000000000000000 $t
     /tmp/ccp7n9u7.s:23     .text.DMA_SetConfig:0000000000000000 DMA_SetConfig
     /tmp/ccp7n9u7.s:53     .text.DMA_CalcBaseAndBitshift:0000000000000000 $t
     /tmp/ccp7n9u7.s:59     .text.DMA_CalcBaseAndBitshift:0000000000000000 DMA_CalcBaseAndBitshift
     /tmp/ccp7n9u7.s:91     .text.DMA_CalcBaseAndBitshift:0000000000000034 $d
     /tmp/ccp7n9u7.s:99     .text.HAL_DMA_Init:0000000000000000 $t
     /tmp/ccp7n9u7.s:106    .text.HAL_DMA_Init:0000000000000000 HAL_DMA_Init
     /tmp/ccp7n9u7.s:146    .text.HAL_DMA_DeInit:0000000000000000 $t
     /tmp/ccp7n9u7.s:153    .text.HAL_DMA_DeInit:0000000000000000 HAL_DMA_DeInit
     /tmp/ccp7n9u7.s:192    .text.HAL_DMA_Start:0000000000000000 $t
     /tmp/ccp7n9u7.s:199    .text.HAL_DMA_Start:0000000000000000 HAL_DMA_Start
     /tmp/ccp7n9u7.s:239    .text.HAL_DMA_Start_IT:0000000000000000 $t
     /tmp/ccp7n9u7.s:246    .text.HAL_DMA_Start_IT:0000000000000000 HAL_DMA_Start_IT
     /tmp/ccp7n9u7.s:303    .text.HAL_DMA_Abort:0000000000000000 $t
     /tmp/ccp7n9u7.s:310    .text.HAL_DMA_Abort:0000000000000000 HAL_DMA_Abort
     /tmp/ccp7n9u7.s:344    .text.HAL_DMA_Abort_IT:0000000000000000 $t
     /tmp/ccp7n9u7.s:351    .text.HAL_DMA_Abort_IT:0000000000000000 HAL_DMA_Abort_IT
     /tmp/ccp7n9u7.s:390    .text.HAL_DMA_PollForTransfer:0000000000000000 $t
     /tmp/ccp7n9u7.s:397    .text.HAL_DMA_PollForTransfer:0000000000000000 HAL_DMA_PollForTransfer
     /tmp/ccp7n9u7.s:492    .text.HAL_DMA_IRQHandler:0000000000000000 $t
     /tmp/ccp7n9u7.s:499    .text.HAL_DMA_IRQHandler:0000000000000000 HAL_DMA_IRQHandler
     /tmp/ccp7n9u7.s:585    .text.HAL_DMA_RegisterCallback:0000000000000000 $t
     /tmp/ccp7n9u7.s:592    .text.HAL_DMA_RegisterCallback:0000000000000000 HAL_DMA_RegisterCallback
     /tmp/ccp7n9u7.s:613    .text.HAL_DMA_RegisterCallback:0000000000000024 $d
     /tmp/ccp7n9u7.s:617    .text.HAL_DMA_RegisterCallback:0000000000000028 $t
     /tmp/ccp7n9u7.s:639    .text.HAL_DMA_UnRegisterCallback:0000000000000000 $t
     /tmp/ccp7n9u7.s:646    .text.HAL_DMA_UnRegisterCallback:0000000000000000 HAL_DMA_UnRegisterCallback
     /tmp/ccp7n9u7.s:669    .text.HAL_DMA_UnRegisterCallback:000000000000002a $d
     /tmp/ccp7n9u7.s:704    .text.HAL_DMA_GetState:0000000000000000 $t
     /tmp/ccp7n9u7.s:711    .text.HAL_DMA_GetState:0000000000000000 HAL_DMA_GetState
     /tmp/ccp7n9u7.s:719    .text.HAL_DMA_GetError:0000000000000000 $t
     /tmp/ccp7n9u7.s:726    .text.HAL_DMA_GetError:0000000000000000 HAL_DMA_GetError
     /tmp/ccp7n9u7.s:674    .text.HAL_DMA_UnRegisterCallback:000000000000002f $d
     /tmp/ccp7n9u7.s:674    .text.HAL_DMA_UnRegisterCallback:0000000000000030 $t

UNDEFINED SYMBOLS
HAL_GetTick
