ARM GAS  /tmp/ccBXHSZZ.s 			page 1


   1              		.cpu cortex-m4
   2              		.eabi_attribute 27, 1
   3              		.eabi_attribute 28, 1
   4              		.eabi_attribute 20, 1
   5              		.eabi_attribute 21, 1
   6              		.eabi_attribute 23, 3
   7              		.eabi_attribute 24, 1
   8              		.eabi_attribute 25, 1
   9              		.eabi_attribute 26, 1
  10              		.eabi_attribute 30, 1
  11              		.eabi_attribute 34, 1
  12              		.eabi_attribute 18, 4
  13              		.file	"stm32f3xx_hal_msp.c"
  14              		.text
  15              		.section	.text.HAL_MspInit,"ax",%progbits
  16              		.align	1
  17              		.global	HAL_MspInit
  18              		.arch armv7e-m
  19              		.syntax unified
  20              		.thumb
  21              		.thumb_func
  22              		.fpu fpv4-sp-d16
  24              	HAL_MspInit:
  25              		@ args = 0, pretend = 0, frame = 8
  26              		@ frame_needed = 0, uses_anonymous_args = 0
  27              		@ link register save eliminated.
  28 0000 82B0     		sub	sp, sp, #8
  29 0002 0A4B     		ldr	r3, .L3
  30 0004 9A69     		ldr	r2, [r3, #24]
  31 0006 42F00102 		orr	r2, r2, #1
  32 000a 9A61     		str	r2, [r3, #24]
  33 000c 9A69     		ldr	r2, [r3, #24]
  34 000e 02F00102 		and	r2, r2, #1
  35 0012 0092     		str	r2, [sp]
  36 0014 009A     		ldr	r2, [sp]
  37 0016 DA69     		ldr	r2, [r3, #28]
  38 0018 42F08052 		orr	r2, r2, #268435456
  39 001c DA61     		str	r2, [r3, #28]
  40 001e DB69     		ldr	r3, [r3, #28]
  41 0020 03F08053 		and	r3, r3, #268435456
  42 0024 0193     		str	r3, [sp, #4]
  43 0026 019B     		ldr	r3, [sp, #4]
  44 0028 02B0     		add	sp, sp, #8
  45              		@ sp needed
  46 002a 7047     		bx	lr
  47              	.L4:
  48              		.align	2
  49              	.L3:
  50 002c 00100240 		.word	1073876992
  52              		.ident	"GCC: (15:9-2019-q4-0ubuntu1) 9.2.1 20191025 (release) [ARM/arm-9-branch revision 277599]"
ARM GAS  /tmp/ccBXHSZZ.s 			page 2


DEFINED SYMBOLS
                            *ABS*:0000000000000000 stm32f3xx_hal_msp.c
     /tmp/ccBXHSZZ.s:16     .text.HAL_MspInit:0000000000000000 $t
     /tmp/ccBXHSZZ.s:24     .text.HAL_MspInit:0000000000000000 HAL_MspInit
     /tmp/ccBXHSZZ.s:50     .text.HAL_MspInit:000000000000002c $d

NO UNDEFINED SYMBOLS
