ARM GAS  /tmp/ccm8eWMm.s 			page 1


   1              		.cpu cortex-m4
   2              		.eabi_attribute 27, 1
   3              		.eabi_attribute 28, 1
   4              		.eabi_attribute 20, 1
   5              		.eabi_attribute 21, 1
   6              		.eabi_attribute 23, 3
   7              		.eabi_attribute 24, 1
   8              		.eabi_attribute 25, 1
   9              		.eabi_attribute 26, 1
  10              		.eabi_attribute 30, 1
  11              		.eabi_attribute 34, 1
  12              		.eabi_attribute 18, 4
  13              		.file	"stm32f3xx_it.c"
  14              		.text
  15              		.section	.text.NMI_Handler,"ax",%progbits
  16              		.align	1
  17              		.global	NMI_Handler
  18              		.arch armv7e-m
  19              		.syntax unified
  20              		.thumb
  21              		.thumb_func
  22              		.fpu fpv4-sp-d16
  24              	NMI_Handler:
  25              		@ Volatile: function does not return.
  26              		@ args = 0, pretend = 0, frame = 0
  27              		@ frame_needed = 0, uses_anonymous_args = 0
  28              		@ link register save eliminated.
  29              	.L2:
  30 0000 FEE7     		b	.L2
  32              		.section	.text.HardFault_Handler,"ax",%progbits
  33              		.align	1
  34              		.global	HardFault_Handler
  35              		.syntax unified
  36              		.thumb
  37              		.thumb_func
  38              		.fpu fpv4-sp-d16
  40              	HardFault_Handler:
  41              		@ Volatile: function does not return.
  42              		@ args = 0, pretend = 0, frame = 0
  43              		@ frame_needed = 0, uses_anonymous_args = 0
  44              		@ link register save eliminated.
  45              	.L4:
  46 0000 FEE7     		b	.L4
  48              		.section	.text.MemManage_Handler,"ax",%progbits
  49              		.align	1
  50              		.global	MemManage_Handler
  51              		.syntax unified
  52              		.thumb
  53              		.thumb_func
  54              		.fpu fpv4-sp-d16
  56              	MemManage_Handler:
  57              		@ Volatile: function does not return.
  58              		@ args = 0, pretend = 0, frame = 0
  59              		@ frame_needed = 0, uses_anonymous_args = 0
  60              		@ link register save eliminated.
  61              	.L6:
  62 0000 FEE7     		b	.L6
ARM GAS  /tmp/ccm8eWMm.s 			page 2


  64              		.section	.text.BusFault_Handler,"ax",%progbits
  65              		.align	1
  66              		.global	BusFault_Handler
  67              		.syntax unified
  68              		.thumb
  69              		.thumb_func
  70              		.fpu fpv4-sp-d16
  72              	BusFault_Handler:
  73              		@ Volatile: function does not return.
  74              		@ args = 0, pretend = 0, frame = 0
  75              		@ frame_needed = 0, uses_anonymous_args = 0
  76              		@ link register save eliminated.
  77              	.L8:
  78 0000 FEE7     		b	.L8
  80              		.section	.text.UsageFault_Handler,"ax",%progbits
  81              		.align	1
  82              		.global	UsageFault_Handler
  83              		.syntax unified
  84              		.thumb
  85              		.thumb_func
  86              		.fpu fpv4-sp-d16
  88              	UsageFault_Handler:
  89              		@ Volatile: function does not return.
  90              		@ args = 0, pretend = 0, frame = 0
  91              		@ frame_needed = 0, uses_anonymous_args = 0
  92              		@ link register save eliminated.
  93              	.L10:
  94 0000 FEE7     		b	.L10
  96              		.section	.text.SVC_Handler,"ax",%progbits
  97              		.align	1
  98              		.global	SVC_Handler
  99              		.syntax unified
 100              		.thumb
 101              		.thumb_func
 102              		.fpu fpv4-sp-d16
 104              	SVC_Handler:
 105              		@ args = 0, pretend = 0, frame = 0
 106              		@ frame_needed = 0, uses_anonymous_args = 0
 107              		@ link register save eliminated.
 108 0000 7047     		bx	lr
 110              		.section	.text.DebugMon_Handler,"ax",%progbits
 111              		.align	1
 112              		.global	DebugMon_Handler
 113              		.syntax unified
 114              		.thumb
 115              		.thumb_func
 116              		.fpu fpv4-sp-d16
 118              	DebugMon_Handler:
 119              		@ args = 0, pretend = 0, frame = 0
 120              		@ frame_needed = 0, uses_anonymous_args = 0
 121              		@ link register save eliminated.
 122 0000 7047     		bx	lr
 124              		.section	.text.PendSV_Handler,"ax",%progbits
 125              		.align	1
 126              		.global	PendSV_Handler
 127              		.syntax unified
 128              		.thumb
ARM GAS  /tmp/ccm8eWMm.s 			page 3


 129              		.thumb_func
 130              		.fpu fpv4-sp-d16
 132              	PendSV_Handler:
 133              		@ args = 0, pretend = 0, frame = 0
 134              		@ frame_needed = 0, uses_anonymous_args = 0
 135              		@ link register save eliminated.
 136 0000 7047     		bx	lr
 138              		.section	.text.SysTick_Handler,"ax",%progbits
 139              		.align	1
 140              		.global	SysTick_Handler
 141              		.syntax unified
 142              		.thumb
 143              		.thumb_func
 144              		.fpu fpv4-sp-d16
 146              	SysTick_Handler:
 147              		@ args = 0, pretend = 0, frame = 0
 148              		@ frame_needed = 0, uses_anonymous_args = 0
 149 0000 08B5     		push	{r3, lr}
 150 0002 FFF7FEFF 		bl	HAL_IncTick
 151 0006 08BD     		pop	{r3, pc}
 153              		.ident	"GCC: (15:9-2019-q4-0ubuntu1) 9.2.1 20191025 (release) [ARM/arm-9-branch revision 277599]"
ARM GAS  /tmp/ccm8eWMm.s 			page 4


DEFINED SYMBOLS
                            *ABS*:0000000000000000 stm32f3xx_it.c
     /tmp/ccm8eWMm.s:16     .text.NMI_Handler:0000000000000000 $t
     /tmp/ccm8eWMm.s:24     .text.NMI_Handler:0000000000000000 NMI_Handler
     /tmp/ccm8eWMm.s:33     .text.HardFault_Handler:0000000000000000 $t
     /tmp/ccm8eWMm.s:40     .text.HardFault_Handler:0000000000000000 HardFault_Handler
     /tmp/ccm8eWMm.s:49     .text.MemManage_Handler:0000000000000000 $t
     /tmp/ccm8eWMm.s:56     .text.MemManage_Handler:0000000000000000 MemManage_Handler
     /tmp/ccm8eWMm.s:65     .text.BusFault_Handler:0000000000000000 $t
     /tmp/ccm8eWMm.s:72     .text.BusFault_Handler:0000000000000000 BusFault_Handler
     /tmp/ccm8eWMm.s:81     .text.UsageFault_Handler:0000000000000000 $t
     /tmp/ccm8eWMm.s:88     .text.UsageFault_Handler:0000000000000000 UsageFault_Handler
     /tmp/ccm8eWMm.s:97     .text.SVC_Handler:0000000000000000 $t
     /tmp/ccm8eWMm.s:104    .text.SVC_Handler:0000000000000000 SVC_Handler
     /tmp/ccm8eWMm.s:111    .text.DebugMon_Handler:0000000000000000 $t
     /tmp/ccm8eWMm.s:118    .text.DebugMon_Handler:0000000000000000 DebugMon_Handler
     /tmp/ccm8eWMm.s:125    .text.PendSV_Handler:0000000000000000 $t
     /tmp/ccm8eWMm.s:132    .text.PendSV_Handler:0000000000000000 PendSV_Handler
     /tmp/ccm8eWMm.s:139    .text.SysTick_Handler:0000000000000000 $t
     /tmp/ccm8eWMm.s:146    .text.SysTick_Handler:0000000000000000 SysTick_Handler

UNDEFINED SYMBOLS
HAL_IncTick
