ARM GAS  /tmp/ccP6ezea.s 			page 1


   1              		.cpu cortex-m4
   2              		.eabi_attribute 27, 1
   3              		.eabi_attribute 28, 1
   4              		.eabi_attribute 20, 1
   5              		.eabi_attribute 21, 1
   6              		.eabi_attribute 23, 3
   7              		.eabi_attribute 24, 1
   8              		.eabi_attribute 25, 1
   9              		.eabi_attribute 26, 1
  10              		.eabi_attribute 30, 1
  11              		.eabi_attribute 34, 1
  12              		.eabi_attribute 18, 4
  13              		.file	"stm32f3xx_hal_rcc_ex.c"
  14              		.text
  15              		.section	.text.RCC_GetPLLCLKFreq,"ax",%progbits
  16              		.align	1
  17              		.arch armv7e-m
  18              		.syntax unified
  19              		.thumb
  20              		.thumb_func
  21              		.fpu fpv4-sp-d16
  23              	RCC_GetPLLCLKFreq:
  24              		@ args = 0, pretend = 0, frame = 0
  25              		@ frame_needed = 0, uses_anonymous_args = 0
  26              		@ link register save eliminated.
  27 0000 0B4B     		ldr	r3, .L4
  28 0002 5868     		ldr	r0, [r3, #4]
  29 0004 C0F38340 		ubfx	r0, r0, #18, #4
  30 0008 0230     		adds	r0, r0, #2
  31 000a 5B68     		ldr	r3, [r3, #4]
  32 000c 13F4803F 		tst	r3, #65536
  33 0010 0AD0     		beq	.L2
  34 0012 074B     		ldr	r3, .L4
  35 0014 DB6A     		ldr	r3, [r3, #44]
  36 0016 03F00F03 		and	r3, r3, #15
  37 001a 0133     		adds	r3, r3, #1
  38 001c 054A     		ldr	r2, .L4+4
  39 001e B2FBF3F3 		udiv	r3, r2, r3
  40 0022 00FB03F0 		mul	r0, r0, r3
  41 0026 7047     		bx	lr
  42              	.L2:
  43 0028 034B     		ldr	r3, .L4+8
  44 002a 03FB00F0 		mul	r0, r3, r0
  45 002e 7047     		bx	lr
  46              	.L5:
  47              		.align	2
  48              	.L4:
  49 0030 00100240 		.word	1073876992
  50 0034 00127A00 		.word	8000000
  51 0038 00093D00 		.word	4000000
  53              		.section	.text.HAL_RCCEx_PeriphCLKConfig,"ax",%progbits
  54              		.align	1
  55              		.global	HAL_RCCEx_PeriphCLKConfig
  56              		.syntax unified
  57              		.thumb
  58              		.thumb_func
  59              		.fpu fpv4-sp-d16
ARM GAS  /tmp/ccP6ezea.s 			page 2


  61              	HAL_RCCEx_PeriphCLKConfig:
  62              		@ args = 0, pretend = 0, frame = 8
  63              		@ frame_needed = 0, uses_anonymous_args = 0
  64 0000 F0B5     		push	{r4, r5, r6, r7, lr}
  65 0002 83B0     		sub	sp, sp, #12
  66 0004 0446     		mov	r4, r0
  67 0006 0368     		ldr	r3, [r0]
  68 0008 13F4803F 		tst	r3, #65536
  69 000c 48D0     		beq	.L7
  70 000e 914B     		ldr	r3, .L38
  71 0010 DB69     		ldr	r3, [r3, #28]
  72 0012 13F0805F 		tst	r3, #268435456
  73 0016 40F0D480 		bne	.L30
  74 001a 8E4B     		ldr	r3, .L38
  75 001c DA69     		ldr	r2, [r3, #28]
  76 001e 42F08052 		orr	r2, r2, #268435456
  77 0022 DA61     		str	r2, [r3, #28]
  78 0024 DB69     		ldr	r3, [r3, #28]
  79 0026 03F08053 		and	r3, r3, #268435456
  80 002a 0193     		str	r3, [sp, #4]
  81 002c 019B     		ldr	r3, [sp, #4]
  82 002e 0125     		movs	r5, #1
  83              	.L8:
  84 0030 894B     		ldr	r3, .L38+4
  85 0032 1B68     		ldr	r3, [r3]
  86 0034 13F4807F 		tst	r3, #256
  87 0038 00F0C580 		beq	.L35
  88              	.L9:
  89 003c 854B     		ldr	r3, .L38
  90 003e 1B6A     		ldr	r3, [r3, #32]
  91 0040 13F44073 		ands	r3, r3, #768
  92 0044 22D0     		beq	.L13
  93 0046 6268     		ldr	r2, [r4, #4]
  94 0048 02F44072 		and	r2, r2, #768
  95 004c 9A42     		cmp	r2, r3
  96 004e 1DD0     		beq	.L13
  97 0050 8048     		ldr	r0, .L38
  98 0052 016A     		ldr	r1, [r0, #32]
  99 0054 21F44076 		bic	r6, r1, #768
 100 0058 4FF48033 		mov	r3, #65536
 101              		.syntax unified
 102              	@ 988 "../Drivers/CMSIS/Include/cmsis_gcc.h" 1
 103 005c 93FAA3F2 		rbit r2, r3
 104              	@ 0 "" 2
 105              		.thumb
 106              		.syntax unified
 107 0060 B2FA82F2 		clz	r2, r2
 108 0064 7D4F     		ldr	r7, .L38+8
 109 0066 3A44     		add	r2, r2, r7
 110 0068 9200     		lsls	r2, r2, #2
 111 006a 4FF0010C 		mov	ip, #1
 112 006e C2F800C0 		str	ip, [r2]
 113              		.syntax unified
 114              	@ 988 "../Drivers/CMSIS/Include/cmsis_gcc.h" 1
 115 0072 93FAA3F3 		rbit r3, r3
 116              	@ 0 "" 2
 117              		.thumb
ARM GAS  /tmp/ccP6ezea.s 			page 3


 118              		.syntax unified
 119 0076 B3FA83F3 		clz	r3, r3
 120 007a 3B44     		add	r3, r3, r7
 121 007c 9B00     		lsls	r3, r3, #2
 122 007e 0022     		movs	r2, #0
 123 0080 1A60     		str	r2, [r3]
 124 0082 0662     		str	r6, [r0, #32]
 125 0084 11F0010F 		tst	r1, #1
 126 0088 40F0B280 		bne	.L36
 127              	.L13:
 128 008c 714A     		ldr	r2, .L38
 129 008e 136A     		ldr	r3, [r2, #32]
 130 0090 23F44073 		bic	r3, r3, #768
 131 0094 6168     		ldr	r1, [r4, #4]
 132 0096 0B43     		orrs	r3, r3, r1
 133 0098 1362     		str	r3, [r2, #32]
 134 009a 002D     		cmp	r5, #0
 135 009c 40F0CF80 		bne	.L37
 136              	.L7:
 137 00a0 2368     		ldr	r3, [r4]
 138 00a2 13F0010F 		tst	r3, #1
 139 00a6 06D0     		beq	.L18
 140 00a8 6A4A     		ldr	r2, .L38
 141 00aa 136B     		ldr	r3, [r2, #48]
 142 00ac 23F00303 		bic	r3, r3, #3
 143 00b0 A168     		ldr	r1, [r4, #8]
 144 00b2 0B43     		orrs	r3, r3, r1
 145 00b4 1363     		str	r3, [r2, #48]
 146              	.L18:
 147 00b6 2368     		ldr	r3, [r4]
 148 00b8 13F0020F 		tst	r3, #2
 149 00bc 06D0     		beq	.L19
 150 00be 654A     		ldr	r2, .L38
 151 00c0 136B     		ldr	r3, [r2, #48]
 152 00c2 23F44033 		bic	r3, r3, #196608
 153 00c6 E168     		ldr	r1, [r4, #12]
 154 00c8 0B43     		orrs	r3, r3, r1
 155 00ca 1363     		str	r3, [r2, #48]
 156              	.L19:
 157 00cc 2368     		ldr	r3, [r4]
 158 00ce 13F0040F 		tst	r3, #4
 159 00d2 06D0     		beq	.L20
 160 00d4 5F4A     		ldr	r2, .L38
 161 00d6 136B     		ldr	r3, [r2, #48]
 162 00d8 23F44023 		bic	r3, r3, #786432
 163 00dc 2169     		ldr	r1, [r4, #16]
 164 00de 0B43     		orrs	r3, r3, r1
 165 00e0 1363     		str	r3, [r2, #48]
 166              	.L20:
 167 00e2 2368     		ldr	r3, [r4]
 168 00e4 13F0200F 		tst	r3, #32
 169 00e8 06D0     		beq	.L21
 170 00ea 5A4A     		ldr	r2, .L38
 171 00ec 136B     		ldr	r3, [r2, #48]
 172 00ee 23F01003 		bic	r3, r3, #16
 173 00f2 E169     		ldr	r1, [r4, #28]
 174 00f4 0B43     		orrs	r3, r3, r1
ARM GAS  /tmp/ccP6ezea.s 			page 4


 175 00f6 1363     		str	r3, [r2, #48]
 176              	.L21:
 177 00f8 2368     		ldr	r3, [r4]
 178 00fa 13F4003F 		tst	r3, #131072
 179 00fe 06D0     		beq	.L22
 180 0100 544A     		ldr	r2, .L38
 181 0102 5368     		ldr	r3, [r2, #4]
 182 0104 23F48003 		bic	r3, r3, #4194304
 183 0108 A16B     		ldr	r1, [r4, #56]
 184 010a 0B43     		orrs	r3, r3, r1
 185 010c 5360     		str	r3, [r2, #4]
 186              	.L22:
 187 010e 2368     		ldr	r3, [r4]
 188 0110 13F0400F 		tst	r3, #64
 189 0114 06D0     		beq	.L23
 190 0116 4F4A     		ldr	r2, .L38
 191 0118 136B     		ldr	r3, [r2, #48]
 192 011a 23F02003 		bic	r3, r3, #32
 193 011e 216A     		ldr	r1, [r4, #32]
 194 0120 0B43     		orrs	r3, r3, r1
 195 0122 1363     		str	r3, [r2, #48]
 196              	.L23:
 197 0124 2368     		ldr	r3, [r4]
 198 0126 13F0080F 		tst	r3, #8
 199 012a 06D0     		beq	.L24
 200 012c 494A     		ldr	r2, .L38
 201 012e 136B     		ldr	r3, [r2, #48]
 202 0130 23F44013 		bic	r3, r3, #3145728
 203 0134 6169     		ldr	r1, [r4, #20]
 204 0136 0B43     		orrs	r3, r3, r1
 205 0138 1363     		str	r3, [r2, #48]
 206              	.L24:
 207 013a 2368     		ldr	r3, [r4]
 208 013c 13F0100F 		tst	r3, #16
 209 0140 06D0     		beq	.L25
 210 0142 444A     		ldr	r2, .L38
 211 0144 136B     		ldr	r3, [r2, #48]
 212 0146 23F44003 		bic	r3, r3, #12582912
 213 014a A169     		ldr	r1, [r4, #24]
 214 014c 0B43     		orrs	r3, r3, r1
 215 014e 1363     		str	r3, [r2, #48]
 216              	.L25:
 217 0150 2368     		ldr	r3, [r4]
 218 0152 13F4007F 		tst	r3, #512
 219 0156 06D0     		beq	.L26
 220 0158 3E4A     		ldr	r2, .L38
 221 015a 5368     		ldr	r3, [r2, #4]
 222 015c 23F40003 		bic	r3, r3, #8388608
 223 0160 E16A     		ldr	r1, [r4, #44]
 224 0162 0B43     		orrs	r3, r3, r1
 225 0164 5360     		str	r3, [r2, #4]
 226              	.L26:
 227 0166 2368     		ldr	r3, [r4]
 228 0168 13F0800F 		tst	r3, #128
 229 016c 06D0     		beq	.L27
 230 016e 394A     		ldr	r2, .L38
 231 0170 D36A     		ldr	r3, [r2, #44]
ARM GAS  /tmp/ccP6ezea.s 			page 5


 232 0172 23F4F873 		bic	r3, r3, #496
 233 0176 616A     		ldr	r1, [r4, #36]
 234 0178 0B43     		orrs	r3, r3, r1
 235 017a D362     		str	r3, [r2, #44]
 236              	.L27:
 237 017c 2368     		ldr	r3, [r4]
 238 017e 13F4807F 		tst	r3, #256
 239 0182 06D0     		beq	.L28
 240 0184 334A     		ldr	r2, .L38
 241 0186 D36A     		ldr	r3, [r2, #44]
 242 0188 23F47853 		bic	r3, r3, #15872
 243 018c A16A     		ldr	r1, [r4, #40]
 244 018e 0B43     		orrs	r3, r3, r1
 245 0190 D362     		str	r3, [r2, #44]
 246              	.L28:
 247 0192 2368     		ldr	r3, [r4]
 248 0194 13F4805F 		tst	r3, #4096
 249 0198 06D0     		beq	.L29
 250 019a 2E4A     		ldr	r2, .L38
 251 019c 136B     		ldr	r3, [r2, #48]
 252 019e 23F48073 		bic	r3, r3, #256
 253 01a2 216B     		ldr	r1, [r4, #48]
 254 01a4 0B43     		orrs	r3, r3, r1
 255 01a6 1363     		str	r3, [r2, #48]
 256              	.L29:
 257 01a8 2368     		ldr	r3, [r4]
 258 01aa 13F4005F 		tst	r3, #8192
 259 01ae 4DD0     		beq	.L33
 260 01b0 284A     		ldr	r2, .L38
 261 01b2 136B     		ldr	r3, [r2, #48]
 262 01b4 23F40073 		bic	r3, r3, #512
 263 01b8 616B     		ldr	r1, [r4, #52]
 264 01ba 0B43     		orrs	r3, r3, r1
 265 01bc 1363     		str	r3, [r2, #48]
 266 01be 0020     		movs	r0, #0
 267 01c0 45E0     		b	.L11
 268              	.L30:
 269 01c2 0025     		movs	r5, #0
 270 01c4 34E7     		b	.L8
 271              	.L35:
 272 01c6 244A     		ldr	r2, .L38+4
 273 01c8 1368     		ldr	r3, [r2]
 274 01ca 43F48073 		orr	r3, r3, #256
 275 01ce 1360     		str	r3, [r2]
 276 01d0 FFF7FEFF 		bl	HAL_GetTick
 277 01d4 0646     		mov	r6, r0
 278              	.L10:
 279 01d6 204B     		ldr	r3, .L38+4
 280 01d8 1B68     		ldr	r3, [r3]
 281 01da 13F4807F 		tst	r3, #256
 282 01de 7FF42DAF 		bne	.L9
 283 01e2 FFF7FEFF 		bl	HAL_GetTick
 284 01e6 801B     		subs	r0, r0, r6
 285 01e8 6428     		cmp	r0, #100
 286 01ea F4D9     		bls	.L10
 287 01ec 0320     		movs	r0, #3
 288 01ee 2EE0     		b	.L11
ARM GAS  /tmp/ccP6ezea.s 			page 6


 289              	.L36:
 290 01f0 FFF7FEFF 		bl	HAL_GetTick
 291 01f4 0646     		mov	r6, r0
 292 01f6 18E0     		b	.L14
 293              	.L15:
 294 01f8 0223     		movs	r3, #2
 295              		.syntax unified
 296              	@ 988 "../Drivers/CMSIS/Include/cmsis_gcc.h" 1
 297 01fa 93FAA3F3 		rbit r3, r3
 298              	@ 0 "" 2
 299              		.thumb
 300              		.syntax unified
 301 01fe 154B     		ldr	r3, .L38
 302 0200 596A     		ldr	r1, [r3, #36]
 303              	.L16:
 304 0202 0223     		movs	r3, #2
 305              		.syntax unified
 306              	@ 988 "../Drivers/CMSIS/Include/cmsis_gcc.h" 1
 307 0204 93FAA3F3 		rbit r3, r3
 308              	@ 0 "" 2
 309              		.thumb
 310              		.syntax unified
 311 0208 B3FA83F3 		clz	r3, r3
 312 020c 03F01F03 		and	r3, r3, #31
 313 0210 0122     		movs	r2, #1
 314 0212 02FA03F3 		lsl	r3, r2, r3
 315 0216 0B42     		tst	r3, r1
 316 0218 7FF438AF 		bne	.L13
 317 021c FFF7FEFF 		bl	HAL_GetTick
 318 0220 801B     		subs	r0, r0, r6
 319 0222 41F28833 		movw	r3, #5000
 320 0226 9842     		cmp	r0, r3
 321 0228 0ED8     		bhi	.L32
 322              	.L14:
 323 022a 0223     		movs	r3, #2
 324              		.syntax unified
 325              	@ 988 "../Drivers/CMSIS/Include/cmsis_gcc.h" 1
 326 022c 93FAA3F2 		rbit r2, r3
 327              	@ 0 "" 2
 328              	@ 988 "../Drivers/CMSIS/Include/cmsis_gcc.h" 1
 329 0230 93FAA3F3 		rbit r3, r3
 330              	@ 0 "" 2
 331              		.thumb
 332              		.syntax unified
 333 0234 002B     		cmp	r3, #0
 334 0236 DFD0     		beq	.L15
 335 0238 064B     		ldr	r3, .L38
 336 023a 196A     		ldr	r1, [r3, #32]
 337 023c E1E7     		b	.L16
 338              	.L37:
 339 023e D369     		ldr	r3, [r2, #28]
 340 0240 23F08053 		bic	r3, r3, #268435456
 341 0244 D361     		str	r3, [r2, #28]
 342 0246 2BE7     		b	.L7
 343              	.L32:
 344 0248 0320     		movs	r0, #3
 345 024a 00E0     		b	.L11
ARM GAS  /tmp/ccP6ezea.s 			page 7


 346              	.L33:
 347 024c 0020     		movs	r0, #0
 348              	.L11:
 349 024e 03B0     		add	sp, sp, #12
 350              		@ sp needed
 351 0250 F0BD     		pop	{r4, r5, r6, r7, pc}
 352              	.L39:
 353 0252 00BF     		.align	2
 354              	.L38:
 355 0254 00100240 		.word	1073876992
 356 0258 00700040 		.word	1073770496
 357 025c 00819010 		.word	277905664
 359              		.section	.text.HAL_RCCEx_GetPeriphCLKConfig,"ax",%progbits
 360              		.align	1
 361              		.global	HAL_RCCEx_GetPeriphCLKConfig
 362              		.syntax unified
 363              		.thumb
 364              		.thumb_func
 365              		.fpu fpv4-sp-d16
 367              	HAL_RCCEx_GetPeriphCLKConfig:
 368              		@ args = 0, pretend = 0, frame = 0
 369              		@ frame_needed = 0, uses_anonymous_args = 0
 370              		@ link register save eliminated.
 371 0000 254B     		ldr	r3, .L41
 372 0002 0360     		str	r3, [r0]
 373 0004 254B     		ldr	r3, .L41+4
 374 0006 1A6A     		ldr	r2, [r3, #32]
 375 0008 02F44072 		and	r2, r2, #768
 376 000c 4260     		str	r2, [r0, #4]
 377 000e 1A6B     		ldr	r2, [r3, #48]
 378 0010 02F00302 		and	r2, r2, #3
 379 0014 8260     		str	r2, [r0, #8]
 380 0016 1A6B     		ldr	r2, [r3, #48]
 381 0018 02F44032 		and	r2, r2, #196608
 382 001c C260     		str	r2, [r0, #12]
 383 001e 1A6B     		ldr	r2, [r3, #48]
 384 0020 02F44022 		and	r2, r2, #786432
 385 0024 0261     		str	r2, [r0, #16]
 386 0026 1A6B     		ldr	r2, [r3, #48]
 387 0028 02F01002 		and	r2, r2, #16
 388 002c C261     		str	r2, [r0, #28]
 389 002e 1C4A     		ldr	r2, .L41+8
 390 0030 0260     		str	r2, [r0]
 391 0032 5A68     		ldr	r2, [r3, #4]
 392 0034 02F48002 		and	r2, r2, #4194304
 393 0038 8263     		str	r2, [r0, #56]
 394 003a 1A4A     		ldr	r2, .L41+12
 395 003c 0260     		str	r2, [r0]
 396 003e 1A6B     		ldr	r2, [r3, #48]
 397 0040 02F02002 		and	r2, r2, #32
 398 0044 0262     		str	r2, [r0, #32]
 399 0046 184A     		ldr	r2, .L41+16
 400 0048 0260     		str	r2, [r0]
 401 004a 1A6B     		ldr	r2, [r3, #48]
 402 004c 02F44012 		and	r2, r2, #3145728
 403 0050 4261     		str	r2, [r0, #20]
 404 0052 1A6B     		ldr	r2, [r3, #48]
ARM GAS  /tmp/ccP6ezea.s 			page 8


 405 0054 02F44002 		and	r2, r2, #12582912
 406 0058 8261     		str	r2, [r0, #24]
 407 005a 144A     		ldr	r2, .L41+20
 408 005c 0260     		str	r2, [r0]
 409 005e 5A68     		ldr	r2, [r3, #4]
 410 0060 02F40002 		and	r2, r2, #8388608
 411 0064 C262     		str	r2, [r0, #44]
 412 0066 124A     		ldr	r2, .L41+24
 413 0068 0260     		str	r2, [r0]
 414 006a DA6A     		ldr	r2, [r3, #44]
 415 006c 02F4F872 		and	r2, r2, #496
 416 0070 4262     		str	r2, [r0, #36]
 417 0072 104A     		ldr	r2, .L41+28
 418 0074 0260     		str	r2, [r0]
 419 0076 DA6A     		ldr	r2, [r3, #44]
 420 0078 02F47852 		and	r2, r2, #15872
 421 007c 8262     		str	r2, [r0, #40]
 422 007e 0E4A     		ldr	r2, .L41+32
 423 0080 0260     		str	r2, [r0]
 424 0082 1A6B     		ldr	r2, [r3, #48]
 425 0084 02F48072 		and	r2, r2, #256
 426 0088 0263     		str	r2, [r0, #48]
 427 008a 0C4A     		ldr	r2, .L41+36
 428 008c 0260     		str	r2, [r0]
 429 008e 1B6B     		ldr	r3, [r3, #48]
 430 0090 03F40073 		and	r3, r3, #512
 431 0094 4363     		str	r3, [r0, #52]
 432 0096 7047     		bx	lr
 433              	.L42:
 434              		.align	2
 435              	.L41:
 436 0098 27000100 		.word	65575
 437 009c 00100240 		.word	1073876992
 438 00a0 27000300 		.word	196647
 439 00a4 67000300 		.word	196711
 440 00a8 7F000300 		.word	196735
 441 00ac 7F020300 		.word	197247
 442 00b0 FF020300 		.word	197375
 443 00b4 FF030300 		.word	197631
 444 00b8 FF130300 		.word	201727
 445 00bc FF330300 		.word	209919
 447              		.section	.text.HAL_RCCEx_GetPeriphCLKFreq,"ax",%progbits
 448              		.align	1
 449              		.global	HAL_RCCEx_GetPeriphCLKFreq
 450              		.syntax unified
 451              		.thumb
 452              		.thumb_func
 453              		.fpu fpv4-sp-d16
 455              	HAL_RCCEx_GetPeriphCLKFreq:
 456              		@ args = 0, pretend = 0, frame = 32
 457              		@ frame_needed = 0, uses_anonymous_args = 0
 458 0000 70B5     		push	{r4, r5, r6, lr}
 459 0002 88B0     		sub	sp, sp, #32
 460 0004 0446     		mov	r4, r0
 461 0006 6D46     		mov	r5, sp
 462 0008 A44E     		ldr	r6, .L145
 463 000a 0FCE     		ldmia	r6!, {r0, r1, r2, r3}
ARM GAS  /tmp/ccP6ezea.s 			page 9


 464 000c 0FC5     		stmia	r5!, {r0, r1, r2, r3}
 465 000e 96E80F00 		ldm	r6, {r0, r1, r2, r3}
 466 0012 85E80F00 		stm	r5, {r0, r1, r2, r3}
 467 0016 802C     		cmp	r4, #128
 468 0018 00F09281 		beq	.L44
 469 001c 3DD8     		bhi	.L45
 470 001e 202C     		cmp	r4, #32
 471 0020 28D8     		bhi	.L46
 472 0022 002C     		cmp	r4, #0
 473 0024 00F0DC81 		beq	.L87
 474 0028 013C     		subs	r4, r4, #1
 475 002a 1F2C     		cmp	r4, #31
 476 002c 00F2DA81 		bhi	.L88
 477 0030 DFE814F0 		tbh	[pc, r4, lsl #1]
 478              	.L49:
 479 0034 9900     		.2byte	(.L54-.L49)/2
 480 0036 BC00     		.2byte	(.L53-.L49)/2
 481 0038 D801     		.2byte	(.L88-.L49)/2
 482 003a E500     		.2byte	(.L52-.L49)/2
 483 003c D801     		.2byte	(.L88-.L49)/2
 484 003e D801     		.2byte	(.L88-.L49)/2
 485 0040 D801     		.2byte	(.L88-.L49)/2
 486 0042 0E01     		.2byte	(.L51-.L49)/2
 487 0044 D801     		.2byte	(.L88-.L49)/2
 488 0046 D801     		.2byte	(.L88-.L49)/2
 489 0048 D801     		.2byte	(.L88-.L49)/2
 490 004a D801     		.2byte	(.L88-.L49)/2
 491 004c D801     		.2byte	(.L88-.L49)/2
 492 004e D801     		.2byte	(.L88-.L49)/2
 493 0050 D801     		.2byte	(.L88-.L49)/2
 494 0052 3E01     		.2byte	(.L50-.L49)/2
 495 0054 D801     		.2byte	(.L88-.L49)/2
 496 0056 D801     		.2byte	(.L88-.L49)/2
 497 0058 D801     		.2byte	(.L88-.L49)/2
 498 005a D801     		.2byte	(.L88-.L49)/2
 499 005c D801     		.2byte	(.L88-.L49)/2
 500 005e D801     		.2byte	(.L88-.L49)/2
 501 0060 D801     		.2byte	(.L88-.L49)/2
 502 0062 D801     		.2byte	(.L88-.L49)/2
 503 0064 D801     		.2byte	(.L88-.L49)/2
 504 0066 D801     		.2byte	(.L88-.L49)/2
 505 0068 D801     		.2byte	(.L88-.L49)/2
 506 006a D801     		.2byte	(.L88-.L49)/2
 507 006c D801     		.2byte	(.L88-.L49)/2
 508 006e D801     		.2byte	(.L88-.L49)/2
 509 0070 D801     		.2byte	(.L88-.L49)/2
 510 0072 6701     		.2byte	(.L48-.L49)/2
 511              		.p2align 1
 512              	.L46:
 513 0074 402C     		cmp	r4, #64
 514 0076 0DD1     		bne	.L114
 515 0078 894B     		ldr	r3, .L145+4
 516 007a 186B     		ldr	r0, [r3, #48]
 517 007c 10F02000 		ands	r0, r0, #32
 518 0080 04D1     		bne	.L81
 519 0082 1B68     		ldr	r3, [r3]
 520 0084 13F0020F 		tst	r3, #2
ARM GAS  /tmp/ccP6ezea.s 			page 10


 521 0088 40F0B081 		bne	.L109
 522              	.L81:
 523 008c 18B1     		cbz	r0, .L43
 524 008e FFF7FEFF 		bl	HAL_RCC_GetSysClockFreq
 525 0092 00E0     		b	.L43
 526              	.L114:
 527 0094 0020     		movs	r0, #0
 528              	.L43:
 529 0096 08B0     		add	sp, sp, #32
 530              		@ sp needed
 531 0098 70BD     		pop	{r4, r5, r6, pc}
 532              	.L45:
 533 009a B4F5005F 		cmp	r4, #8192
 534 009e 00F08E81 		beq	.L56
 535 00a2 12D9     		bls	.L115
 536 00a4 B4F5803F 		cmp	r4, #65536
 537 00a8 37D0     		beq	.L61
 538 00aa B4F5003F 		cmp	r4, #131072
 539 00ae 32D1     		bne	.L116
 540 00b0 7B4B     		ldr	r3, .L145+4
 541 00b2 1868     		ldr	r0, [r3]
 542 00b4 10F00070 		ands	r0, r0, #33554432
 543 00b8 EDD0     		beq	.L43
 544 00ba 5B68     		ldr	r3, [r3, #4]
 545 00bc 13F4800F 		tst	r3, #4194304
 546 00c0 00F03881 		beq	.L82
 547 00c4 FFF7FEFF 		bl	RCC_GetPLLCLKFreq
 548 00c8 E5E7     		b	.L43
 549              	.L115:
 550 00ca B4F5007F 		cmp	r4, #512
 551 00ce 00F02781 		beq	.L58
 552 00d2 B4F5805F 		cmp	r4, #4096
 553 00d6 10D1     		bne	.L117
 554 00d8 714B     		ldr	r3, .L145+4
 555 00da 1B6B     		ldr	r3, [r3, #48]
 556 00dc 13F48073 		ands	r3, r3, #256
 557 00e0 05D0     		beq	.L85
 558 00e2 6F4A     		ldr	r2, .L145+4
 559 00e4 1268     		ldr	r2, [r2]
 560 00e6 12F0007F 		tst	r2, #33554432
 561 00ea 40F06581 		bne	.L118
 562              	.L85:
 563 00ee 002B     		cmp	r3, #0
 564 00f0 40F07E81 		bne	.L111
 565 00f4 6B4B     		ldr	r3, .L145+8
 566 00f6 1868     		ldr	r0, [r3]
 567 00f8 CDE7     		b	.L43
 568              	.L117:
 569 00fa B4F5807F 		cmp	r4, #256
 570 00fe 08D1     		bne	.L119
 571 0100 674B     		ldr	r3, .L145+4
 572 0102 DC6A     		ldr	r4, [r3, #44]
 573 0104 14F47854 		ands	r4, r4, #15872
 574 0108 40F03C81 		bne	.L84
 575 010c 654B     		ldr	r3, .L145+8
 576 010e 1868     		ldr	r0, [r3]
 577 0110 C1E7     		b	.L43
ARM GAS  /tmp/ccP6ezea.s 			page 11


 578              	.L119:
 579 0112 0020     		movs	r0, #0
 580 0114 BFE7     		b	.L43
 581              	.L116:
 582 0116 0020     		movs	r0, #0
 583 0118 BDE7     		b	.L43
 584              	.L61:
 585 011a 614B     		ldr	r3, .L145+4
 586 011c 1B6A     		ldr	r3, [r3, #32]
 587 011e 03F44073 		and	r3, r3, #768
 588 0122 B3F5807F 		cmp	r3, #256
 589 0126 07D0     		beq	.L120
 590              	.L63:
 591 0128 B3F5007F 		cmp	r3, #512
 592 012c 0CD0     		beq	.L121
 593              	.L64:
 594 012e B3F5407F 		cmp	r3, #768
 595 0132 11D0     		beq	.L122
 596 0134 0020     		movs	r0, #0
 597 0136 AEE7     		b	.L43
 598              	.L120:
 599 0138 594A     		ldr	r2, .L145+4
 600 013a 126A     		ldr	r2, [r2, #32]
 601 013c 12F0020F 		tst	r2, #2
 602 0140 F2D0     		beq	.L63
 603 0142 4FF40040 		mov	r0, #32768
 604 0146 A6E7     		b	.L43
 605              	.L121:
 606 0148 554A     		ldr	r2, .L145+4
 607 014a 526A     		ldr	r2, [r2, #36]
 608 014c 12F0020F 		tst	r2, #2
 609 0150 EDD0     		beq	.L64
 610 0152 49F64040 		movw	r0, #40000
 611 0156 9EE7     		b	.L43
 612              	.L122:
 613 0158 514B     		ldr	r3, .L145+4
 614 015a 1868     		ldr	r0, [r3]
 615 015c 10F40030 		ands	r0, r0, #131072
 616 0160 99D0     		beq	.L43
 617 0162 5148     		ldr	r0, .L145+12
 618 0164 97E7     		b	.L43
 619              	.L54:
 620 0166 4E4B     		ldr	r3, .L145+4
 621 0168 1B6B     		ldr	r3, [r3, #48]
 622 016a 13F00303 		ands	r3, r3, #3
 623 016e 07D0     		beq	.L123
 624 0170 032B     		cmp	r3, #3
 625 0172 08D0     		beq	.L124
 626              	.L66:
 627 0174 012B     		cmp	r3, #1
 628 0176 0DD0     		beq	.L125
 629 0178 022B     		cmp	r3, #2
 630 017a 0ED0     		beq	.L126
 631 017c 0020     		movs	r0, #0
 632 017e 8AE7     		b	.L43
 633              	.L123:
 634 0180 FFF7FEFF 		bl	HAL_RCC_GetPCLK2Freq
ARM GAS  /tmp/ccP6ezea.s 			page 12


 635 0184 87E7     		b	.L43
 636              	.L124:
 637 0186 464A     		ldr	r2, .L145+4
 638 0188 1268     		ldr	r2, [r2]
 639 018a 12F0020F 		tst	r2, #2
 640 018e F1D0     		beq	.L66
 641 0190 4648     		ldr	r0, .L145+16
 642 0192 80E7     		b	.L43
 643              	.L125:
 644 0194 FFF7FEFF 		bl	HAL_RCC_GetSysClockFreq
 645 0198 7DE7     		b	.L43
 646              	.L126:
 647 019a 414B     		ldr	r3, .L145+4
 648 019c 186A     		ldr	r0, [r3, #32]
 649 019e 10F00200 		ands	r0, r0, #2
 650 01a2 3FF478AF 		beq	.L43
 651 01a6 4FF40040 		mov	r0, #32768
 652 01aa 74E7     		b	.L43
 653              	.L53:
 654 01ac 3C4B     		ldr	r3, .L145+4
 655 01ae 1B6B     		ldr	r3, [r3, #48]
 656 01b0 13F44033 		ands	r3, r3, #196608
 657 01b4 0AD0     		beq	.L127
 658 01b6 B3F5403F 		cmp	r3, #196608
 659 01ba 0AD0     		beq	.L128
 660              	.L69:
 661 01bc B3F5803F 		cmp	r3, #65536
 662 01c0 0ED0     		beq	.L129
 663 01c2 B3F5003F 		cmp	r3, #131072
 664 01c6 0ED0     		beq	.L130
 665 01c8 0020     		movs	r0, #0
 666 01ca 64E7     		b	.L43
 667              	.L127:
 668 01cc FFF7FEFF 		bl	HAL_RCC_GetPCLK1Freq
 669 01d0 61E7     		b	.L43
 670              	.L128:
 671 01d2 334A     		ldr	r2, .L145+4
 672 01d4 1268     		ldr	r2, [r2]
 673 01d6 12F0020F 		tst	r2, #2
 674 01da EFD0     		beq	.L69
 675 01dc 3348     		ldr	r0, .L145+16
 676 01de 5AE7     		b	.L43
 677              	.L129:
 678 01e0 FFF7FEFF 		bl	HAL_RCC_GetSysClockFreq
 679 01e4 57E7     		b	.L43
 680              	.L130:
 681 01e6 03F18043 		add	r3, r3, #1073741824
 682 01ea 03F58053 		add	r3, r3, #4096
 683 01ee 186A     		ldr	r0, [r3, #32]
 684 01f0 10F00200 		ands	r0, r0, #2
 685 01f4 3FF44FAF 		beq	.L43
 686 01f8 4FF40040 		mov	r0, #32768
 687 01fc 4BE7     		b	.L43
 688              	.L52:
 689 01fe 284B     		ldr	r3, .L145+4
 690 0200 1B6B     		ldr	r3, [r3, #48]
 691 0202 13F44023 		ands	r3, r3, #786432
ARM GAS  /tmp/ccP6ezea.s 			page 13


 692 0206 0AD0     		beq	.L131
 693 0208 B3F5402F 		cmp	r3, #786432
 694 020c 0AD0     		beq	.L132
 695              	.L72:
 696 020e B3F5802F 		cmp	r3, #262144
 697 0212 0ED0     		beq	.L133
 698 0214 B3F5002F 		cmp	r3, #524288
 699 0218 0ED0     		beq	.L134
 700 021a 0020     		movs	r0, #0
 701 021c 3BE7     		b	.L43
 702              	.L131:
 703 021e FFF7FEFF 		bl	HAL_RCC_GetPCLK1Freq
 704 0222 38E7     		b	.L43
 705              	.L132:
 706 0224 1E4A     		ldr	r2, .L145+4
 707 0226 1268     		ldr	r2, [r2]
 708 0228 12F0020F 		tst	r2, #2
 709 022c EFD0     		beq	.L72
 710 022e 1F48     		ldr	r0, .L145+16
 711 0230 31E7     		b	.L43
 712              	.L133:
 713 0232 FFF7FEFF 		bl	HAL_RCC_GetSysClockFreq
 714 0236 2EE7     		b	.L43
 715              	.L134:
 716 0238 03F18043 		add	r3, r3, #1073741824
 717 023c A3F5BE23 		sub	r3, r3, #389120
 718 0240 186A     		ldr	r0, [r3, #32]
 719 0242 10F00200 		ands	r0, r0, #2
 720 0246 3FF426AF 		beq	.L43
 721 024a 4FF40040 		mov	r0, #32768
 722 024e 22E7     		b	.L43
 723              	.L51:
 724 0250 134B     		ldr	r3, .L145+4
 725 0252 1B6B     		ldr	r3, [r3, #48]
 726 0254 13F44013 		ands	r3, r3, #3145728
 727 0258 0AD0     		beq	.L135
 728 025a B3F5401F 		cmp	r3, #3145728
 729 025e 0AD0     		beq	.L136
 730              	.L75:
 731 0260 B3F5801F 		cmp	r3, #1048576
 732 0264 0ED0     		beq	.L137
 733 0266 B3F5001F 		cmp	r3, #2097152
 734 026a 0ED0     		beq	.L138
 735 026c 0020     		movs	r0, #0
 736 026e 12E7     		b	.L43
 737              	.L135:
 738 0270 FFF7FEFF 		bl	HAL_RCC_GetPCLK1Freq
 739 0274 0FE7     		b	.L43
 740              	.L136:
 741 0276 0A4A     		ldr	r2, .L145+4
 742 0278 1268     		ldr	r2, [r2]
 743 027a 12F0020F 		tst	r2, #2
 744 027e EFD0     		beq	.L75
 745 0280 0A48     		ldr	r0, .L145+16
 746 0282 08E7     		b	.L43
 747              	.L137:
 748 0284 FFF7FEFF 		bl	HAL_RCC_GetSysClockFreq
ARM GAS  /tmp/ccP6ezea.s 			page 14


 749 0288 05E7     		b	.L43
 750              	.L138:
 751 028a 054B     		ldr	r3, .L145+4
 752 028c 186A     		ldr	r0, [r3, #32]
 753 028e 10F00200 		ands	r0, r0, #2
 754 0292 3FF400AF 		beq	.L43
 755 0296 4FF40040 		mov	r0, #32768
 756 029a FCE6     		b	.L43
 757              	.L146:
 758              		.align	2
 759              	.L145:
 760 029c 00000000 		.word	.LANCHOR0
 761 02a0 00100240 		.word	1073876992
 762 02a4 00000000 		.word	SystemCoreClock
 763 02a8 90D00300 		.word	250000
 764 02ac 00127A00 		.word	8000000
 765              	.L50:
 766 02b0 514B     		ldr	r3, .L147
 767 02b2 1B6B     		ldr	r3, [r3, #48]
 768 02b4 13F44003 		ands	r3, r3, #12582912
 769 02b8 0AD0     		beq	.L139
 770 02ba B3F5400F 		cmp	r3, #12582912
 771 02be 0AD0     		beq	.L140
 772              	.L78:
 773 02c0 B3F5800F 		cmp	r3, #4194304
 774 02c4 0ED0     		beq	.L141
 775 02c6 B3F5000F 		cmp	r3, #8388608
 776 02ca 0ED0     		beq	.L142
 777 02cc 0020     		movs	r0, #0
 778 02ce E2E6     		b	.L43
 779              	.L139:
 780 02d0 FFF7FEFF 		bl	HAL_RCC_GetPCLK1Freq
 781 02d4 DFE6     		b	.L43
 782              	.L140:
 783 02d6 484A     		ldr	r2, .L147
 784 02d8 1268     		ldr	r2, [r2]
 785 02da 12F0020F 		tst	r2, #2
 786 02de EFD0     		beq	.L78
 787 02e0 4648     		ldr	r0, .L147+4
 788 02e2 D8E6     		b	.L43
 789              	.L141:
 790 02e4 FFF7FEFF 		bl	HAL_RCC_GetSysClockFreq
 791 02e8 D5E6     		b	.L43
 792              	.L142:
 793 02ea 03F17E53 		add	r3, r3, #1065353216
 794 02ee 03F50433 		add	r3, r3, #135168
 795 02f2 186A     		ldr	r0, [r3, #32]
 796 02f4 10F00200 		ands	r0, r0, #2
 797 02f8 3FF4CDAE 		beq	.L43
 798 02fc 4FF40040 		mov	r0, #32768
 799 0300 C9E6     		b	.L43
 800              	.L48:
 801 0302 3D4B     		ldr	r3, .L147
 802 0304 186B     		ldr	r0, [r3, #48]
 803 0306 10F01000 		ands	r0, r0, #16
 804 030a 03D1     		bne	.L80
 805 030c 1B68     		ldr	r3, [r3]
ARM GAS  /tmp/ccP6ezea.s 			page 15


 806 030e 13F0020F 		tst	r3, #2
 807 0312 69D1     		bne	.L108
 808              	.L80:
 809 0314 0028     		cmp	r0, #0
 810 0316 3FF4BEAE 		beq	.L43
 811 031a FFF7FEFF 		bl	HAL_RCC_GetSysClockFreq
 812 031e BAE6     		b	.L43
 813              	.L58:
 814 0320 354B     		ldr	r3, .L147
 815 0322 5B68     		ldr	r3, [r3, #4]
 816 0324 13F4000F 		tst	r3, #8388608
 817 0328 01D0     		beq	.L143
 818 032a 3548     		ldr	r0, .L147+8
 819 032c B3E6     		b	.L43
 820              	.L143:
 821 032e FFF7FEFF 		bl	HAL_RCC_GetSysClockFreq
 822 0332 B0E6     		b	.L43
 823              	.L82:
 824 0334 FFF7FEFF 		bl	RCC_GetPLLCLKFreq
 825 0338 00EB4000 		add	r0, r0, r0, lsl #1
 826 033c 4008     		lsrs	r0, r0, #1
 827 033e AAE6     		b	.L43
 828              	.L44:
 829 0340 2D4B     		ldr	r3, .L147
 830 0342 DC6A     		ldr	r4, [r3, #44]
 831 0344 14F4F874 		ands	r4, r4, #496
 832 0348 02D1     		bne	.L83
 833 034a 2E4B     		ldr	r3, .L147+12
 834 034c 1868     		ldr	r0, [r3]
 835 034e A2E6     		b	.L43
 836              	.L83:
 837 0350 294B     		ldr	r3, .L147
 838 0352 1868     		ldr	r0, [r3]
 839 0354 10F00070 		ands	r0, r0, #33554432
 840 0358 3FF49DAE 		beq	.L43
 841 035c FFF7FEFF 		bl	RCC_GetPLLCLKFreq
 842 0360 4FF4F873 		mov	r3, #496
 843              		.syntax unified
 844              	@ 988 "../Drivers/CMSIS/Include/cmsis_gcc.h" 1
 845 0364 93FAA3F3 		rbit r3, r3
 846              	@ 0 "" 2
 847              		.thumb
 848              		.syntax unified
 849 0368 B3FA83F3 		clz	r3, r3
 850 036c 24FA03F3 		lsr	r3, r4, r3
 851 0370 03F00F03 		and	r3, r3, #15
 852 0374 08AA     		add	r2, sp, #32
 853 0376 02EB4303 		add	r3, r2, r3, lsl #1
 854 037a 33F8203C 		ldrh	r3, [r3, #-32]
 855 037e B0FBF3F0 		udiv	r0, r0, r3
 856 0382 88E6     		b	.L43
 857              	.L84:
 858 0384 1C4B     		ldr	r3, .L147
 859 0386 1868     		ldr	r0, [r3]
 860 0388 10F00070 		ands	r0, r0, #33554432
 861 038c 3FF483AE 		beq	.L43
 862 0390 FFF7FEFF 		bl	RCC_GetPLLCLKFreq
ARM GAS  /tmp/ccP6ezea.s 			page 16


 863 0394 4FF47853 		mov	r3, #15872
 864              		.syntax unified
 865              	@ 988 "../Drivers/CMSIS/Include/cmsis_gcc.h" 1
 866 0398 93FAA3F3 		rbit r3, r3
 867              	@ 0 "" 2
 868              		.thumb
 869              		.syntax unified
 870 039c B3FA83F3 		clz	r3, r3
 871 03a0 24FA03F3 		lsr	r3, r4, r3
 872 03a4 03F00F03 		and	r3, r3, #15
 873 03a8 08AA     		add	r2, sp, #32
 874 03aa 02EB4303 		add	r3, r2, r3, lsl #1
 875 03ae 33F8203C 		ldrh	r3, [r3, #-32]
 876 03b2 B0FBF3F0 		udiv	r0, r0, r3
 877 03b6 6EE6     		b	.L43
 878              	.L118:
 879 03b8 FFF7FEFF 		bl	RCC_GetPLLCLKFreq
 880 03bc 6BE6     		b	.L43
 881              	.L56:
 882 03be 0E4B     		ldr	r3, .L147
 883 03c0 1B6B     		ldr	r3, [r3, #48]
 884 03c2 13F40073 		ands	r3, r3, #512
 885 03c6 04D0     		beq	.L86
 886 03c8 0B4A     		ldr	r2, .L147
 887 03ca 1268     		ldr	r2, [r2]
 888 03cc 12F0007F 		tst	r2, #33554432
 889 03d0 03D1     		bne	.L144
 890              	.L86:
 891 03d2 7BB9     		cbnz	r3, .L112
 892 03d4 0B4B     		ldr	r3, .L147+12
 893 03d6 1868     		ldr	r0, [r3]
 894 03d8 5DE6     		b	.L43
 895              	.L144:
 896 03da FFF7FEFF 		bl	RCC_GetPLLCLKFreq
 897 03de 5AE6     		b	.L43
 898              	.L87:
 899 03e0 0020     		movs	r0, #0
 900 03e2 58E6     		b	.L43
 901              	.L88:
 902 03e4 0020     		movs	r0, #0
 903 03e6 56E6     		b	.L43
 904              	.L108:
 905 03e8 0448     		ldr	r0, .L147+4
 906 03ea 54E6     		b	.L43
 907              	.L109:
 908 03ec 0348     		ldr	r0, .L147+4
 909 03ee 52E6     		b	.L43
 910              	.L111:
 911 03f0 0020     		movs	r0, #0
 912 03f2 50E6     		b	.L43
 913              	.L112:
 914 03f4 0020     		movs	r0, #0
 915 03f6 4EE6     		b	.L43
 916              	.L148:
 917              		.align	2
 918              	.L147:
 919 03f8 00100240 		.word	1073876992
ARM GAS  /tmp/ccP6ezea.s 			page 17


 920 03fc 00127A00 		.word	8000000
 921 0400 ADDEADDE 		.word	-559030611
 922 0404 00000000 		.word	SystemCoreClock
 924              		.section	.rodata
 925              		.align	2
 926              		.set	.LANCHOR0,. + 0
 927              	.LC0:
 928 0000 0100     		.short	1
 929 0002 0200     		.short	2
 930 0004 0400     		.short	4
 931 0006 0600     		.short	6
 932 0008 0800     		.short	8
 933 000a 0A00     		.short	10
 934 000c 0C00     		.short	12
 935 000e 1000     		.short	16
 936 0010 2000     		.short	32
 937 0012 4000     		.short	64
 938 0014 8000     		.short	128
 939 0016 0001     		.short	256
 940 0018 0001     		.short	256
 941 001a 0001     		.short	256
 942 001c 0001     		.short	256
 943 001e 0001     		.short	256
 944              		.ident	"GCC: (15:9-2019-q4-0ubuntu1) 9.2.1 20191025 (release) [ARM/arm-9-branch revision 277599]"
ARM GAS  /tmp/ccP6ezea.s 			page 18


DEFINED SYMBOLS
                            *ABS*:0000000000000000 stm32f3xx_hal_rcc_ex.c
     /tmp/ccP6ezea.s:16     .text.RCC_GetPLLCLKFreq:0000000000000000 $t
     /tmp/ccP6ezea.s:23     .text.RCC_GetPLLCLKFreq:0000000000000000 RCC_GetPLLCLKFreq
     /tmp/ccP6ezea.s:49     .text.RCC_GetPLLCLKFreq:0000000000000030 $d
     /tmp/ccP6ezea.s:54     .text.HAL_RCCEx_PeriphCLKConfig:0000000000000000 $t
     /tmp/ccP6ezea.s:61     .text.HAL_RCCEx_PeriphCLKConfig:0000000000000000 HAL_RCCEx_PeriphCLKConfig
     /tmp/ccP6ezea.s:355    .text.HAL_RCCEx_PeriphCLKConfig:0000000000000254 $d
     /tmp/ccP6ezea.s:360    .text.HAL_RCCEx_GetPeriphCLKConfig:0000000000000000 $t
     /tmp/ccP6ezea.s:367    .text.HAL_RCCEx_GetPeriphCLKConfig:0000000000000000 HAL_RCCEx_GetPeriphCLKConfig
     /tmp/ccP6ezea.s:436    .text.HAL_RCCEx_GetPeriphCLKConfig:0000000000000098 $d
     /tmp/ccP6ezea.s:448    .text.HAL_RCCEx_GetPeriphCLKFreq:0000000000000000 $t
     /tmp/ccP6ezea.s:455    .text.HAL_RCCEx_GetPeriphCLKFreq:0000000000000000 HAL_RCCEx_GetPeriphCLKFreq
     /tmp/ccP6ezea.s:479    .text.HAL_RCCEx_GetPeriphCLKFreq:0000000000000034 $d
     /tmp/ccP6ezea.s:511    .text.HAL_RCCEx_GetPeriphCLKFreq:0000000000000074 $t
     /tmp/ccP6ezea.s:760    .text.HAL_RCCEx_GetPeriphCLKFreq:000000000000029c $d
     /tmp/ccP6ezea.s:766    .text.HAL_RCCEx_GetPeriphCLKFreq:00000000000002b0 $t
     /tmp/ccP6ezea.s:919    .text.HAL_RCCEx_GetPeriphCLKFreq:00000000000003f8 $d
     /tmp/ccP6ezea.s:925    .rodata:0000000000000000 $d

UNDEFINED SYMBOLS
HAL_GetTick
HAL_RCC_GetSysClockFreq
HAL_RCC_GetPCLK2Freq
HAL_RCC_GetPCLK1Freq
SystemCoreClock
