ARM GAS  /tmp/ccEw1uEx.s 			page 1


   1              		.cpu cortex-m4
   2              		.eabi_attribute 27, 1
   3              		.eabi_attribute 28, 1
   4              		.eabi_attribute 20, 1
   5              		.eabi_attribute 21, 1
   6              		.eabi_attribute 23, 3
   7              		.eabi_attribute 24, 1
   8              		.eabi_attribute 25, 1
   9              		.eabi_attribute 26, 1
  10              		.eabi_attribute 30, 1
  11              		.eabi_attribute 34, 1
  12              		.eabi_attribute 18, 4
  13              		.file	"stm32f3xx_hal_pwr_ex.c"
  14              		.text
  15              		.section	.text.HAL_PWR_ConfigPVD,"ax",%progbits
  16              		.align	1
  17              		.global	HAL_PWR_ConfigPVD
  18              		.arch armv7e-m
  19              		.syntax unified
  20              		.thumb
  21              		.thumb_func
  22              		.fpu fpv4-sp-d16
  24              	HAL_PWR_ConfigPVD:
  25              		@ args = 0, pretend = 0, frame = 0
  26              		@ frame_needed = 0, uses_anonymous_args = 0
  27              		@ link register save eliminated.
  28 0000 1E4A     		ldr	r2, .L6
  29 0002 1368     		ldr	r3, [r2]
  30 0004 23F0E003 		bic	r3, r3, #224
  31 0008 0168     		ldr	r1, [r0]
  32 000a 0B43     		orrs	r3, r3, r1
  33 000c 1360     		str	r3, [r2]
  34 000e 1C4B     		ldr	r3, .L6+4
  35 0010 5A68     		ldr	r2, [r3, #4]
  36 0012 22F48032 		bic	r2, r2, #65536
  37 0016 5A60     		str	r2, [r3, #4]
  38 0018 1A68     		ldr	r2, [r3]
  39 001a 22F48032 		bic	r2, r2, #65536
  40 001e 1A60     		str	r2, [r3]
  41 0020 9A68     		ldr	r2, [r3, #8]
  42 0022 22F48032 		bic	r2, r2, #65536
  43 0026 9A60     		str	r2, [r3, #8]
  44 0028 DA68     		ldr	r2, [r3, #12]
  45 002a 22F48032 		bic	r2, r2, #65536
  46 002e DA60     		str	r2, [r3, #12]
  47 0030 4368     		ldr	r3, [r0, #4]
  48 0032 13F4803F 		tst	r3, #65536
  49 0036 04D0     		beq	.L2
  50 0038 114A     		ldr	r2, .L6+4
  51 003a 1368     		ldr	r3, [r2]
  52 003c 43F48033 		orr	r3, r3, #65536
  53 0040 1360     		str	r3, [r2]
  54              	.L2:
  55 0042 4368     		ldr	r3, [r0, #4]
  56 0044 13F4003F 		tst	r3, #131072
  57 0048 04D0     		beq	.L3
  58 004a 0D4A     		ldr	r2, .L6+4
ARM GAS  /tmp/ccEw1uEx.s 			page 2


  59 004c 5368     		ldr	r3, [r2, #4]
  60 004e 43F48033 		orr	r3, r3, #65536
  61 0052 5360     		str	r3, [r2, #4]
  62              	.L3:
  63 0054 4368     		ldr	r3, [r0, #4]
  64 0056 13F0010F 		tst	r3, #1
  65 005a 04D0     		beq	.L4
  66 005c 084A     		ldr	r2, .L6+4
  67 005e 9368     		ldr	r3, [r2, #8]
  68 0060 43F48033 		orr	r3, r3, #65536
  69 0064 9360     		str	r3, [r2, #8]
  70              	.L4:
  71 0066 4368     		ldr	r3, [r0, #4]
  72 0068 13F0020F 		tst	r3, #2
  73 006c 04D0     		beq	.L1
  74 006e 044A     		ldr	r2, .L6+4
  75 0070 D368     		ldr	r3, [r2, #12]
  76 0072 43F48033 		orr	r3, r3, #65536
  77 0076 D360     		str	r3, [r2, #12]
  78              	.L1:
  79 0078 7047     		bx	lr
  80              	.L7:
  81 007a 00BF     		.align	2
  82              	.L6:
  83 007c 00700040 		.word	1073770496
  84 0080 00040140 		.word	1073808384
  86              		.section	.text.HAL_PWR_EnablePVD,"ax",%progbits
  87              		.align	1
  88              		.global	HAL_PWR_EnablePVD
  89              		.syntax unified
  90              		.thumb
  91              		.thumb_func
  92              		.fpu fpv4-sp-d16
  94              	HAL_PWR_EnablePVD:
  95              		@ args = 0, pretend = 0, frame = 0
  96              		@ frame_needed = 0, uses_anonymous_args = 0
  97              		@ link register save eliminated.
  98 0000 024A     		ldr	r2, .L9
  99 0002 1368     		ldr	r3, [r2]
 100 0004 43F01003 		orr	r3, r3, #16
 101 0008 1360     		str	r3, [r2]
 102 000a 7047     		bx	lr
 103              	.L10:
 104              		.align	2
 105              	.L9:
 106 000c 00700040 		.word	1073770496
 108              		.section	.text.HAL_PWR_DisablePVD,"ax",%progbits
 109              		.align	1
 110              		.global	HAL_PWR_DisablePVD
 111              		.syntax unified
 112              		.thumb
 113              		.thumb_func
 114              		.fpu fpv4-sp-d16
 116              	HAL_PWR_DisablePVD:
 117              		@ args = 0, pretend = 0, frame = 0
 118              		@ frame_needed = 0, uses_anonymous_args = 0
 119              		@ link register save eliminated.
ARM GAS  /tmp/ccEw1uEx.s 			page 3


 120 0000 024A     		ldr	r2, .L12
 121 0002 1368     		ldr	r3, [r2]
 122 0004 23F01003 		bic	r3, r3, #16
 123 0008 1360     		str	r3, [r2]
 124 000a 7047     		bx	lr
 125              	.L13:
 126              		.align	2
 127              	.L12:
 128 000c 00700040 		.word	1073770496
 130              		.section	.text.HAL_PWR_PVDCallback,"ax",%progbits
 131              		.align	1
 132              		.weak	HAL_PWR_PVDCallback
 133              		.syntax unified
 134              		.thumb
 135              		.thumb_func
 136              		.fpu fpv4-sp-d16
 138              	HAL_PWR_PVDCallback:
 139              		@ args = 0, pretend = 0, frame = 0
 140              		@ frame_needed = 0, uses_anonymous_args = 0
 141              		@ link register save eliminated.
 142 0000 7047     		bx	lr
 144              		.section	.text.HAL_PWR_PVD_IRQHandler,"ax",%progbits
 145              		.align	1
 146              		.global	HAL_PWR_PVD_IRQHandler
 147              		.syntax unified
 148              		.thumb
 149              		.thumb_func
 150              		.fpu fpv4-sp-d16
 152              	HAL_PWR_PVD_IRQHandler:
 153              		@ args = 0, pretend = 0, frame = 0
 154              		@ frame_needed = 0, uses_anonymous_args = 0
 155 0000 08B5     		push	{r3, lr}
 156 0002 064B     		ldr	r3, .L19
 157 0004 5B69     		ldr	r3, [r3, #20]
 158 0006 13F4803F 		tst	r3, #65536
 159 000a 00D1     		bne	.L18
 160              	.L15:
 161 000c 08BD     		pop	{r3, pc}
 162              	.L18:
 163 000e FFF7FEFF 		bl	HAL_PWR_PVDCallback
 164 0012 024B     		ldr	r3, .L19
 165 0014 4FF48032 		mov	r2, #65536
 166 0018 5A61     		str	r2, [r3, #20]
 167 001a F7E7     		b	.L15
 168              	.L20:
 169              		.align	2
 170              	.L19:
 171 001c 00040140 		.word	1073808384
 173              		.ident	"GCC: (15:9-2019-q4-0ubuntu1) 9.2.1 20191025 (release) [ARM/arm-9-branch revision 277599]"
ARM GAS  /tmp/ccEw1uEx.s 			page 4


DEFINED SYMBOLS
                            *ABS*:0000000000000000 stm32f3xx_hal_pwr_ex.c
     /tmp/ccEw1uEx.s:16     .text.HAL_PWR_ConfigPVD:0000000000000000 $t
     /tmp/ccEw1uEx.s:24     .text.HAL_PWR_ConfigPVD:0000000000000000 HAL_PWR_ConfigPVD
     /tmp/ccEw1uEx.s:83     .text.HAL_PWR_ConfigPVD:000000000000007c $d
     /tmp/ccEw1uEx.s:87     .text.HAL_PWR_EnablePVD:0000000000000000 $t
     /tmp/ccEw1uEx.s:94     .text.HAL_PWR_EnablePVD:0000000000000000 HAL_PWR_EnablePVD
     /tmp/ccEw1uEx.s:106    .text.HAL_PWR_EnablePVD:000000000000000c $d
     /tmp/ccEw1uEx.s:109    .text.HAL_PWR_DisablePVD:0000000000000000 $t
     /tmp/ccEw1uEx.s:116    .text.HAL_PWR_DisablePVD:0000000000000000 HAL_PWR_DisablePVD
     /tmp/ccEw1uEx.s:128    .text.HAL_PWR_DisablePVD:000000000000000c $d
     /tmp/ccEw1uEx.s:131    .text.HAL_PWR_PVDCallback:0000000000000000 $t
     /tmp/ccEw1uEx.s:138    .text.HAL_PWR_PVDCallback:0000000000000000 HAL_PWR_PVDCallback
     /tmp/ccEw1uEx.s:145    .text.HAL_PWR_PVD_IRQHandler:0000000000000000 $t
     /tmp/ccEw1uEx.s:152    .text.HAL_PWR_PVD_IRQHandler:0000000000000000 HAL_PWR_PVD_IRQHandler
     /tmp/ccEw1uEx.s:171    .text.HAL_PWR_PVD_IRQHandler:000000000000001c $d

NO UNDEFINED SYMBOLS
