ARM GAS  /tmp/cc8uCrPE.s 			page 1


   1              		.cpu cortex-m4
   2              		.eabi_attribute 27, 1
   3              		.eabi_attribute 28, 1
   4              		.eabi_attribute 20, 1
   5              		.eabi_attribute 21, 1
   6              		.eabi_attribute 23, 3
   7              		.eabi_attribute 24, 1
   8              		.eabi_attribute 25, 1
   9              		.eabi_attribute 26, 1
  10              		.eabi_attribute 30, 1
  11              		.eabi_attribute 34, 1
  12              		.eabi_attribute 18, 4
  13              		.file	"syscalls.c"
  14              		.text
  15              		.section	.text.initialise_monitor_handles,"ax",%progbits
  16              		.align	1
  17              		.global	initialise_monitor_handles
  18              		.arch armv7e-m
  19              		.syntax unified
  20              		.thumb
  21              		.thumb_func
  22              		.fpu fpv4-sp-d16
  24              	initialise_monitor_handles:
  25              		@ args = 0, pretend = 0, frame = 0
  26              		@ frame_needed = 0, uses_anonymous_args = 0
  27              		@ link register save eliminated.
  28 0000 7047     		bx	lr
  30              		.section	.text._getpid,"ax",%progbits
  31              		.align	1
  32              		.global	_getpid
  33              		.syntax unified
  34              		.thumb
  35              		.thumb_func
  36              		.fpu fpv4-sp-d16
  38              	_getpid:
  39              		@ args = 0, pretend = 0, frame = 0
  40              		@ frame_needed = 0, uses_anonymous_args = 0
  41              		@ link register save eliminated.
  42 0000 0120     		movs	r0, #1
  43 0002 7047     		bx	lr
  45              		.section	.text._kill,"ax",%progbits
  46              		.align	1
  47              		.global	_kill
  48              		.syntax unified
  49              		.thumb
  50              		.thumb_func
  51              		.fpu fpv4-sp-d16
  53              	_kill:
  54              		@ args = 0, pretend = 0, frame = 0
  55              		@ frame_needed = 0, uses_anonymous_args = 0
  56 0000 08B5     		push	{r3, lr}
  57 0002 FFF7FEFF 		bl	__errno
  58 0006 1623     		movs	r3, #22
  59 0008 0360     		str	r3, [r0]
  60 000a 4FF0FF30 		mov	r0, #-1
  61 000e 08BD     		pop	{r3, pc}
  63              		.section	.text._exit,"ax",%progbits
ARM GAS  /tmp/cc8uCrPE.s 			page 2


  64              		.align	1
  65              		.global	_exit
  66              		.syntax unified
  67              		.thumb
  68              		.thumb_func
  69              		.fpu fpv4-sp-d16
  71              	_exit:
  72              		@ Volatile: function does not return.
  73              		@ args = 0, pretend = 0, frame = 0
  74              		@ frame_needed = 0, uses_anonymous_args = 0
  75 0000 08B5     		push	{r3, lr}
  76 0002 4FF0FF31 		mov	r1, #-1
  77 0006 FFF7FEFF 		bl	_kill
  78              	.L6:
  79 000a FEE7     		b	.L6
  81              		.section	.text._read,"ax",%progbits
  82              		.align	1
  83              		.weak	_read
  84              		.syntax unified
  85              		.thumb
  86              		.thumb_func
  87              		.fpu fpv4-sp-d16
  89              	_read:
  90              		@ args = 0, pretend = 0, frame = 0
  91              		@ frame_needed = 0, uses_anonymous_args = 0
  92 0000 70B5     		push	{r4, r5, r6, lr}
  93 0002 0C46     		mov	r4, r1
  94 0004 1646     		mov	r6, r2
  95 0006 0025     		movs	r5, #0
  96              	.L9:
  97 0008 B542     		cmp	r5, r6
  98 000a 07DA     		bge	.L12
  99 000c FFF7FEFF 		bl	__io_getchar
 100 0010 2146     		mov	r1, r4
 101 0012 01F8010B 		strb	r0, [r1], #1
 102 0016 0135     		adds	r5, r5, #1
 103 0018 0C46     		mov	r4, r1
 104 001a F5E7     		b	.L9
 105              	.L12:
 106 001c 3046     		mov	r0, r6
 107 001e 70BD     		pop	{r4, r5, r6, pc}
 109              		.section	.text._write,"ax",%progbits
 110              		.align	1
 111              		.weak	_write
 112              		.syntax unified
 113              		.thumb
 114              		.thumb_func
 115              		.fpu fpv4-sp-d16
 117              	_write:
 118              		@ args = 0, pretend = 0, frame = 0
 119              		@ frame_needed = 0, uses_anonymous_args = 0
 120 0000 70B5     		push	{r4, r5, r6, lr}
 121 0002 0C46     		mov	r4, r1
 122 0004 1646     		mov	r6, r2
 123 0006 0025     		movs	r5, #0
 124              	.L14:
 125 0008 B542     		cmp	r5, r6
ARM GAS  /tmp/cc8uCrPE.s 			page 3


 126 000a 05DA     		bge	.L17
 127 000c 14F8010B 		ldrb	r0, [r4], #1	@ zero_extendqisi2
 128 0010 FFF7FEFF 		bl	__io_putchar
 129 0014 0135     		adds	r5, r5, #1
 130 0016 F7E7     		b	.L14
 131              	.L17:
 132 0018 3046     		mov	r0, r6
 133 001a 70BD     		pop	{r4, r5, r6, pc}
 135              		.section	.text._close,"ax",%progbits
 136              		.align	1
 137              		.global	_close
 138              		.syntax unified
 139              		.thumb
 140              		.thumb_func
 141              		.fpu fpv4-sp-d16
 143              	_close:
 144              		@ args = 0, pretend = 0, frame = 0
 145              		@ frame_needed = 0, uses_anonymous_args = 0
 146              		@ link register save eliminated.
 147 0000 4FF0FF30 		mov	r0, #-1
 148 0004 7047     		bx	lr
 150              		.section	.text._fstat,"ax",%progbits
 151              		.align	1
 152              		.global	_fstat
 153              		.syntax unified
 154              		.thumb
 155              		.thumb_func
 156              		.fpu fpv4-sp-d16
 158              	_fstat:
 159              		@ args = 0, pretend = 0, frame = 0
 160              		@ frame_needed = 0, uses_anonymous_args = 0
 161              		@ link register save eliminated.
 162 0000 4FF40053 		mov	r3, #8192
 163 0004 4B60     		str	r3, [r1, #4]
 164 0006 0020     		movs	r0, #0
 165 0008 7047     		bx	lr
 167              		.section	.text._isatty,"ax",%progbits
 168              		.align	1
 169              		.global	_isatty
 170              		.syntax unified
 171              		.thumb
 172              		.thumb_func
 173              		.fpu fpv4-sp-d16
 175              	_isatty:
 176              		@ args = 0, pretend = 0, frame = 0
 177              		@ frame_needed = 0, uses_anonymous_args = 0
 178              		@ link register save eliminated.
 179 0000 0120     		movs	r0, #1
 180 0002 7047     		bx	lr
 182              		.section	.text._lseek,"ax",%progbits
 183              		.align	1
 184              		.global	_lseek
 185              		.syntax unified
 186              		.thumb
 187              		.thumb_func
 188              		.fpu fpv4-sp-d16
 190              	_lseek:
ARM GAS  /tmp/cc8uCrPE.s 			page 4


 191              		@ args = 0, pretend = 0, frame = 0
 192              		@ frame_needed = 0, uses_anonymous_args = 0
 193              		@ link register save eliminated.
 194 0000 0020     		movs	r0, #0
 195 0002 7047     		bx	lr
 197              		.section	.text._open,"ax",%progbits
 198              		.align	1
 199              		.global	_open
 200              		.syntax unified
 201              		.thumb
 202              		.thumb_func
 203              		.fpu fpv4-sp-d16
 205              	_open:
 206              		@ args = 4, pretend = 12, frame = 0
 207              		@ frame_needed = 0, uses_anonymous_args = 1
 208              		@ link register save eliminated.
 209 0000 0EB4     		push	{r1, r2, r3}
 210 0002 4FF0FF30 		mov	r0, #-1
 211 0006 03B0     		add	sp, sp, #12
 212 0008 7047     		bx	lr
 214              		.section	.text._wait,"ax",%progbits
 215              		.align	1
 216              		.global	_wait
 217              		.syntax unified
 218              		.thumb
 219              		.thumb_func
 220              		.fpu fpv4-sp-d16
 222              	_wait:
 223              		@ args = 0, pretend = 0, frame = 0
 224              		@ frame_needed = 0, uses_anonymous_args = 0
 225 0000 08B5     		push	{r3, lr}
 226 0002 FFF7FEFF 		bl	__errno
 227 0006 0A23     		movs	r3, #10
 228 0008 0360     		str	r3, [r0]
 229 000a 4FF0FF30 		mov	r0, #-1
 230 000e 08BD     		pop	{r3, pc}
 232              		.section	.text._unlink,"ax",%progbits
 233              		.align	1
 234              		.global	_unlink
 235              		.syntax unified
 236              		.thumb
 237              		.thumb_func
 238              		.fpu fpv4-sp-d16
 240              	_unlink:
 241              		@ args = 0, pretend = 0, frame = 0
 242              		@ frame_needed = 0, uses_anonymous_args = 0
 243 0000 08B5     		push	{r3, lr}
 244 0002 FFF7FEFF 		bl	__errno
 245 0006 0223     		movs	r3, #2
 246 0008 0360     		str	r3, [r0]
 247 000a 4FF0FF30 		mov	r0, #-1
 248 000e 08BD     		pop	{r3, pc}
 250              		.section	.text._times,"ax",%progbits
 251              		.align	1
 252              		.global	_times
 253              		.syntax unified
 254              		.thumb
ARM GAS  /tmp/cc8uCrPE.s 			page 5


 255              		.thumb_func
 256              		.fpu fpv4-sp-d16
 258              	_times:
 259              		@ args = 0, pretend = 0, frame = 0
 260              		@ frame_needed = 0, uses_anonymous_args = 0
 261              		@ link register save eliminated.
 262 0000 4FF0FF30 		mov	r0, #-1
 263 0004 7047     		bx	lr
 265              		.section	.text._stat,"ax",%progbits
 266              		.align	1
 267              		.global	_stat
 268              		.syntax unified
 269              		.thumb
 270              		.thumb_func
 271              		.fpu fpv4-sp-d16
 273              	_stat:
 274              		@ args = 0, pretend = 0, frame = 0
 275              		@ frame_needed = 0, uses_anonymous_args = 0
 276              		@ link register save eliminated.
 277 0000 4FF40053 		mov	r3, #8192
 278 0004 4B60     		str	r3, [r1, #4]
 279 0006 0020     		movs	r0, #0
 280 0008 7047     		bx	lr
 282              		.section	.text._link,"ax",%progbits
 283              		.align	1
 284              		.global	_link
 285              		.syntax unified
 286              		.thumb
 287              		.thumb_func
 288              		.fpu fpv4-sp-d16
 290              	_link:
 291              		@ args = 0, pretend = 0, frame = 0
 292              		@ frame_needed = 0, uses_anonymous_args = 0
 293 0000 08B5     		push	{r3, lr}
 294 0002 FFF7FEFF 		bl	__errno
 295 0006 1F23     		movs	r3, #31
 296 0008 0360     		str	r3, [r0]
 297 000a 4FF0FF30 		mov	r0, #-1
 298 000e 08BD     		pop	{r3, pc}
 300              		.section	.text._fork,"ax",%progbits
 301              		.align	1
 302              		.global	_fork
 303              		.syntax unified
 304              		.thumb
 305              		.thumb_func
 306              		.fpu fpv4-sp-d16
 308              	_fork:
 309              		@ args = 0, pretend = 0, frame = 0
 310              		@ frame_needed = 0, uses_anonymous_args = 0
 311 0000 08B5     		push	{r3, lr}
 312 0002 FFF7FEFF 		bl	__errno
 313 0006 0B23     		movs	r3, #11
 314 0008 0360     		str	r3, [r0]
 315 000a 4FF0FF30 		mov	r0, #-1
 316 000e 08BD     		pop	{r3, pc}
 318              		.section	.text._execve,"ax",%progbits
 319              		.align	1
ARM GAS  /tmp/cc8uCrPE.s 			page 6


 320              		.global	_execve
 321              		.syntax unified
 322              		.thumb
 323              		.thumb_func
 324              		.fpu fpv4-sp-d16
 326              	_execve:
 327              		@ args = 0, pretend = 0, frame = 0
 328              		@ frame_needed = 0, uses_anonymous_args = 0
 329 0000 08B5     		push	{r3, lr}
 330 0002 FFF7FEFF 		bl	__errno
 331 0006 0C23     		movs	r3, #12
 332 0008 0360     		str	r3, [r0]
 333 000a 4FF0FF30 		mov	r0, #-1
 334 000e 08BD     		pop	{r3, pc}
 336              		.global	environ
 337              		.global	__env
 338              		.section	.bss.__env,"aw",%nobits
 339              		.align	2
 342              	__env:
 343 0000 00000000 		.space	4
 344              		.section	.data.environ,"aw"
 345              		.align	2
 348              	environ:
 349 0000 00000000 		.word	__env
 350              		.weak	__io_putchar
 351              		.weak	__io_getchar
 352              		.ident	"GCC: (15:9-2019-q4-0ubuntu1) 9.2.1 20191025 (release) [ARM/arm-9-branch revision 277599]"
ARM GAS  /tmp/cc8uCrPE.s 			page 7


DEFINED SYMBOLS
                            *ABS*:0000000000000000 syscalls.c
     /tmp/cc8uCrPE.s:16     .text.initialise_monitor_handles:0000000000000000 $t
     /tmp/cc8uCrPE.s:24     .text.initialise_monitor_handles:0000000000000000 initialise_monitor_handles
     /tmp/cc8uCrPE.s:31     .text._getpid:0000000000000000 $t
     /tmp/cc8uCrPE.s:38     .text._getpid:0000000000000000 _getpid
     /tmp/cc8uCrPE.s:46     .text._kill:0000000000000000 $t
     /tmp/cc8uCrPE.s:53     .text._kill:0000000000000000 _kill
     /tmp/cc8uCrPE.s:64     .text._exit:0000000000000000 $t
     /tmp/cc8uCrPE.s:71     .text._exit:0000000000000000 _exit
     /tmp/cc8uCrPE.s:82     .text._read:0000000000000000 $t
     /tmp/cc8uCrPE.s:89     .text._read:0000000000000000 _read
     /tmp/cc8uCrPE.s:110    .text._write:0000000000000000 $t
     /tmp/cc8uCrPE.s:117    .text._write:0000000000000000 _write
     /tmp/cc8uCrPE.s:136    .text._close:0000000000000000 $t
     /tmp/cc8uCrPE.s:143    .text._close:0000000000000000 _close
     /tmp/cc8uCrPE.s:151    .text._fstat:0000000000000000 $t
     /tmp/cc8uCrPE.s:158    .text._fstat:0000000000000000 _fstat
     /tmp/cc8uCrPE.s:168    .text._isatty:0000000000000000 $t
     /tmp/cc8uCrPE.s:175    .text._isatty:0000000000000000 _isatty
     /tmp/cc8uCrPE.s:183    .text._lseek:0000000000000000 $t
     /tmp/cc8uCrPE.s:190    .text._lseek:0000000000000000 _lseek
     /tmp/cc8uCrPE.s:198    .text._open:0000000000000000 $t
     /tmp/cc8uCrPE.s:205    .text._open:0000000000000000 _open
     /tmp/cc8uCrPE.s:215    .text._wait:0000000000000000 $t
     /tmp/cc8uCrPE.s:222    .text._wait:0000000000000000 _wait
     /tmp/cc8uCrPE.s:233    .text._unlink:0000000000000000 $t
     /tmp/cc8uCrPE.s:240    .text._unlink:0000000000000000 _unlink
     /tmp/cc8uCrPE.s:251    .text._times:0000000000000000 $t
     /tmp/cc8uCrPE.s:258    .text._times:0000000000000000 _times
     /tmp/cc8uCrPE.s:266    .text._stat:0000000000000000 $t
     /tmp/cc8uCrPE.s:273    .text._stat:0000000000000000 _stat
     /tmp/cc8uCrPE.s:283    .text._link:0000000000000000 $t
     /tmp/cc8uCrPE.s:290    .text._link:0000000000000000 _link
     /tmp/cc8uCrPE.s:301    .text._fork:0000000000000000 $t
     /tmp/cc8uCrPE.s:308    .text._fork:0000000000000000 _fork
     /tmp/cc8uCrPE.s:319    .text._execve:0000000000000000 $t
     /tmp/cc8uCrPE.s:326    .text._execve:0000000000000000 _execve
     /tmp/cc8uCrPE.s:348    .data.environ:0000000000000000 environ
     /tmp/cc8uCrPE.s:342    .bss.__env:0000000000000000 __env
     /tmp/cc8uCrPE.s:339    .bss.__env:0000000000000000 $d
     /tmp/cc8uCrPE.s:345    .data.environ:0000000000000000 $d

UNDEFINED SYMBOLS
__errno
__io_getchar
__io_putchar
