ARM GAS  /tmp/ccZZG95g.s 			page 1


   1              		.cpu cortex-m4
   2              		.eabi_attribute 27, 1
   3              		.eabi_attribute 28, 1
   4              		.eabi_attribute 20, 1
   5              		.eabi_attribute 21, 1
   6              		.eabi_attribute 23, 3
   7              		.eabi_attribute 24, 1
   8              		.eabi_attribute 25, 1
   9              		.eabi_attribute 26, 1
  10              		.eabi_attribute 30, 1
  11              		.eabi_attribute 34, 1
  12              		.eabi_attribute 18, 4
  13              		.file	"system_stm32f3xx.c"
  14              		.text
  15              		.section	.text.SystemInit,"ax",%progbits
  16              		.align	1
  17              		.global	SystemInit
  18              		.arch armv7e-m
  19              		.syntax unified
  20              		.thumb
  21              		.thumb_func
  22              		.fpu fpv4-sp-d16
  24              	SystemInit:
  25              		@ args = 0, pretend = 0, frame = 0
  26              		@ frame_needed = 0, uses_anonymous_args = 0
  27              		@ link register save eliminated.
  28 0000 034A     		ldr	r2, .L2
  29 0002 D2F88830 		ldr	r3, [r2, #136]
  30 0006 43F47003 		orr	r3, r3, #15728640
  31 000a C2F88830 		str	r3, [r2, #136]
  32 000e 7047     		bx	lr
  33              	.L3:
  34              		.align	2
  35              	.L2:
  36 0010 00ED00E0 		.word	-536810240
  38              		.section	.text.SystemCoreClockUpdate,"ax",%progbits
  39              		.align	1
  40              		.global	SystemCoreClockUpdate
  41              		.syntax unified
  42              		.thumb
  43              		.thumb_func
  44              		.fpu fpv4-sp-d16
  46              	SystemCoreClockUpdate:
  47              		@ args = 0, pretend = 0, frame = 0
  48              		@ frame_needed = 0, uses_anonymous_args = 0
  49              		@ link register save eliminated.
  50 0000 1D4B     		ldr	r3, .L11
  51 0002 5B68     		ldr	r3, [r3, #4]
  52 0004 03F00C03 		and	r3, r3, #12
  53 0008 042B     		cmp	r3, #4
  54 000a 14D0     		beq	.L5
  55 000c 082B     		cmp	r3, #8
  56 000e 16D0     		beq	.L6
  57 0010 1BB1     		cbz	r3, .L10
  58 0012 1A4B     		ldr	r3, .L11+4
  59 0014 1A4A     		ldr	r2, .L11+8
  60 0016 1A60     		str	r2, [r3]
ARM GAS  /tmp/ccZZG95g.s 			page 2


  61 0018 02E0     		b	.L8
  62              	.L10:
  63 001a 184B     		ldr	r3, .L11+4
  64 001c 184A     		ldr	r2, .L11+8
  65 001e 1A60     		str	r2, [r3]
  66              	.L8:
  67 0020 154B     		ldr	r3, .L11
  68 0022 5B68     		ldr	r3, [r3, #4]
  69 0024 C3F30313 		ubfx	r3, r3, #4, #4
  70 0028 164A     		ldr	r2, .L11+12
  71 002a D15C     		ldrb	r1, [r2, r3]	@ zero_extendqisi2
  72 002c 134A     		ldr	r2, .L11+4
  73 002e 1368     		ldr	r3, [r2]
  74 0030 CB40     		lsrs	r3, r3, r1
  75 0032 1360     		str	r3, [r2]
  76 0034 7047     		bx	lr
  77              	.L5:
  78 0036 114B     		ldr	r3, .L11+4
  79 0038 114A     		ldr	r2, .L11+8
  80 003a 1A60     		str	r2, [r3]
  81 003c F0E7     		b	.L8
  82              	.L6:
  83 003e 0E4A     		ldr	r2, .L11
  84 0040 5368     		ldr	r3, [r2, #4]
  85 0042 5268     		ldr	r2, [r2, #4]
  86 0044 C3F38343 		ubfx	r3, r3, #18, #4
  87 0048 0233     		adds	r3, r3, #2
  88 004a 12F4803F 		tst	r2, #65536
  89 004e 05D1     		bne	.L9
  90 0050 0D4A     		ldr	r2, .L11+16
  91 0052 02FB03F3 		mul	r3, r2, r3
  92 0056 094A     		ldr	r2, .L11+4
  93 0058 1360     		str	r3, [r2]
  94 005a E1E7     		b	.L8
  95              	.L9:
  96 005c 064A     		ldr	r2, .L11
  97 005e D26A     		ldr	r2, [r2, #44]
  98 0060 02F00F02 		and	r2, r2, #15
  99 0064 0132     		adds	r2, r2, #1
 100 0066 0649     		ldr	r1, .L11+8
 101 0068 B1FBF2F2 		udiv	r2, r1, r2
 102 006c 03FB02F3 		mul	r3, r3, r2
 103 0070 024A     		ldr	r2, .L11+4
 104 0072 1360     		str	r3, [r2]
 105 0074 D4E7     		b	.L8
 106              	.L12:
 107 0076 00BF     		.align	2
 108              	.L11:
 109 0078 00100240 		.word	1073876992
 110 007c 00000000 		.word	.LANCHOR0
 111 0080 00127A00 		.word	8000000
 112 0084 00000000 		.word	.LANCHOR1
 113 0088 00093D00 		.word	4000000
 115              		.global	APBPrescTable
 116              		.global	AHBPrescTable
 117              		.global	SystemCoreClock
 118              		.section	.data.SystemCoreClock,"aw"
ARM GAS  /tmp/ccZZG95g.s 			page 3


 119              		.align	2
 120              		.set	.LANCHOR0,. + 0
 123              	SystemCoreClock:
 124 0000 00127A00 		.word	8000000
 125              		.section	.rodata.AHBPrescTable,"a"
 126              		.align	2
 127              		.set	.LANCHOR1,. + 0
 130              	AHBPrescTable:
 131 0000 00000000 		.ascii	"\000\000\000\000\000\000\000\000\001\002\003\004\006"
 131      00000000 
 131      01020304 
 131      06
 132 000d 070809   		.ascii	"\007\010\011"
 133              		.section	.rodata.APBPrescTable,"a"
 134              		.align	2
 137              	APBPrescTable:
 138 0000 00000000 		.ascii	"\000\000\000\000\001\002\003\004"
 138      01020304 
 139              		.ident	"GCC: (15:9-2019-q4-0ubuntu1) 9.2.1 20191025 (release) [ARM/arm-9-branch revision 277599]"
ARM GAS  /tmp/ccZZG95g.s 			page 4


DEFINED SYMBOLS
                            *ABS*:0000000000000000 system_stm32f3xx.c
     /tmp/ccZZG95g.s:16     .text.SystemInit:0000000000000000 $t
     /tmp/ccZZG95g.s:24     .text.SystemInit:0000000000000000 SystemInit
     /tmp/ccZZG95g.s:36     .text.SystemInit:0000000000000010 $d
     /tmp/ccZZG95g.s:39     .text.SystemCoreClockUpdate:0000000000000000 $t
     /tmp/ccZZG95g.s:46     .text.SystemCoreClockUpdate:0000000000000000 SystemCoreClockUpdate
     /tmp/ccZZG95g.s:109    .text.SystemCoreClockUpdate:0000000000000078 $d
     /tmp/ccZZG95g.s:137    .rodata.APBPrescTable:0000000000000000 APBPrescTable
     /tmp/ccZZG95g.s:130    .rodata.AHBPrescTable:0000000000000000 AHBPrescTable
     /tmp/ccZZG95g.s:123    .data.SystemCoreClock:0000000000000000 SystemCoreClock
     /tmp/ccZZG95g.s:119    .data.SystemCoreClock:0000000000000000 $d
     /tmp/ccZZG95g.s:126    .rodata.AHBPrescTable:0000000000000000 $d
     /tmp/ccZZG95g.s:134    .rodata.APBPrescTable:0000000000000000 $d

NO UNDEFINED SYMBOLS
